   (Message)
   (ChatDBG gdb) bt
   No stack.
   (Message)
   (ChatDBG gdb) info program
   The program being debugged is not being run.

   (Message)
   (ChatDBG gdb) code program.c:1
   1 /* abo3.c                                                    *
   2  * specially crafted to feed your brain by gera@core-sdi.com */
   3 
   4 /* This'll prepare you for The Next Step                     */

   (Message)
   (ChatDBG gdb) code program.c:20
   13      fn(argc[2]);
   14      exit(1);
   15 }

   (Message)
   (ChatDBG gdb) code program.c:8
    1 /* abo3.c                                                    *
    2  * specially crafted to feed your brain by gera@core-sdi.com */
    3 
    4 /* This'll prepare you for The Next Step                     */
    5 
    6 int main(int argv,char **argc) {
    7      extern system,puts;
    8      void (*fn)(char*)=(void(*)(char*))&system;
    9      char buf[256];
   10 
   11      fn=(void(*)(char*))&puts;

   (Message)
   (ChatDBG gdb) code program.c:12
    6 int main(int argv,char **argc) {
    7      extern system,puts;
    8      void (*fn)(char*)=(void(*)(char*))&system;
    9      char buf[256];
   10 
   11      fn=(void(*)(char*))&puts;
   12      strcpy(buf,argc[1]);
   13      fn(argc[2]);
   14      exit(1);
   15 }

   (Message)
   (ChatDBG gdb) run AAAAAAAAAAAAAAAAAAAAAAAAAAAAAAAAAAAAAAAAAAAAAAAAAAAAAAAAAAAAAAAAAAAAAAAAAAAAAAAAAAAAAAAAAAAAAAAAAAAAAAAAAAAAAAAAAAAAAAAAAAAAAAAAAAAAAAAAAAAAAAAAAAAAAAAAAAAAAAAAAAAAAAAAAAAAAAAAAAAAAAAAAAAAAAAAAAAAAAAAAAAAAAAAAAAAAAAAAAAAAAAAAAAAAAAAAAAAAAAAAAAAAAAAAAAAAAAAAAAAAAAAAAAAAAAAAAAAAAAAAAAAAAAAAAAAAAAAAAAAAAAAAAAAAAAAAAAAAAAAAAAAAAAAAAAAAAAAAAAAAAAAAAAAAAAAAAAAAAAAAAAAAAAAAAAAAAAAAAAAAAAAAAAAAAAAAAAAAAAAAAAAAAAAAAAAAAAAAAAAAAAAAAAAAAAAAAAAAAAAAAAAAAAAAAAAAAAAAAAAAAAAAAAAAAAAAAAAAAAAAAAAAAAAAAAAAAAAAAAAAAAAAAAAAAAAAAAAAAAAAAAAAAAAAAAAAAAAAAAAAAAAAAAAAAAAAAAAAAAAAAAAAAAAAAAAAAAAAAAAAAAAAAAAAAAAAAAAAAAA hello
   [Thread debugging using libthread_db enabled]
   Using host libthread_db library "/lib/x86_64-linux-gnu/libthread_db.so.1".
   [Detaching after fork from child process 9262]

   (Message)
   (ChatDBG gdb) break main
   Breakpoint 1 at 0x503832: file /root/chatdbgpro/bench/cases/external/crashbench-abo3/program.c, line 8.

   (Message)
   (ChatDBG gdb) run AAAAAAAAAAAAAAAAAAAAAAAAAAAAAAAAAAAAAAAAAAAAAAAAAAAAAAAAAAAAAAAAAAAAAAAAAAAAAAAAAAAAAAAAAAAAAAAAAAAAAAAAAAAAAAAAAAAAAAAAAAAAAAAAAAAAAAAAAAAAAAAAAAAAAAAAAAAAAAAAAAAAAAAAAAAAAAAAAAAAAAAAAAAAAAAAAAAAAAAAAAAAAAAAAAAAAAAAAAAAAAAAAAAAAAAAAAAAAAAAAAAAAAAAAAAAAAAAAAAAAAAAAAAAAAAAAAAAAAAAAAAAAAAAAAAAAAAAAAAAAAAAAAAAAAAAAAAAAAAAAAAAAAAAAAAAAAAAAAAAAAAAAAAAAAAAAAAAAAAAAAAAAAAAAAAAAAAAAAAAAAAAAAAAAAAAAAAAAAAAAAAAAAAAAAAAAAAAAAAAAAAAAAAAAAAAAAAAAAAAAAAAAAAAAAAAAAAAAAAAAAAAAAAAAAAAAAAAAAAAAAAAAAAAAAAAAAAAAAAAAAAAAAAAAAAAAAAAAAAAAAAAAAAAAAAAAAAAAAAAAAAAAAAAAAAAAAAAAAAAAAAAAAAAAAAAAAAAAAAAAAAAAAAAAAAAAAAAAAAA hello
   [Thread debugging using libthread_db enabled]
   Using host libthread_db library "/lib/x86_64-linux-gnu/libthread_db.so.1".

   (Message)
   (ChatDBG gdb) info program
   Last stopped for thread 1 (Thread 0x7ffff7e8c0c0 (LWP 9601)).
           Using the running image of child process 9601.
   Program stopped at 0x503832.
   It stopped at breakpoint 1.

   (Message)
   (ChatDBG gdb) bt
   #0  main (argv=3, argc=0x7fffffffdd58) at /root/chatdbgpro/bench/cases/external/crashbench-abo3/program.c:8

   (Message)
   (ChatDBG gdb) info locals
   fn = 0x1007ffff7e4a000
   buf = '\000' <repeats 255 times>

   (Message)
   (ChatDBG gdb) p/x &buf
   $1 = 0x7ffff5f00020

   (Message)
   (ChatDBG gdb) p/x &fn
   $2 = 0x7fffffffdbf0

   (Message)
   (ChatDBG gdb) next
   (Message)
   (ChatDBG gdb) info locals
   fn = 0x7ffff7c58750 <__libc_system>
   buf = '\000' <repeats 255 times>

   (Message)
   (ChatDBG gdb) next
   (Message)
   (ChatDBG gdb) info locals
   fn = 0x7ffff7c58750 <__libc_system>
   buf = '\000' <repeats 255 times>

   (Message)
   (ChatDBG gdb) list
   6       int main(int argv,char **argc) {
   7               extern system,puts; 
   8               void (*fn)(char*)=(void(*)(char*))&system;
   9               char buf[256];
   10      
   11              fn=(void(*)(char*))&puts;
   12              strcpy(buf,argc[1]);
   13              fn(argc[2]);
   14              exit(1);
   15      }

   (Message)
   (ChatDBG gdb) p/x fn
   $3 = 0x7ffff7c58750

   (Message)
   (ChatDBG gdb) p puts
   $4 = {<text variable, no debug info>} 0x44109a <puts>

   (Message)
   (ChatDBG gdb) disassemble /m main
   Dump of assembler code for function main:
   6       int main(int argv,char **argc) {
      0x0000000000503730 <+0>:     push   %rbp
      0x0000000000503731 <+1>:     mov    %rsp,%rbp
      0x0000000000503734 <+4>:     push   %rbx
      0x0000000000503735 <+5>:     and    $0xffffffffffffffe0,%rsp
      0x0000000000503739 <+9>:     sub    $0x80,%rsp
      0x0000000000503740 <+16>:    mov    %rsp,%rbx
      0x0000000000503743 <+19>:    mov    %edi,0x60(%rbx)
      0x0000000000503746 <+22>:    mov    %rsi,0x58(%rbx)
      0x000000000050374a <+26>:    xor    %eax,%eax
      0x000000000050374c <+28>:    mov    $0x5502f0,%rcx
      0x0000000000503753 <+35>:    cmpl   $0x0,(%rcx)
      0x0000000000503756 <+38>:    mov    %rax,0x38(%rbx)
      0x000000000050375a <+42>:    je     0x50376e <main+62>
      0x0000000000503760 <+48>:    mov    $0x160,%edi
      0x0000000000503765 <+53>:    call   0x439f20 <__asan_stack_malloc_3>
      0x000000000050376a <+58>:    mov    %rax,0x38(%rbx)
      0x000000000050376e <+62>:    mov    0x38(%rbx),%rax
      0x0000000000503772 <+66>:    cmp    $0x0,%rax
      0x0000000000503776 <+70>:    mov    %rax,0x30(%rbx)
      0x000000000050377a <+74>:    jne    0x503794 <main+100>
      0x0000000000503780 <+80>:    mov    %rsp,%rax
      0x0000000000503783 <+83>:    add    $0xfffffffffffffea0,%rax
      0x0000000000503789 <+89>:    and    $0xffffffffffffffe0,%rax
      0x000000000050378d <+93>:    mov    %rax,%rsp
      0x0000000000503790 <+96>:    mov    %rax,0x30(%rbx)
      0x0000000000503794 <+100>:   mov    0x30(%rbx),%rax
      0x0000000000503798 <+104>:   mov    %rax,0x48(%rbx)
      0x000000000050379c <+108>:   mov    %rax,%rcx
      0x000000000050379f <+111>:   add    $0x20,%rcx
      0x00000000005037a3 <+115>:   mov    %rcx,0x18(%rbx)
      0x00000000005037a7 <+119>:   movq   $0x41b58ab3,(%rax)
      0x00000000005037ae <+126>:   lea    0x12bbb(%rip),%rcx        # 0x516370
      0x00000000005037b5 <+133>:   mov    %rcx,0x8(%rax)
      0x00000000005037b9 <+137>:   lea    -0x90(%rip),%rcx        # 0x503730 <main>
      0x00000000005037c0 <+144>:   mov    %rcx,0x10(%rax)
      0x00000000005037c4 <+148>:   shr    $0x3,%rax
      0x00000000005037c8 <+152>:   mov    %rax,0x20(%rbx)
      0x00000000005037cc <+156>:   movabs $0xf8f8f8f8f1f1f1f1,%rcx
      0x00000000005037d6 <+166>:   mov    %rcx,0x7fff8000(%rax)
      0x00000000005037dd <+173>:   movabs $0xf8f8f8f8f8f8f8f8,%rcx
      0x00000000005037e7 <+183>:   mov    %rcx,0x7fff8008(%rax)
      0x00000000005037ee <+190>:   movabs $0xf8f8f8f8f8f8f8f8,%rcx
      0x00000000005037f8 <+200>:   mov    %rcx,0x7fff8010(%rax)
      0x00000000005037ff <+207>:   movabs $0xf8f8f8f8f8f8f8f8,%rcx
      0x0000000000503809 <+217>:   mov    %rcx,0x7fff8018(%rax)
      0x0000000000503810 <+224>:   movabs $0xf3f3f3f3f8f8f8f8,%rcx
      0x000000000050381a <+234>:   mov    %rcx,0x7fff8020(%rax)
      0x0000000000503821 <+241>:   movl   $0xf3f3f3f3,0x7fff8028(%rax)
      0x000000000050382b <+251>:   movl   $0x0,0x64(%rbx)
   
   7               extern system,puts; 
   8               void (*fn)(char*)=(void(*)(char*))&system;
      0x0000000000503832 <+258>:   mov    0x3873f(%rip),%rcx        # 0x53bf78
      0x0000000000503839 <+265>:   mov    %rcx,0x50(%rbx)
   
   9               char buf[256];
      0x000000000050383d <+269>:   movq   $0x0,0x7fff8004(%rax)
      0x0000000000503848 <+280>:   movq   $0x0,0x7fff800c(%rax)
      0x0000000000503853 <+291>:   movq   $0x0,0x7fff8014(%rax)
      0x000000000050385e <+302>:   movq   $0x0,0x7fff801c(%rax)
   
   10      
   11              fn=(void(*)(char*))&puts;
   => 0x0000000000503869 <+313>:   mov    $0x44109a,%rax
      0x0000000000503870 <+320>:   mov    %rax,0x50(%rbx)
   
   12              strcpy(buf,argc[1]);
      0x0000000000503874 <+324>:   mov    0x58(%rbx),%rax
      0x0000000000503878 <+328>:   add    $0x8,%rax
      0x000000000050387c <+332>:   mov    %rax,0x28(%rbx)
      0x0000000000503880 <+336>:   shr    $0x3,%rax
      0x0000000000503884 <+340>:   cmpb   $0x0,0x7fff8000(%rax)
      0x000000000050388b <+347>:   je     0x50389a <main+362>
      0x0000000000503891 <+353>:   mov    0x28(%rbx),%rdi
      0x0000000000503895 <+357>:   call   0x4cdda0 <__asan_report_load8>
      0x000000000050389a <+362>:   mov    0x18(%rbx),%rdi
      0x000000000050389e <+366>:   mov    0x28(%rbx),%rax
      0x00000000005038a2 <+370>:   mov    (%rax),%rsi
      0x00000000005038a5 <+373>:   call   0x4418f6 <strcpy>
   
   13              fn(argc[2]);
      0x00000000005038aa <+378>:   mov    0x50(%rbx),%rax
      0x00000000005038ae <+382>:   mov    %rax,0x8(%rbx)
      0x00000000005038b2 <+386>:   mov    0x58(%rbx),%rax
      0x00000000005038b6 <+390>:   add    $0x10,%rax
      0x00000000005038ba <+394>:   mov    %rax,0x10(%rbx)
      0x00000000005038be <+398>:   shr    $0x3,%rax
      0x00000000005038c2 <+402>:   cmpb   $0x0,0x7fff8000(%rax)
      0x00000000005038c9 <+409>:   je     0x5038d8 <main+424>
      0x00000000005038cf <+415>:   mov    0x10(%rbx),%rdi
      0x00000000005038d3 <+419>:   call   0x4cdda0 <__asan_report_load8>
      0x00000000005038d8 <+424>:   mov    0x8(%rbx),%rax
      0x00000000005038dc <+428>:   mov    0x10(%rbx),%rcx
      0x00000000005038e0 <+432>:   mov    (%rcx),%rdi
      0x00000000005038e3 <+435>:   call   *%rax
   
   14              exit(1);
      0x00000000005038e5 <+437>:   call   0x4cf340 <__asan_handle_no_return>
      0x00000000005038ea <+442>:   mov    $0x1,%edi
      0x00000000005038ef <+447>:   call   0x42a0c0 <exit@plt>
   
   End of assembler dump.

   (Message)
   (ChatDBG gdb) next
   (Message)
   (ChatDBG gdb) p/x fn
   $5 = 0x44109a

   (Message)
   (ChatDBG gdb) p strlen(argc[1])
   'strlen' has unknown return type; cast the call to its declared return type
   (Message)
   (ChatDBG gdb) p (unsigned long)strlen(argc[1])
   $6 = 600

   (Message)
   (ChatDBG gdb) p argc[1]
   $7 = 0x7fffffffe0e5 'A' <repeats 200 times>...

   (Message)
   (ChatDBG gdb) next
   [Detaching after fork from child process 13051]

   (Message)
   (ChatDBG gdb) info program
   The program being debugged is not being run.

   (Message)
   (ChatDBG gdb) break program.c:13
   Breakpoint 2 at 0x5038aa: file /root/chatdbgpro/bench/cases/external/crashbench-abo3/program.c, line 13.

   (Message)
   (ChatDBG gdb) set disable-randomization off
   (Message)
   (ChatDBG gdb) run AAAAAAAAAAAAAAAAAAAAAAAAAAAAAAAAAAAAAAAAAAAAAAAAAAAAAAAAAAAAAAAAAAAAAAAAAAAAAAAAAAAAAAAAAAAAAAAAAAAAAAAAAAAAAAAAAAAAAAAAAAAAAAAAAAAAAAAAAAAAAAAAAAAAAAAAAAAAAAAAAAAAAAAAAAAAAAAAAAAAAAAAAAAAAAAAAAAAAAAAAAAAAAAAAAAAAAAAAAAAAAAAAAAAAAAAAAAAAAAAAAAAAAAAAAAAAAAAAAAAAAAAAAAAAAAAAAAAAAAAAAAAAAAAAAAAAAAAAAAAAAAAAAAAAAAAAAAAAAAAAAAAAAAAAAAAAAAAAAAAAAAAAAAAAAAAAAAAAAAAAAAAAAAAAAAAAAAAAAAAAAAAAAAAAAAAAAAAAAAAAAAAAAAAAAAAAAAAAAAAAAAAAAAAAAAAAAAAAAAAAAAAAAAAAAAAAAAAAAAAAAAAAAAAAAAAAAAAAAAAAAAAAAAAAAAAAAAAAAAAAAAAAAAAAAAAAAAAAAAAAAAAAAAAAAAAAAAAAAAAAAAAAAAAAAAAAAAAAAAAAAAAAAAAAAAAAAAAAAAAAAAAAAAAAAAAAAAAAAAA hello
   [Thread debugging using libthread_db enabled]
   Using host libthread_db library "/lib/x86_64-linux-gnu/libthread_db.so.1".

   (Message)
   (ChatDBG gdb) bt
   #0  main (argv=3, argc=0x7ffcdd927858) at /root/chatdbgpro/bench/cases/external/crashbench-abo3/program.c:8

   (Message)
   (ChatDBG gdb) info break
   Num     Type           Disp Enb Address            What
   1       breakpoint     keep y   0x0000000000503832 in main at /root/chatdbgpro/bench/cases/external/crashbench-abo3/program.c:8
           breakpoint already hit 1 time
   2       breakpoint     keep y   0x00000000005038aa in main at /root/chatdbgpro/bench/cases/external/crashbench-abo3/program.c:13

   (Message)
   (ChatDBG gdb) continue
   [Detaching after fork from child process 14745]

   (Message)
   (ChatDBG gdb) set follow-fork-mode parent
   (Message)
   (ChatDBG gdb) set detach-on-fork on
   (Message)
   (ChatDBG gdb) set follow-exec-mode same
   (Message)
   (ChatDBG gdb) show follow-fork-mode
   Debugger response to a program call of fork or vfork is "parent".

   (Message)
   (ChatDBG gdb) disable 1
   (Message)
   (ChatDBG gdb) run AAAAAAAAAAAAAAAAAAAAAAAAAAAAAAAAAAAAAAAAAAAAAAAAAAAAAAAAAAAAAAAAAAAAAAAAAAAAAAAAAAAAAAAAAAAAAAAAAAAAAAAAAAAAAAAAAAAAAAAAAAAAAAAAAAAAAAAAAAAAAAAAAAAAAAAAAAAAAAAAAAAAAAAAAAAAAAAAAAAAAAAAAAAAAAAAAAAAAAAAAAAAAAAAAAAAAAAAAAAAAAAAAAAAAAAAAAAAAAAAAAAAAAAAAAAAAAAAAAAAAAAAAAAAAAAAAAAAAAAAAAAAAAAAAAAAAAAAAAAAAAAAAAAAAAAAAAAAAAAAAAAAAAAAAAAAAAAAAAAAAAAAAAAAAAAAAAAAAAAAAAAAAAAAAAAAAAAAAAAAAAAAAAAAAAAAAAAAAAAAAAAAAAAAAAAAAAAAAAAAAAAAAAAAAAAAAAAAAAAAAAAAAAAAAAAAAAAAAAAAAAAAAAAAAAAAAAAAAAAAAAAAAAAAAAAAAAAAAAAAAAAAAAAAAAAAAAAAAAAAAAAAAAAAAAAAAAAAAAAAAAAAAAAAAAAAAAAAAAAAAAAAAAAAAAAAAAAAAAAAAAAAAAAAAAAAAAAAAAAA hello
   [Thread debugging using libthread_db enabled]
   Using host libthread_db library "/lib/x86_64-linux-gnu/libthread_db.so.1".
   [Detaching after fork from child process 16481]

   (Message)
   (ChatDBG gdb) info program
   The program being debugged is not being run.

   (Message)
   (ChatDBG gdb) info break
   Num     Type           Disp Enb Address            What
   1       breakpoint     keep n   0x0000000000503832 in main at /root/chatdbgpro/bench/cases/external/crashbench-abo3/program.c:8
   2       breakpoint     keep y   0x00000000005038aa in main at /root/chatdbgpro/bench/cases/external/crashbench-abo3/program.c:13

   (Message)
   (ChatDBG gdb) enable 1
   (Message)
   (ChatDBG gdb) run AAAAAAAAAAAAAAAAAAAAAAAAAAAAAAAAAAAAAAAAAAAAAAAAAAAAAAAAAAAAAAAAAAAAAAAAAAAAAAAAAAAAAAAAAAAAAAAAAAAAAAAAAAAAAAAAAAAAAAAAAAAAAAAAAAAAAAAAAAAAAAAAAAAAAAAAAAAAAAAAAAAAAAAAAAAAAAAAAAAAAAAAAAAAAAAAAAAAAAAAAAAAAAAAAAAAAAAAAAAAAAAAAAAAAAAAAAAAAAAAAAAAAAAAAAAAAAAAAAAAAAAAAAAAAAAAAAAAAAAAAAAAAAAAAAAAAAAAAAAAAAAAAAAAAAAAAAAAAAAAAAAAAAAAAAAAAAAAAAAAAAAAAAAAAAAAAAAAAAAAAAAAAAAAAAAAAAAAAAAAAAAAAAAAAAAAAAAAAAAAAAAAAAAAAAAAAAAAAAAAAAAAAAAAAAAAAAAAAAAAAAAAAAAAAAAAAAAAAAAAAAAAAAAAAAAAAAAAAAAAAAAAAAAAAAAAAAAAAAAAAAAAAAAAAAAAAAAAAAAAAAAAAAAAAAAAAAAAAAAAAAAAAAAAAAAAAAAAAAAAAAAAAAAAAAAAAAAAAAAAAAAAAAAAAAAAAAAAAAAA hello
   [Thread debugging using libthread_db enabled]
   Using host libthread_db library "/lib/x86_64-linux-gnu/libthread_db.so.1".

   (Message)
   (ChatDBG gdb) p/x &buf
   $8 = 0x7e338fb00020

   (Message)
   (ChatDBG gdb) p/x &fn
   $9 = 0x7ffc431e1d70

   (Message)
   (ChatDBG gdb) p/x $rbx
   $10 = 0x7ffc431e1d20

   (Message)
   (ChatDBG gdb) p/x *(void**)($rbx+0x50)
   $11 = 0x1007e3391ab0000

   (Message)
   (ChatDBG gdb) p/x (char*)$rbx+0x50
   $12 = 0x7ffc431e1d70

   (Message)
   (ChatDBG gdb) p/x (char*)$rbx+0x20
   $13 = 0x7ffc431e1d40

   (Message)
   (ChatDBG gdb) next
   (Message)
   (ChatDBG gdb) p/x fn
   $14 = 0x7e3391858750

   (Message)
   (ChatDBG gdb) next
   (Message)
   (ChatDBG gdb) p/x fn
   $15 = 0x7e3391858750

   (Message)
   (ChatDBG gdb) x/i $pc
   => 0x503869 <main+313>: mov    $0x44109a,%rax

   (Message)
   (ChatDBG gdb) nexti
   (Message)
   (ChatDBG gdb) nexti
   (Message)
   (ChatDBG gdb) p/x fn
   $16 = 0x44109a

   (Message)
   (ChatDBG gdb) p/x *(void**)($rbx+0x50)
   $17 = 0x44109a

   (Message)
   (ChatDBG gdb) watch *(void**)($rbx+0x50)
   Watchpoint 3: *(void**)($rbx+0x50)

   (Message)
   (ChatDBG gdb) continue
   (Message)
   (ChatDBG gdb) info program
   Last stopped for thread 1 (Thread 0x7e3391af20c0 (LWP 17205)).
           Using the running image of child process 17205.
   Program stopped at 0x4ac89b.
   It stopped at breakpoint 3.

   (Message)
   (ChatDBG gdb) bt
   #0  0x00000000004ac89b in __interceptor_strcpy ()
   #1  0x00000000005038aa in main (argv=3, argc=0x7ffc431e1ed8) at /root/chatdbgpro/bench/cases/external/crashbench-abo3/program.c:12

   (Message)
   (ChatDBG gdb) p/x *(void**)($rbx+0x50)
   $18 = 0x4141414141414141

   (Message)
   (ChatDBG gdb) p/x $rbx
   $19 = 0x7ffc431e30e5

   (Message)
   (ChatDBG gdb) p/x *(void**)0x7ffc431e1d70
   $20 = 0x44109a

   (Message)
   (ChatDBG gdb) info registers rdi rsi rcx rdx rax pc
   rdi            0x7e338fb00020      138759919108128
   rsi            0x7ffc431e30e5      140721434538213
   rcx            0x7e3391858750      138759949879120
   rdx            0x0                 0
   rax            0x7ffc431e1ee0      140721434533600
   pc             0x4ac89b            0x4ac89b <__interceptor_strcpy+27>

   (Message)
   (ChatDBG gdb) frame 1
   (Message)
   (ChatDBG gdb) p/x &fn
   $21 = 0x7ffc431e1d70

   (Message)
   (ChatDBG gdb) p/x fn
   $22 = 0x44109a

   (Message)
   (ChatDBG gdb) p/x &buf
   $23 = 0x7e338fb00020

   (Message)
   (ChatDBG gdb) p/x (char*)(&buf)+256
   $24 = 0x7e338fb00120

   (Message)
   (ChatDBG gdb) continue
   (Message)
   (ChatDBG gdb) bt
   #0  0x00000000004cf2ae in __asan::TryAsanInitFromRtl() ()
   #1  0x00000000004ac8a3 in __interceptor_strcpy ()
   #2  0x00000000005038aa in main (argv=3, argc=0x7ffc431e1ed8) at /root/chatdbgpro/bench/cases/external/crashbench-abo3/program.c:12

   (Message)
   (ChatDBG gdb) continue
   (Message)
   (ChatDBG gdb) info program
   Last stopped for thread 1 (Thread 0x7e3391af20c0 (LWP 17205)).
           Using the running image of child process 17205.
   Program stopped at 0x4cf2b5.
   It stopped at breakpoint 3.

