Catchpoint 1 (exec)
Breakpoint 2 at 0x10580
Breakpoint 3 at 0xb4c0
Breakpoint 4 (__assert_fail) pending.
Breakpoint 5 at 0xb810
Breakpoint 6 (_exit) pending.

Breakpoint 5, 0x00001555551c8a40 in exit () from /lib/x86_64-linux-gnu/libc.so.6
   (Message)
   (ChatDBG gdb) info files
   Symbols from "/work/berry".
   Native process:
           Using the running image of child process 71.
           While running this, GDB does not access memory from...
   Local exec file:
           `/work/berry', file type elf64-x86-64.
           Entry point: 0x55555555fe30
           0x0000555555554318 - 0x0000555555554334 is .interp
           0x0000555555554338 - 0x0000555555554358 is .note.gnu.property
           0x0000555555554358 - 0x000055555555437c is .note.gnu.build-id
           0x000055555555437c - 0x000055555555439c is .note.ABI-tag
           0x00005555555543a0 - 0x0000555555554e54 is .gnu.hash
           0x0000555555554e58 - 0x0000555555557660 is .dynsym
           0x0000555555557660 - 0x0000555555558bc7 is .dynstr
           0x0000555555558bc8 - 0x0000555555558f1e is .gnu.version
           0x0000555555558f20 - 0x0000555555558fe0 is .gnu.version_r
           0x0000555555558fe0 - 0x000055555555df78 is .rela.dyn
           0x000055555555df78 - 0x000055555555e5d8 is .rela.plt
           0x000055555555f000 - 0x000055555555f01b is .init
           0x000055555555f020 - 0x000055555555f470 is .plt
           0x000055555555f470 - 0x000055555555f480 is .plt.got
           0x000055555555f480 - 0x000055555555f8c0 is .plt.sec
           0x000055555555f8c0 - 0x000055555557d605 is .text
           0x000055555557d608 - 0x000055555557d615 is .fini
           0x000055555557e000 - 0x0000555555580db4 is .rodata
           0x0000555555580db4 - 0x00005555555820e8 is .eh_frame_hdr
           0x00005555555820e8 - 0x0000555555588ac0 is .eh_frame
           0x0000555555589f50 - 0x0000555555589f58 is .init_array
           0x0000555555589f58 - 0x0000555555589f60 is .fini_array
           0x0000555555589f60 - 0x000055555558db80 is .data.rel.ro
           0x000055555558db80 - 0x000055555558dda0 is .dynamic
           0x000055555558dda0 - 0x000055555558e000 is .got
           0x000055555558e000 - 0x000055555558e010 is .data
           0x000055555558e010 - 0x000055555558e030 is .bss
           0x00001555555262a8 - 0x00001555555262c8 is .note.gnu.property in /lib64/ld-linux-x86-64.so.2
           0x00001555555262c8 - 0x00001555555262ec is .note.gnu.build-id in /lib64/ld-linux-x86-64.so.2
           0x00001555555262f0 - 0x00001555555263c4 is .hash in /lib64/ld-linux-x86-64.so.2
           0x00001555555263c8 - 0x00001555555264c0 is .gnu.hash in /lib64/ld-linux-x86-64.so.2
           0x00001555555264c0 - 0x00001555555267f0 is .dynsym in /lib64/ld-linux-x86-64.so.2
           0x00001555555267f0 - 0x0000155555526a14 is .dynstr in /lib64/ld-linux-x86-64.so.2
           0x0000155555526a14 - 0x0000155555526a58 is .gnu.version in /lib64/ld-linux-x86-64.so.2
           0x0000155555526a58 - 0x0000155555526afc is .gnu.version_d in /lib64/ld-linux-x86-64.so.2
           0x0000155555526b00 - 0x0000155555526f20 is .rela.dyn in /lib64/ld-linux-x86-64.so.2
           0x0000155555526f20 - 0x0000155555526fc8 is .rela.plt in /lib64/ld-linux-x86-64.so.2
           0x0000155555527000 - 0x0000155555527080 is .plt in /lib64/ld-linux-x86-64.so.2
           0x0000155555527080 - 0x0000155555527090 is .plt.got in /lib64/ld-linux-x86-64.so.2
           0x0000155555527090 - 0x0000155555527100 is .plt.sec in /lib64/ld-linux-x86-64.so.2
           0x0000155555527100 - 0x0000155555549684 is .text in /lib64/ld-linux-x86-64.so.2
           0x000015555554a000 - 0x000015555554edbb is .rodata in /lib64/ld-linux-x86-64.so.2
           0x000015555554edbb - 0x000015555554edbc is .stapsdt.base in /lib64/ld-linux-x86-64.so.2
           0x000015555554edbc - 0x000015555554f4e0 is .eh_frame_hdr in /lib64/ld-linux-x86-64.so.2
           0x000015555554f4e0 - 0x0000155555551ccc is .eh_frame in /lib64/ld-linux-x86-64.so.2
           0x0000155555553520 - 0x0000155555553e64 is .data.rel.ro in /lib64/ld-linux-x86-64.so.2
           0x0000155555553e68 - 0x0000155555553fd8 is .dynamic in /lib64/ld-linux-x86-64.so.2
           0x0000155555553fd8 - 0x0000155555553fe8 is .got in /lib64/ld-linux-x86-64.so.2
           0x0000155555554000 - 0x0000155555554050 is .got.plt in /lib64/ld-linux-x86-64.so.2
           0x0000155555554060 - 0x0000155555554ff8 is .data in /lib64/ld-linux-x86-64.so.2
           0x0000155555555000 - 0x0000155555555190 is .bss in /lib64/ld-linux-x86-64.so.2
           0x0000155555524120 - 0x0000155555524168 is .hash in system-supplied DSO at 0x155555524000
           0x0000155555524168 - 0x00001555555241c4 is .gnu.hash in system-supplied DSO at 0x155555524000
           0x00001555555241c8 - 0x0000155555524300 is .dynsym in system-supplied DSO at 0x155555524000
           0x0000155555524300 - 0x000015555552438b is .dynstr in system-supplied DSO at 0x155555524000
           0x000015555552438c - 0x00001555555243a6 is .gnu.version in system-supplied DSO at 0x155555524000
           0x00001555555243a8 - 0x00001555555243e0 is .gnu.version_d in system-supplied DSO at 0x155555524000
           0x00001555555243e0 - 0x00001555555244f0 is .dynamic in system-supplied DSO at 0x155555524000
           0x00001555555244f0 - 0x0000155555524560 is .note in system-supplied DSO at 0x155555524000
           0x0000155555524560 - 0x00001555555245bc is .eh_frame_hdr in system-supplied DSO at 0x155555524000
           0x00001555555245c0 - 0x0000155555524718 is .eh_frame in system-supplied DSO at 0x155555524000
           0x0000155555524720 - 0x0000155555524f8d is .text in system-supplied DSO at 0x155555524000
           0x0000155555524f8d - 0x000015555552505f is .altinstructions in system-supplied DSO at 0x155555524000
           0x000015555552505f - 0x000015555552509b is .altinstr_replacement in system-supplied DSO at 0x155555524000
           0x00001555553ca2a8 - 0x00001555553ca2c8 is .note.gnu.property in /lib/x86_64-linux-gnu/libm.so.6
           0x00001555553ca2c8 - 0x00001555553ca2ec is .note.gnu.build-id in /lib/x86_64-linux-gnu/libm.so.6
           0x00001555553ca2ec - 0x00001555553ca30c is .note.ABI-tag in /lib/x86_64-linux-gnu/libm.so.6
           0x00001555553ca310 - 0x00001555553cc7dc is .gnu.hash in /lib/x86_64-linux-gnu/libm.so.6
           0x00001555553cc7e0 - 0x00001555553d30e0 is .dynsym in /lib/x86_64-linux-gnu/libm.so.6
           0x00001555553d30e0 - 0x00001555553d5446 is .dynstr in /lib/x86_64-linux-gnu/libm.so.6
           0x00001555553d5446 - 0x00001555553d5d06 is .gnu.version in /lib/x86_64-linux-gnu/libm.so.6
           0x00001555553d5d08 - 0x00001555553d5ecc is .gnu.version_d in /lib/x86_64-linux-gnu/libm.so.6
           0x00001555553d5ed0 - 0x00001555553d5f30 is .gnu.version_r in /lib/x86_64-linux-gnu/libm.so.6
           0x00001555553d5f30 - 0x00001555553d6068 is .rela.dyn in /lib/x86_64-linux-gnu/libm.so.6
           0x00001555553d6068 - 0x00001555553d6308 is .rela.plt in /lib/x86_64-linux-gnu/libm.so.6
           0x00001555553d7000 - 0x00001555553d701b is .init in /lib/x86_64-linux-gnu/libm.so.6
           0x00001555553d7020 - 0x00001555553d71f0 is .plt in /lib/x86_64-linux-gnu/libm.so.6
           0x00001555553d71f0 - 0x00001555553d7200 is .plt.got in /lib/x86_64-linux-gnu/libm.so.6
           0x00001555553d7200 - 0x00001555553d73c0 is .plt.sec in /lib/x86_64-linux-gnu/libm.so.6
           0x00001555553d73c0 - 0x000015555547dfa8 is .text in /lib/x86_64-linux-gnu/libm.so.6
           0x000015555547dfa8 - 0x000015555547dfb5 is .fini in /lib/x86_64-linux-gnu/libm.so.6
           0x000015555547e000 - 0x00001555555098d4 is .rodata in /lib/x86_64-linux-gnu/libm.so.6
           0x00001555555098d4 - 0x00001555555098d5 is .stapsdt.base in /lib/x86_64-linux-gnu/libm.so.6
           0x00001555555098d8 - 0x000015555550b53c is .eh_frame_hdr in /lib/x86_64-linux-gnu/libm.so.6
           0x000015555550b540 - 0x00001555555149a4 is .eh_frame in /lib/x86_64-linux-gnu/libm.so.6
           0x00001555555149a8 - 0x0000155555516b14 is .hash in /lib/x86_64-linux-gnu/libm.so.6
           0x0000155555517d80 - 0x0000155555517d88 is .init_array in /lib/x86_64-linux-gnu/libm.so.6
           0x0000155555517d88 - 0x0000155555517d90 is .fini_array in /lib/x86_64-linux-gnu/libm.so.6
           0x0000155555517d90 - 0x0000155555517fb0 is .dynamic in /lib/x86_64-linux-gnu/libm.so.6
           0x0000155555517fb0 - 0x0000155555518000 is .got in /lib/x86_64-linux-gnu/libm.so.6
           0x0000155555518000 - 0x00001555555180f8 is .got.plt in /lib/x86_64-linux-gnu/libm.so.6
           0x00001555555180f8 - 0x0000155555518104 is .data in /lib/x86_64-linux-gnu/libm.so.6
           0x0000155555518104 - 0x0000155555518110 is .bss in /lib/x86_64-linux-gnu/libm.so.6
           0x000015555537a2a8 - 0x000015555537a2c8 is .note.gnu.property in /lib/x86_64-linux-gnu/libreadline.so.8
           0x000015555537a2c8 - 0x000015555537a2ec is .note.gnu.build-id in /lib/x86_64-linux-gnu/libreadline.so.8
           0x000015555537a2f0 - 0x000015555537b7f8 is .gnu.hash in /lib/x86_64-linux-gnu/libreadline.so.8
           0x000015555537b7f8 - 0x00001555553803a0 is .dynsym in /lib/x86_64-linux-gnu/libreadline.so.8
           0x00001555553803a0 - 0x0000155555383b72 is .dynstr in /lib/x86_64-linux-gnu/libreadline.so.8
           0x0000155555383b72 - 0x00001555553841c0 is .gnu.version in /lib/x86_64-linux-gnu/libreadline.so.8
           0x00001555553841c0 - 0x0000155555384260 is .gnu.version_r in /lib/x86_64-linux-gnu/libreadline.so.8
           0x0000155555384260 - 0x000015555538ccd8 is .rela.dyn in /lib/x86_64-linux-gnu/libreadline.so.8
           0x000015555538ccd8 - 0x000015555538d680 is .rela.plt in /lib/x86_64-linux-gnu/libreadline.so.8
           0x000015555538e000 - 0x000015555538e01b is .init in /lib/x86_64-linux-gnu/libreadline.so.8
           0x000015555538e020 - 0x000015555538e6a0 is .plt in /lib/x86_64-linux-gnu/libreadline.so.8
           0x000015555538e6a0 - 0x000015555538e6b0 is .plt.got in /lib/x86_64-linux-gnu/libreadline.so.8
           0x000015555538e6b0 - 0x000015555538ed20 is .plt.sec in /lib/x86_64-linux-gnu/libreadline.so.8
           0x000015555538ed20 - 0x00001555553b6129 is .text in /lib/x86_64-linux-gnu/libreadline.so.8
           0x00001555553b612c - 0x00001555553b6139 is .fini in /lib/x86_64-linux-gnu/libreadline.so.8
           0x00001555553b7000 - 0x00001555553b87c0 is .rodata in /lib/x86_64-linux-gnu/libreadline.so.8
           0x00001555553b87c0 - 0x00001555553b9a3c is .eh_frame_hdr in /lib/x86_64-linux-gnu/libreadline.so.8
           0x00001555553b9a40 - 0x00001555553c012c is .eh_frame in /lib/x86_64-linux-gnu/libreadline.so.8
           0x00001555553c14d0 - 0x00001555553c14d8 is .init_array in /lib/x86_64-linux-gnu/libreadline.so.8
           0x00001555553c14d8 - 0x00001555553c14e0 is .fini_array in /lib/x86_64-linux-gnu/libreadline.so.8
           0x00001555553c14e0 - 0x00001555553c2660 is .data.rel.ro in /lib/x86_64-linux-gnu/libreadline.so.8
           0x00001555553c2660 - 0x00001555553c2840 is .dynamic in /lib/x86_64-linux-gnu/libreadline.so.8
           0x00001555553c2840 - 0x00001555553c2ff0 is .got in /lib/x86_64-linux-gnu/libreadline.so.8
           0x00001555553c3000 - 0x00001555553c3350 is .got.plt in /lib/x86_64-linux-gnu/libreadline.so.8
           0x00001555553c3360 - 0x00001555553c87a0 is .data in /lib/x86_64-linux-gnu/libreadline.so.8
           0x00001555553c87a0 - 0x00001555553c9d78 is .bss in /lib/x86_64-linux-gnu/libreadline.so.8
           0x00001555553742a8 - 0x00001555553742c8 is .note.gnu.property in /lib/x86_64-linux-gnu/libdl.so.2
           0x00001555553742c8 - 0x00001555553742ec is .note.gnu.build-id in /lib/x86_64-linux-gnu/libdl.so.2
           0x00001555553742ec - 0x000015555537430c is .note.ABI-tag in /lib/x86_64-linux-gnu/libdl.so.2
           0x0000155555374310 - 0x00001555553743d8 is .gnu.hash in /lib/x86_64-linux-gnu/libdl.so.2
           0x00001555553743d8 - 0x00001555553747e0 is .dynsym in /lib/x86_64-linux-gnu/libdl.so.2
           0x00001555553747e0 - 0x0000155555374a19 is .dynstr in /lib/x86_64-linux-gnu/libdl.so.2
           0x0000155555374a1a - 0x0000155555374a70 is .gnu.version in /lib/x86_64-linux-gnu/libdl.so.2
           0x0000155555374a70 - 0x0000155555374b14 is .gnu.version_d in /lib/x86_64-linux-gnu/libdl.so.2
           0x0000155555374b18 - 0x0000155555374b78 is .gnu.version_r in /lib/x86_64-linux-gnu/libdl.so.2
           0x0000155555374b78 - 0x0000155555374d10 is .rela.dyn in /lib/x86_64-linux-gnu/libdl.so.2
           0x0000155555374d10 - 0x0000155555374e48 is .rela.plt in /lib/x86_64-linux-gnu/libdl.so.2
           0x0000155555375000 - 0x000015555537501b is .init in /lib/x86_64-linux-gnu/libdl.so.2
           0x0000155555375020 - 0x0000155555375100 is .plt in /lib/x86_64-linux-gnu/libdl.so.2
           0x0000155555375100 - 0x0000155555375150 is .plt.got in /lib/x86_64-linux-gnu/libdl.so.2
           0x0000155555375150 - 0x0000155555375220 is .plt.sec in /lib/x86_64-linux-gnu/libdl.so.2
           0x0000155555375220 - 0x0000155555376179 is .text in /lib/x86_64-linux-gnu/libdl.so.2
           0x000015555537617c - 0x0000155555376189 is .fini in /lib/x86_64-linux-gnu/libdl.so.2
           0x0000155555377000 - 0x00001555553770a3 is .rodata in /lib/x86_64-linux-gnu/libdl.so.2
           0x00001555553770a4 - 0x0000155555377180 is .eh_frame_hdr in /lib/x86_64-linux-gnu/libdl.so.2
           0x0000155555377180 - 0x0000155555377508 is .eh_frame in /lib/x86_64-linux-gnu/libdl.so.2
           0x0000155555377508 - 0x00001555553776c0 is .hash in /lib/x86_64-linux-gnu/libdl.so.2
           0x0000155555378d70 - 0x0000155555378d80 is .init_array in /lib/x86_64-linux-gnu/libdl.so.2
           0x0000155555378d80 - 0x0000155555378d90 is .fini_array in /lib/x86_64-linux-gnu/libdl.so.2
           0x0000155555378d90 - 0x0000155555378fa0 is .dynamic in /lib/x86_64-linux-gnu/libdl.so.2
           0x0000155555378fa0 - 0x0000155555379000 is .got in /lib/x86_64-linux-gnu/libdl.so.2
           0x0000155555379000 - 0x0000155555379080 is .got.plt in /lib/x86_64-linux-gnu/libdl.so.2
           0x0000155555379080 - 0x0000155555379088 is .data in /lib/x86_64-linux-gnu/libdl.so.2
           0x00001555553790a0 - 0x0000155555379110 is .bss in /lib/x86_64-linux-gnu/libdl.so.2
           0x0000155555182350 - 0x0000155555182370 is .note.gnu.property in /lib/x86_64-linux-gnu/libc.so.6
           0x0000155555182370 - 0x0000155555182394 is .note.gnu.build-id in /lib/x86_64-linux-gnu/libc.so.6
           0x0000155555182394 - 0x00001555551823b4 is .note.ABI-tag in /lib/x86_64-linux-gnu/libc.so.6
           0x00001555551823b8 - 0x000015555518606c is .gnu.hash in /lib/x86_64-linux-gnu/libc.so.6
           0x0000155555186070 - 0x0000155555193ea0 is .dynsym in /lib/x86_64-linux-gnu/libc.so.6
           0x0000155555193ea0 - 0x0000155555199f61 is .dynstr in /lib/x86_64-linux-gnu/libc.so.6
           0x0000155555199f62 - 0x000015555519b1e6 is .gnu.version in /lib/x86_64-linux-gnu/libc.so.6
           0x000015555519b1e8 - 0x000015555519b658 is .gnu.version_d in /lib/x86_64-linux-gnu/libc.so.6
           0x000015555519b658 - 0x000015555519b688 is .gnu.version_r in /lib/x86_64-linux-gnu/libc.so.6
           0x000015555519b688 - 0x00001555551a3080 is .rela.dyn in /lib/x86_64-linux-gnu/libc.so.6
           0x00001555551a3080 - 0x00001555551a34e8 is .rela.plt in /lib/x86_64-linux-gnu/libc.so.6
           0x00001555551a4000 - 0x00001555551a4300 is .plt in /lib/x86_64-linux-gnu/libc.so.6
           0x00001555551a4300 - 0x00001555551a4340 is .plt.got in /lib/x86_64-linux-gnu/libc.so.6
           0x00001555551a4340 - 0x00001555551a4630 is .plt.sec in /lib/x86_64-linux-gnu/libc.so.6
           0x00001555551a4630 - 0x00001555553194bd is .text in /lib/x86_64-linux-gnu/libc.so.6
           0x00001555553194c0 - 0x000015555531b864 is __libc_freeres_fn in /lib/x86_64-linux-gnu/libc.so.6
           0x000015555531c000 - 0x0000155555340698 is .rodata in /lib/x86_64-linux-gnu/libc.so.6
           0x0000155555340698 - 0x0000155555340699 is .stapsdt.base in /lib/x86_64-linux-gnu/libc.so.6
           0x00001555553406a0 - 0x00001555553406bc is .interp in /lib/x86_64-linux-gnu/libc.so.6
           0x00001555553406bc - 0x0000155555346590 is .eh_frame_hdr in /lib/x86_64-linux-gnu/libc.so.6
           0x0000155555346590 - 0x00001555553659a8 is .eh_frame in /lib/x86_64-linux-gnu/libc.so.6
           0x00001555553659a8 - 0x0000155555365dcd is .gcc_except_table in /lib/x86_64-linux-gnu/libc.so.6
           0x0000155555365dd0 - 0x00001555553692c4 is .hash in /lib/x86_64-linux-gnu/libc.so.6
           0x000015555536a788 - 0x000015555536a798 is .tdata in /lib/x86_64-linux-gnu/libc.so.6
           0x000015555536a798 - 0x000015555536a818 is .tbss in /lib/x86_64-linux-gnu/libc.so.6
           0x000015555536a798 - 0x000015555536a7a8 is .init_array in /lib/x86_64-linux-gnu/libc.so.6
           0x000015555536a7a8 - 0x000015555536a898 is __libc_subfreeres in /lib/x86_64-linux-gnu/libc.so.6
           0x000015555536a898 - 0x000015555536a8a0 is __libc_atexit in /lib/x86_64-linux-gnu/libc.so.6
           0x000015555536a8a0 - 0x000015555536b608 is __libc_IO_vtables in /lib/x86_64-linux-gnu/libc.so.6
           0x000015555536b620 - 0x000015555536db80 is .data.rel.ro in /lib/x86_64-linux-gnu/libc.so.6
           0x000015555536db80 - 0x000015555536dd60 is .dynamic in /lib/x86_64-linux-gnu/libc.so.6
           0x000015555536dd60 - 0x000015555536dff8 is .got in /lib/x86_64-linux-gnu/libc.so.6
           0x000015555536e000 - 0x000015555536e190 is .got.plt in /lib/x86_64-linux-gnu/libc.so.6
           0x000015555536e1a0 - 0x000015555536f7a0 is .data in /lib/x86_64-linux-gnu/libc.so.6
           0x000015555536f7a0 - 0x0000155555373660 is .bss in /lib/x86_64-linux-gnu/libc.so.6
           0x00001555551522a8 - 0x00001555551522c8 is .note.gnu.property in /lib/x86_64-linux-gnu/libtinfo.so.6
           0x00001555551522c8 - 0x00001555551522ec is .note.gnu.build-id in /lib/x86_64-linux-gnu/libtinfo.so.6
           0x00001555551522f0 - 0x0000155555152b20 is .gnu.hash in /lib/x86_64-linux-gnu/libtinfo.so.6
           0x0000155555152b20 - 0x0000155555154938 is .dynsym in /lib/x86_64-linux-gnu/libtinfo.so.6
           0x0000155555154938 - 0x0000155555155941 is .dynstr in /lib/x86_64-linux-gnu/libtinfo.so.6
           0x0000155555155942 - 0x0000155555155bc4 is .gnu.version in /lib/x86_64-linux-gnu/libtinfo.so.6
           0x0000155555155bc8 - 0x0000155555155fbc is .gnu.version_d in /lib/x86_64-linux-gnu/libtinfo.so.6
           0x0000155555155fc0 - 0x0000155555156030 is .gnu.version_r in /lib/x86_64-linux-gnu/libtinfo.so.6
           0x0000155555156030 - 0x000015555515efe8 is .rela.dyn in /lib/x86_64-linux-gnu/libtinfo.so.6
           0x000015555515efe8 - 0x000015555515f510 is .rela.plt in /lib/x86_64-linux-gnu/libtinfo.so.6
           0x0000155555160000 - 0x000015555516001b is .init in /lib/x86_64-linux-gnu/libtinfo.so.6
           0x0000155555160020 - 0x00001555551603a0 is .plt in /lib/x86_64-linux-gnu/libtinfo.so.6
           0x00001555551603a0 - 0x00001555551603b0 is .plt.got in /lib/x86_64-linux-gnu/libtinfo.so.6
           0x00001555551603b0 - 0x0000155555160720 is .plt.sec in /lib/x86_64-linux-gnu/libtinfo.so.6
           0x0000155555160720 - 0x000015555516e2ec is .text in /lib/x86_64-linux-gnu/libtinfo.so.6
           0x000015555516e2ec - 0x000015555516e2f9 is .fini in /lib/x86_64-linux-gnu/libtinfo.so.6
           0x000015555516f000 - 0x0000155555179925 is .rodata in /lib/x86_64-linux-gnu/libtinfo.so.6
           0x0000155555179928 - 0x000015555517a104 is .eh_frame_hdr in /lib/x86_64-linux-gnu/libtinfo.so.6
           0x000015555517a108 - 0x000015555517c7b8 is .eh_frame in /lib/x86_64-linux-gnu/libtinfo.so.6
           0x000015555517db90 - 0x000015555517db98 is .init_array in /lib/x86_64-linux-gnu/libtinfo.so.6
           0x000015555517db98 - 0x000015555517dba0 is .fini_array in /lib/x86_64-linux-gnu/libtinfo.so.6
           0x000015555517dba0 - 0x0000155555180b28 is .data.rel.ro in /lib/x86_64-linux-gnu/libtinfo.so.6
           0x0000155555180b28 - 0x0000155555180d38 is .dynamic in /lib/x86_64-linux-gnu/libtinfo.so.6
           0x0000155555180d38 - 0x0000155555180ff8 is .got in /lib/x86_64-linux-gnu/libtinfo.so.6
           0x0000155555181000 - 0x00001555551814f4 is .data in /lib/x86_64-linux-gnu/libtinfo.so.6
           0x0000155555181500 - 0x0000155555181980 is .bss in /lib/x86_64-linux-gnu/libtinfo.so.6
could not retrieve source code for any frames.

   (Message)
   (ChatDBG gdb) code src/be_strlib.c:1
   file 'src/be_strlib.c' not found.

/home/ia8920/chatdbgpro_bench
total 1512
drwxr-xr-x. 16 ia8920 student   4096 May  4 23:50 .
drwx------. 20 ia8920 student   4096 May  5 00:10 ..
drwxr-xr-x.  8 ia8920 student   4096 May  4 23:50 .git
drwxr-xr-x.  3 ia8920 student     31 May  3 17:18 .github
-rw-r--r--.  1 ia8920 student   5283 May  4 23:50 .gitignore
drwxr-xr-x.  5 ia8920 student     98 May  3 17:47 .venv-bench
drwxr-xr-x.  5 ia8920 student     98 May  3 17:47 .venv-bench-39
-rw-r--r--.  1 ia8920 student   4913 May  3 17:18 ADROIT.md
-rw-r--r--.  1 ia8920 student   9932 May  3 17:18 BUGSCPP_README.rst
-rw-r--r--.  1 ia8920 student   5464 May  3 17:18 CLAUDE.md
-rw-r--r--.  1 ia8920 student 761612 May  3 17:18 ChatDBG.pdf
-rw-r--r--.  1 ia8920 student   2021 May  3 17:18 Dockerfile
-rw-r--r--.  1 ia8920 student  11357 May  3 17:18 LICENSE
drwxr-xr-x.  5 ia8920 student     85 May  3 17:18 PipelineArchive
-rw-r--r--.  1 ia8920 student  12439 May  3 17:18 README.md
-rw-r--r--.  1 ia8920 student   6510 May  3 17:18 README_ABLATION.md
drwxr-xr-x. 12 ia8920 student   4096 May  4 23:50 bench
-rw-r--r--.  1 ia8920 student    410 May  3 17:18 check-version-bump.py
-rw-r--r--.  1 ia8920 student   3540 May  3 17:18 check_progress.sh
drwxr-xr-x.  4 ia8920 student     96 May  4 20:42 data
drwxr-xr-x.  2 ia8920 student     68 May  3 17:18 media
drwxr-xr-x.  5 ia8920 student   4096 May  4 20:07 pipeline2
-rw-r--r--.  1 ia8920 student   6565 May  3 17:18 pipeline_smoke_notes.md
-rw-r--r--.  1 ia8920 student  30451 May  3 17:18 process.md
-rw-r--r--.  1 ia8920 student   1132 May  3 17:18 pyproject.toml
-rw-r--r--.  1 ia8920 student 196769 May  3 17:18 report-v2.md
-rw-r--r--.  1 ia8920 student   4427 May  3 17:18 run_overnight.sh
-rw-r--r--.  1 ia8920 student   7234 May  3 17:18 run_overnight_4model_2tier.sh
-rw-r--r--.  1 ia8920 student   3936 May  3 17:18 run_pipeline.sh
-rw-r--r--.  1 ia8920 student   2926 May  3 17:18 run_resume.sh
-rw-r--r--.  1 ia8920 student   6050 May  3 17:18 run_tier2_split.sh
drwxr-xr-x.  4 ia8920 student    110 May  3 17:18 rust-support
-rw-r--r--.  1 ia8920 student 196769 May  3 17:18 sample-report-v2.md
drwxr-xr-x.  5 ia8920 student     59 May  3 17:18 samples
drwxr-xr-x.  2 ia8920 student    145 May  4 17:11 scripts
drwxr-xr-x.  3 ia8920 student     29 May  3 17:18 src
-rw-r--r--.  1 ia8920 student 161369 May  3 17:18 synthetic-report-v2.md
-rw-r--r--.  1 ia8920 student  31713 May  3 17:18 test_case_pipeline.md
drwxr-xr-x.  6 ia8920 student   4096 May  4 19:58 xv6-bench
/work/src/be_strlib.c
/work/examples/string.be
/work/tests/string.be
   (Message)
   (ChatDBG gdb) shell pwd && ls -la && find /work -maxdepth 3 -name be_strlib.c -print && find /work -maxdepth 3 -name string.be -print
   (Message)
   (ChatDBG gdb) info sources
   No symbol table is loaded.  Use the "file" command.
   (Message)
   (ChatDBG gdb) code /work/src/be_strlib.c:1
   1 /********************************************************************
   2 ** Copyright (c) 2018-2020 Guan Wenliang
   3 ** This file is part of the Berry default interpreter.
   4 ** skiars@qq.com, https://github.com/Skiars/berry

   (Message)
   (ChatDBG gdb) code /work/src/be_strlib.c:1
   1 /********************************************************************
   2 ** Copyright (c) 2018-2020 Guan Wenliang
   3 ** This file is part of the Berry default interpreter.
   4 ** skiars@qq.com, https://github.com/Skiars/berry

   (Message)
   (ChatDBG gdb) code /work/src/be_strlib.c:80
   73 static bstring* sim2str(bvm *vm, bvalue *v)
   74 {
   75     char sbuf[64]; /* BUG: memory overflow */
   76     switch (var_type(v)) {
   77     case BE_NIL:
   78         strcpy(sbuf, "nil");
   79         break;
   80     case BE_BOOL:
   81         strcpy(sbuf, var_tobool(v) ? "true" : "false");
   82         break;
   83     case BE_INDEX:

   (Message)
   (ChatDBG gdb) code /work/src/be_strlib.c:130
   123         be_dofunc(vm, vm->top - 1, 1);
   124         be_stackpop(vm, 1); /* pop the obj::tostring */
   125         if (!var_isstr(vm->top)) { /* check the return value */
   126             const char *name = str(be_instance_name(obj));
   127             be_raise(vm, "runtime_error", be_pushfstring(vm,
   128                 "the value of `%s::tostring()` is not a 'string'",
   129                 strlen(name) ? name : "<anonymous>"));
   130         }
   131         s = var_tostr(vm->top);
   132     }
   133     return s;

   (Message)
   (ChatDBG gdb) code /work/src/be_strlib.c:60
   53     if (var_isint(v)) {
   54         sprintf(buf, BE_INT_FORMAT, var_toint(v));
   55     } else if (var_isreal(v)) {
   56         sprintf(buf, "%g", var_toreal(v));
   57     } else {
   58         sprintf(buf, "(nan)");
   59     }
   60     return be_newstr(vm, buf);
   61 }
   62 
   63 static void module2str(char *buf, bvalue *v)

   (Message)
   (ChatDBG gdb) code /work/src/be_strlib.c:1
   1 /********************************************************************
   2 ** Copyright (c) 2018-2020 Guan Wenliang
   3 ** This file is part of the Berry default interpreter.
   4 ** skiars@qq.com, https://github.com/Skiars/berry

     1	/********************************************************************
     2	** Copyright (c) 2018-2020 Guan Wenliang
     3	** This file is part of the Berry default interpreter.
     4	** skiars@qq.com, https://github.com/Skiars/berry
     5	** See Copyright Notice in the LICENSE file or at
     6	** https://github.com/Skiars/berry/blob/master/LICENSE
     7	********************************************************************/
     8	#include "be_strlib.h"
     9	#include "be_string.h"
    10	#include "be_vm.h"
    11	#include "be_class.h"
    12	#include "be_module.h"
    13	#include "be_exec.h"
    14	#include "be_mem.h"
    15	#include <string.h>
    16	#include <stdio.h>
    17	#include <ctype.h>
    18	
    19	#define is_space(c)     ((c) == ' ' || (c) == '\t' || (c) == '\r' || (c) == '\n')
    20	#define is_digit(c)     ((c) >= '0' && (c) <= '9')
    21	#define skip_space(s)   while (is_space(*(s))) { ++(s); }
    22	
    23	typedef bint (*str_opfunc)(const char*, const char*, bint, bint);
    24	
    25	bstring* be_strcat(bvm *vm, bstring *s1, bstring *s2)
    26	{
    27	    size_t len = (size_t)str_len(s1) + str_len(s2);
    28	    if (len <= SHORT_STR_MAX_LEN) {
    29	        char buf[SHORT_STR_MAX_LEN + 1];
    30	        strcpy(buf, str(s1));
    31	        strncat(buf, str(s2), len);
    32	        return be_newstrn(vm, buf, len);
    33	    } else { /* long string */
    34	        bstring *s = be_newstrn(vm, NULL, len);
    35	        char *sbuf = (char*)str(s);
    36	        strcpy(sbuf, str(s1));
    37	        strcpy(sbuf + str_len(s1), str(s2));
    38	        return s;
    39	    }
    40	}
    41	
    42	int be_strcmp(bstring *s1, bstring *s2)
    43	{
    44	    if (be_eqstr(s1, s2)) {
    45	        return 0;
    46	    }
    47	    return strcmp(str(s1), str(s2));
    48	}
    49	
    50	bstring* be_num2str(bvm *vm, bvalue *v)
    51	{
    52	    char buf[25];
    53	    if (var_isint(v)) {
    54	        sprintf(buf, BE_INT_FORMAT, var_toint(v));
    55	    } else if (var_isreal(v)) {
    56	        sprintf(buf, "%g", var_toreal(v));
    57	    } else {
    58	        sprintf(buf, "(nan)");
    59	    }
    60	    return be_newstr(vm, buf);
    61	}
    62	
    63	static void module2str(char *buf, bvalue *v)
    64	{
    65	    const char *name = be_module_name(cast(bmodule*, var_toobj(v)));
    66	    if (name) {
    67	        sprintf(buf, "<module: %s>", name);
    68	    } else {
    69	        sprintf(buf, "<module: %p>", var_toobj(v));
    70	    }
    71	}
    72	
    73	static bstring* sim2str(bvm *vm, bvalue *v)
    74	{
    75	    char sbuf[64]; /* BUG: memory overflow */
    76	    switch (var_type(v)) {
    77	    case BE_NIL:
    78	        strcpy(sbuf, "nil");
    79	        break;
    80	    case BE_BOOL:
    81	        strcpy(sbuf, var_tobool(v) ? "true" : "false");
    82	        break;
    83	    case BE_INDEX:
    84	    case BE_INT:
    85	        sprintf(sbuf, BE_INT_FORMAT, var_toint(v));
    86	        break;
    87	    case BE_REAL:
    88	        sprintf(sbuf, "%g", var_toreal(v));
    89	        break;
    90	    case BE_CLOSURE: case BE_NTVCLOS: case BE_NTVFUNC:
    91	        sprintf(sbuf, "<function: %p>", var_toobj(v));
    92	        break;
    93	    case BE_CLASS:
    94	        sprintf(sbuf, "<class: %s>",
    95	            str(be_class_name(cast(bclass*, var_toobj(v)))));
    96	        break;
    97	    case BE_MODULE:
    98	        module2str(sbuf, v);
    99	        break;
   100	    default:
   101	        strcpy(sbuf, "(unknow value)");
   102	        break;
   103	    }
   104	    return be_newstr(vm, sbuf);
   105	}
   106	
   107	static bstring* ins2str(bvm *vm, int idx)
   108	{
   109	    bstring *s = str_literal(vm, "tostring");
   110	    binstance *obj = var_toobj(vm->reg + idx);
   111	    /* get method 'tostring' */
   112	    int type = be_instance_member(vm, obj, s, vm->top);
   113	    be_incrtop(vm); /* push the obj::tostring to stack */
   114	    if (basetype(type) != BE_FUNCTION) {
   115	        bstring *name = be_class_name(be_instance_class(obj));
   116	        char *sbuf = be_malloc(vm, (size_t)str_len(name) + 16);
   117	        sprintf(sbuf, "<instance: %s()>", str(name));
   118	        be_stackpop(vm, 1); /* pop the obj::tostring */
   119	        s = be_newstr(vm, sbuf);
   120	        be_free(vm, sbuf, (size_t)str_len(name) + 16);
   121	    } else {
   122	        *vm->top = vm->reg[idx];
   123	        be_dofunc(vm, vm->top - 1, 1);
   124	        be_stackpop(vm, 1); /* pop the obj::tostring */
   125	        if (!var_isstr(vm->top)) { /* check the return value */
   126	            const char *name = str(be_instance_name(obj));
   127	            be_raise(vm, "runtime_error", be_pushfstring(vm,
   128	                "the value of `%s::tostring()` is not a 'string'",
   129	                strlen(name) ? name : "<anonymous>"));
   130	        }
   131	        s = var_tostr(vm->top);
   132	    }
   133	    return s;
   134	}
   135	
   136	void be_val2str(bvm *vm, int index)
   137	{
   138	    bstring *s;
   139	    int idx = be_absindex(vm, index) - 1;
   140	    bvalue *v = vm->reg + idx;
   141	    if (var_isstr(v)) return; /* do nothing */
   142	    s = var_isinstance(v) ? ins2str(vm, idx) : sim2str(vm, v);
   143	    v = vm->reg + idx; /* the stack may change */
   144	    var_setstr(v, s);
   145	}
   146	
   147	static void pushstr(bvm *vm, const char *s, size_t len)
   148	{
   149	    /* to create a string and then update the top pointer,
   150	     * otherwise the GC may crash due to uninitialized values.
   151	     **/
   152	    bstring *str = be_newstrn(vm, s, len);
   153	    bvalue *reg = be_incrtop(vm);
   154	    var_setstr(reg, str);
   155	}
   156	
   157	static const char* concat2(bvm *vm)
   158	{
   159	    bvalue *dst = vm->top - 2;
   160	    bstring *s1 = var_tostr(dst);
   161	    bstring *s2 = var_tostr(dst + 1);
   162	    bstring *s = be_strcat(vm, s1, s2);
   163	    be_assert(var_isstr(vm->top - 2) && var_isstr(vm->top - 1));
   164	    dst = vm->top - 2; /* the stack may change */
   165	    var_setstr(dst, s);
   166	    --vm->top;
   167	    return str(s);
   168	}
   169	
   170	const char* be_pushvfstr(bvm *vm, const char *format, va_list arg)
   171	{
   172	    pushstr(vm, "", 0);
   173	    for (;;) {
   174	        const char *p = strchr(format, '%');
   175	        if (p == NULL) {
   176	            break;
   177	        }
   178	        pushstr(vm, format, p - format);
   179	        concat2(vm);
   180	        switch (p[1]) {
   181	        case 's': {
   182	            const char *s = va_arg(arg, char*);
   183	            if (s == NULL) {
   184	                s = "(null)";
   185	            }
   186	            pushstr(vm, s, strlen(s));
   187	            break;
   188	        }
   189	        case 'd': {
   190	            bstring *s;
   191	            bvalue *v = be_incrtop(vm);
   192	            var_setint(v, va_arg(arg, int));
   193	            s = be_num2str(vm, v);
   194	            var_setstr(v, s);
   195	            break;
   196	        }
   197	        case 'f': case 'g': {
   198	            bstring *s;
   199	            bvalue *v = be_incrtop(vm);
   200	            var_setreal(v, cast(breal, va_arg(arg, double)));
   201	            s = be_num2str(vm, v);
   202	            var_setstr(v, s);
   203	            break;
   204	        }
   205	        case 'c': {
   206	            char c = cast(char, va_arg(arg, int));
   207	            pushstr(vm, &c, 1);
   208	            break;
   209	        }
   210	        case '%': {
   211	            pushstr(vm, "%", 1);
   212	            break;
   213	        }
   214	        case 'p': {
   215	            char buf[2 * sizeof(void*) + 4];
   216	            sprintf(buf, "%p", va_arg(arg, void*));
   217	            pushstr(vm, buf, strlen(buf));
   218	            break;
   219	        }
   220	        default:
   221	            pushstr(vm, "(unknow)", 8);
   222	            break;
   223	        }
   224	        concat2(vm);
   225	        format = p + 2;
   226	    }
   227	    pushstr(vm, format, strlen(format));
   228	    return concat2(vm);
   229	}
   230	
   231	/*******************************************************************
   232	 * the function be_str2int():
   233	 * >>-+------------+--+-----+----digits----><
   234	 *    '-whitespace-'  +- + -+
   235	 *                    '- - -'
   236	 *******************************************************************/
   237	BERRY_API bint be_str2int(const char *str, const char **endstr)
   238	{
   239	    int c, sign;
   240	    bint sum = 0;
   241	    skip_space(str);
   242	    sign = c = *str++;
   243	    if (c == '+' || c == '-') {
   244	        c = *str++;
   245	    }
   246	    while (is_digit(c)) {
   247	        sum = sum * 10 + c - '0';
   248	        c = *str++;
   249	    }
   250	    if (endstr) {
   251	        *endstr = str - 1;
   252	    }
   253	    return sign == '-' ? -sum : sum;
   254	}
   255	
   256	/*******************************************************************
   257	 * the function be_str2real():
   258	 * >>-+------------+--+-----+--+-digits--+---+--+--------+-+------->
   259	 *    '-whitespace-'  +- + -+  |         '-.-'  '-digits-' |   
   260	 *                    '- - -'  '-.--digits-----------------'   
   (Message)
   (ChatDBG gdb) shell nl -ba /work/src/be_strlib.c | sed -n '1,260p'
/work/src/be_strlib.c
hi
   (Message)
   (ChatDBG gdb) shell ls /work/src/be_strlib.c; echo hi
   (Message)
   (ChatDBG gdb) code /work/src/be_strlib.c:20
   13 #include "be_exec.h"
   14 #include "be_mem.h"
   15 #include <string.h>
   16 #include <stdio.h>
   17 #include <ctype.h>
   18 
   19 #define is_space(c)     ((c) == ' ' || (c) == '\t' || (c) == '\r' || (c) == '\n')
   20 #define is_digit(c)     ((c) >= '0' && (c) <= '9')
   21 #define skip_space(s)   while (is_space(*(s))) { ++(s); }
   22 
   23 typedef bint (*str_opfunc)(const char*, const char*, bint, bint);

   (ChatDBG gdb) code /work/src/be_strlib.c:40
   33     } else { /* long string */
   34         bstring *s = be_newstrn(vm, NULL, len);
   35         char *sbuf = (char*)str(s);
   36         strcpy(sbuf, str(s1));
   37         strcpy(sbuf + str_len(s1), str(s2));
   38         return s;
   39     }
   40 }
   41 
   42 int be_strcmp(bstring *s1, bstring *s2)
   43 {

   (ChatDBG gdb) code /work/src/be_strlib.c:90
   83     case BE_INDEX:
   84     case BE_INT:
   85         sprintf(sbuf, BE_INT_FORMAT, var_toint(v));
   86         break;
   87     case BE_REAL:
   88         sprintf(sbuf, "%g", var_toreal(v));
   89         break;
   90     case BE_CLOSURE: case BE_NTVCLOS: case BE_NTVFUNC:
   91         sprintf(sbuf, "<function: %p>", var_toobj(v));
   92         break;
   93     case BE_CLASS:

   (ChatDBG gdb) code /work/src/be_strlib.c:110
   103     }
   104     return be_newstr(vm, sbuf);
   105 }
   106 
   107 static bstring* ins2str(bvm *vm, int idx)
   108 {
   109     bstring *s = str_literal(vm, "tostring");
   110     binstance *obj = var_toobj(vm->reg + idx);
   111     /* get method 'tostring' */
   112     int type = be_instance_member(vm, obj, s, vm->top);
   113     be_incrtop(vm); /* push the obj::tostring to stack */

   (ChatDBG gdb) code /work/src/be_strlib.c:150
   143     v = vm->reg + idx; /* the stack may change */
   144     var_setstr(v, s);
   145 }
   146 
   147 static void pushstr(bvm *vm, const char *s, size_t len)
   148 {
   149     /* to create a string and then update the top pointer,
   150      * otherwise the GC may crash due to uninitialized values.
   151      **/
   152     bstring *str = be_newstrn(vm, s, len);
   153     bvalue *reg = be_incrtop(vm);

   (ChatDBG gdb) code /work/src/be_strlib.c:200
   193             s = be_num2str(vm, v);
   194             var_setstr(v, s);
   195             break;
   196         }
   197         case 'f': case 'g': {
   198             bstring *s;
   199             bvalue *v = be_incrtop(vm);
   200             var_setreal(v, cast(breal, va_arg(arg, double)));
   201             s = be_num2str(vm, v);
   202             var_setstr(v, s);
   203             break;

   (Message)
   (ChatDBG gdb) code /work/src/be_strlib.c:23
   16 #include <stdio.h>
   17 #include <ctype.h>
   18 
   19 #define is_space(c)     ((c) == ' ' || (c) == '\t' || (c) == '\r' || (c) == '\n')
   20 #define is_digit(c)     ((c) >= '0' && (c) <= '9')
   21 #define skip_space(s)   while (is_space(*(s))) { ++(s); }
   22 
   23 typedef bint (*str_opfunc)(const char*, const char*, bint, bint);
   24 
   25 bstring* be_strcat(bvm *vm, bstring *s1, bstring *s2)
   26 {

   (ChatDBG gdb) code /work/src/be_strlib.c:63
   56         sprintf(buf, "%g", var_toreal(v));
   57     } else {
   58         sprintf(buf, "(nan)");
   59     }
   60     return be_newstr(vm, buf);
   61 }
   62 
   63 static void module2str(char *buf, bvalue *v)
   64 {
   65     const char *name = be_module_name(cast(bmodule*, var_toobj(v)));
   66     if (name) {

   (ChatDBG gdb) code /work/src/be_strlib.c:93
   86         break;
   87     case BE_REAL:
   88         sprintf(sbuf, "%g", var_toreal(v));
   89         break;
   90     case BE_CLOSURE: case BE_NTVCLOS: case BE_NTVFUNC:
   91         sprintf(sbuf, "<function: %p>", var_toobj(v));
   92         break;
   93     case BE_CLASS:
   94         sprintf(sbuf, "<class: %s>",
   95             str(be_class_name(cast(bclass*, var_toobj(v)))));
   96         break;

   (ChatDBG gdb) code /work/src/be_strlib.c:135
   128                 "the value of `%s::tostring()` is not a 'string'",
   129                 strlen(name) ? name : "<anonymous>"));
   130         }
   131         s = var_tostr(vm->top);
   132     }
   133     return s;
   134 }
   135 
   136 void be_val2str(bvm *vm, int index)
   137 {
   138     bstring *s;

   (ChatDBG gdb) code /work/src/be_strlib.c:160
   153     bvalue *reg = be_incrtop(vm);
   154     var_setstr(reg, str);
   155 }
   156 
   157 static const char* concat2(bvm *vm)
   158 {
   159     bvalue *dst = vm->top - 2;
   160     bstring *s1 = var_tostr(dst);
   161     bstring *s2 = var_tostr(dst + 1);
   162     bstring *s = be_strcat(vm, s1, s2);
   163     be_assert(var_isstr(vm->top - 2) && var_isstr(vm->top - 1));

   (ChatDBG gdb) code /work/src/be_strlib.c:230
   223         }
   224         concat2(vm);
   225         format = p + 2;
   226     }
   227     pushstr(vm, format, strlen(format));
   228     return concat2(vm);
   229 }
   230 
   231 /*******************************************************************
   232  * the function be_str2int():
   233  * >>-+------------+--+-----+----digits----><

   (Message)
   (ChatDBG gdb) code /work/src/be_strlib.c:25
   19 #define is_space(c)     ((c) == ' ' || (c) == '\t' || (c) == '\r' || (c) == '\n')
   20 #define is_digit(c)     ((c) >= '0' && (c) <= '9')
   21 #define skip_space(s)   while (is_space(*(s))) { ++(s); }
   22 
   23 typedef bint (*str_opfunc)(const char*, const char*, bint, bint);
   24 
   25 bstring* be_strcat(bvm *vm, bstring *s1, bstring *s2)
   26 {
   27     size_t len = (size_t)str_len(s1) + str_len(s2);
   28     if (len <= SHORT_STR_MAX_LEN) {

   (ChatDBG gdb) code /work/src/be_strlib.c:45
   38         return s;
   39     }
   40 }
   41 
   42 int be_strcmp(bstring *s1, bstring *s2)
   43 {
   44     if (be_eqstr(s1, s2)) {
   45         return 0;
   46     }
   47     return strcmp(str(s1), str(s2));
   48 }

   (ChatDBG gdb) code /work/src/be_strlib.c:64
   57     } else {
   58         sprintf(buf, "(nan)");
   59     }
   60     return be_newstr(vm, buf);
   61 }
   62 
   63 static void module2str(char *buf, bvalue *v)
   64 {
   65     const char *name = be_module_name(cast(bmodule*, var_toobj(v)));
   66     if (name) {
   67         sprintf(buf, "<module: %s>", name);

   (ChatDBG gdb) code /work/src/be_strlib.c:97
    90     case BE_CLOSURE: case BE_NTVCLOS: case BE_NTVFUNC:
    91         sprintf(sbuf, "<function: %p>", var_toobj(v));
    92         break;
    93     case BE_CLASS:
    94         sprintf(sbuf, "<class: %s>",
    95             str(be_class_name(cast(bclass*, var_toobj(v)))));
    96         break;
    97     case BE_MODULE:
    98         module2str(sbuf, v);
    99         break;
   100     default:

   (ChatDBG gdb) code /work/src/be_strlib.c:136
   129                 strlen(name) ? name : "<anonymous>"));
   130         }
   131         s = var_tostr(vm->top);
   132     }
   133     return s;
   134 }
   135 
   136 void be_val2str(bvm *vm, int index)
   137 {
   138     bstring *s;
   139     int idx = be_absindex(vm, index) - 1;

   (ChatDBG gdb) code /work/src/be_strlib.c:231
   224         concat2(vm);
   225         format = p + 2;
   226     }
   227     pushstr(vm, format, strlen(format));
   228     return concat2(vm);
   229 }
   230 
   231 /*******************************************************************
   232  * the function be_str2int():
   233  * >>-+------------+--+-----+----digits----><
   234  *    '-whitespace-'  +- + -+

   (Message)
   (ChatDBG gdb) code /work/src/be_strlib.c:27
   20 #define is_digit(c)     ((c) >= '0' && (c) <= '9')
   21 #define skip_space(s)   while (is_space(*(s))) { ++(s); }
   22 
   23 typedef bint (*str_opfunc)(const char*, const char*, bint, bint);
   24 
   25 bstring* be_strcat(bvm *vm, bstring *s1, bstring *s2)
   26 {
   27     size_t len = (size_t)str_len(s1) + str_len(s2);
   28     if (len <= SHORT_STR_MAX_LEN) {
   29         char buf[SHORT_STR_MAX_LEN + 1];
   30         strcpy(buf, str(s1));

   (ChatDBG gdb) code /work/src/be_strlib.c:67
   60     return be_newstr(vm, buf);
   61 }
   62 
   63 static void module2str(char *buf, bvalue *v)
   64 {
   65     const char *name = be_module_name(cast(bmodule*, var_toobj(v)));
   66     if (name) {
   67         sprintf(buf, "<module: %s>", name);
   68     } else {
   69         sprintf(buf, "<module: %p>", var_toobj(v));
   70     }

   (ChatDBG gdb) code /work/src/be_strlib.c:100
    93     case BE_CLASS:
    94         sprintf(sbuf, "<class: %s>",
    95             str(be_class_name(cast(bclass*, var_toobj(v)))));
    96         break;
    97     case BE_MODULE:
    98         module2str(sbuf, v);
    99         break;
   100     default:
   101         strcpy(sbuf, "(unknow value)");
   102         break;
   103     }

   (ChatDBG gdb) code /work/src/be_strlib.c:139
   132     }
   133     return s;
   134 }
   135 
   136 void be_val2str(bvm *vm, int index)
   137 {
   138     bstring *s;
   139     int idx = be_absindex(vm, index) - 1;
   140     bvalue *v = vm->reg + idx;
   141     if (var_isstr(v)) return; /* do nothing */
   142     s = var_isinstance(v) ? ins2str(vm, idx) : sim2str(vm, v);

   (ChatDBG gdb) code /work/src/be_strlib.c:170
   163     be_assert(var_isstr(vm->top - 2) && var_isstr(vm->top - 1));
   164     dst = vm->top - 2; /* the stack may change */
   165     var_setstr(dst, s);
   166     --vm->top;
   167     return str(s);
   168 }
   169 
   170 const char* be_pushvfstr(bvm *vm, const char *format, va_list arg)
   171 {
   172     pushstr(vm, "", 0);
   173     for (;;) {

   (ChatDBG gdb) code /work/src/be_strlib.c:250
   243     if (c == '+' || c == '-') {
   244         c = *str++;
   245     }
   246     while (is_digit(c)) {
   247         sum = sum * 10 + c - '0';
   248         c = *str++;
   249     }
   250     if (endstr) {
   251         *endstr = str - 1;
   252     }
   253     return sign == '-' ? -sum : sum;

   (Message)
   (ChatDBG gdb) code /work/src/be_strlib.c:29
   23 typedef bint (*str_opfunc)(const char*, const char*, bint, bint);
   24 
   25 bstring* be_strcat(bvm *vm, bstring *s1, bstring *s2)
   26 {
   27     size_t len = (size_t)str_len(s1) + str_len(s2);
   28     if (len <= SHORT_STR_MAX_LEN) {
   29         char buf[SHORT_STR_MAX_LEN + 1];
   30         strcpy(buf, str(s1));
   31         strncat(buf, str(s2), len);
   32         return be_newstrn(vm, buf, len);

   (ChatDBG gdb) code /work/src/be_strlib.c:171
   164     dst = vm->top - 2; /* the stack may change */
   165     var_setstr(dst, s);
   166     --vm->top;
   167     return str(s);
   168 }
   169 
   170 const char* be_pushvfstr(bvm *vm, const char *format, va_list arg)
   171 {
   172     pushstr(vm, "", 0);
   173     for (;;) {
   174         const char *p = strchr(format, '%');

   (ChatDBG gdb) code /work/src/be_strlib.c:180
   173     for (;;) {
   174         const char *p = strchr(format, '%');
   175         if (p == NULL) {
   176             break;
   177         }
   178         pushstr(vm, format, p - format);
   179         concat2(vm);
   180         switch (p[1]) {
   181         case 's': {
   182             const char *s = va_arg(arg, char*);
   183             if (s == NULL) {

   (ChatDBG gdb) code /work/src/be_strlib.c:210
   203             break;
   204         }
   205         case 'c': {
   206             char c = cast(char, va_arg(arg, int));
   207             pushstr(vm, &c, 1);
   208             break;
   209         }
   210         case '%': {
   211             pushstr(vm, "%", 1);
   212             break;
   213         }

   (ChatDBG gdb) code /work/src/be_strlib.c:260
   253     return sign == '-' ? -sum : sum;
   254 }
   255 
   256 /*******************************************************************
   257  * the function be_str2real():
   258  * >>-+------------+--+-----+--+-digits--+---+--+--------+-+------->
   259  *    '-whitespace-'  +- + -+  |         '-.-'  '-digits-' |
   260  *                    '- - -'  '-.--digits-----------------'
   261  *
   262  * >--+------------------------+----------------------------------><
   263  *    '-+-e-+--+-----+--digits-'

   (ChatDBG gdb) code /work/src/be_strlib.c:300
   293             c = *str++;
   294         }
   295         while (is_digit(c)) {
   296             e = e * 10 + c - '0';
   297             c = *str++;
   298         }
   299         while (e--) {
   300             sum *= ratio;
   301         }
   302     }
   303     if (endstr) {

   (Message)
   (ChatDBG gdb) code /work/src/be_strlib.c:31
   25 bstring* be_strcat(bvm *vm, bstring *s1, bstring *s2)
   26 {
   27     size_t len = (size_t)str_len(s1) + str_len(s2);
   28     if (len <= SHORT_STR_MAX_LEN) {
   29         char buf[SHORT_STR_MAX_LEN + 1];
   30         strcpy(buf, str(s1));
   31         strncat(buf, str(s2), len);
   32         return be_newstrn(vm, buf, len);
   33     } else { /* long string */
   34         bstring *s = be_newstrn(vm, NULL, len);

   (ChatDBG gdb) code /work/src/be_strlib.c:181
   174         const char *p = strchr(format, '%');
   175         if (p == NULL) {
   176             break;
   177         }
   178         pushstr(vm, format, p - format);
   179         concat2(vm);
   180         switch (p[1]) {
   181         case 's': {
   182             const char *s = va_arg(arg, char*);
   183             if (s == NULL) {
   184                 s = "(null)";

   (ChatDBG gdb) code /work/src/be_strlib.c:215
   208             break;
   209         }
   210         case '%': {
   211             pushstr(vm, "%", 1);
   212             break;
   213         }
   214         case 'p': {
   215             char buf[2 * sizeof(void*) + 4];
   216             sprintf(buf, "%p", va_arg(arg, void*));
   217             pushstr(vm, buf, strlen(buf));
   218             break;

   (ChatDBG gdb) code /work/src/be_strlib.c:270
   263  *    '-+-e-+--+-----+--digits-'
   264  *      '-E-'  +- + -+
   265  *             '- - -'
   266  *******************************************************************/
   267 BERRY_API breal be_str2real(const char *str, const char **endstr)
   268 {
   269     int c, sign;
   270     breal sum = 0, deci = 0, point = (breal)0.1;
   271     skip_space(str);
   272     sign = c = *str++;
   273     if (c == '+' || c == '-') {

   (ChatDBG gdb) code /work/src/be_strlib.c:304
   297             c = *str++;
   298         }
   299         while (e--) {
   300             sum *= ratio;
   301         }
   302     }
   303     if (endstr) {
   304         *endstr = str - 1;
   305     }
   306     return sign == '-' ? -sum : sum;
   307 }

   (ChatDBG gdb) code /work/tests/string.be:1
   1 import string as s
   2 
   3 assert(s.find('012345', '23') == 2)
   4 assert(s.find('012345', '23', 1) == 2)

   (Message)
   (ChatDBG gdb) code /work/tests/string.be:1
   1 import string as s
   2 
   3 assert(s.find('012345', '23') == 2)
   4 assert(s.find('012345', '23', 1) == 2)

   (ChatDBG gdb) code /work/tests/string.be:20
   13 assert(s.find('012345', '', 1, 0) == -1)
   14 assert(s.find('012345', '', 6) == 6)
   15 assert(s.find('012345', '', 7) == -1)
   16 
   17 assert(s.count('012345', '') == 7)
   18 assert(s.count('012345', '', 2) == 5)
   19 assert(s.count('012345', '', 6) == 1)
   20 
   21 assert(s.count('121314', '1') == 3)
   22 assert(s.count('121314', '1', 1) == 2)
   23 assert(s.count('121314', '1', 2) == 2)

   (ChatDBG gdb) code /work/tests/string.be:40
   33 assert(s.format("%i%%", 12) == "12%")
   34 assert(s.format("%i%%%i", 12, 13) == "12%13")
   35 assert(s.format("%s%%", "foo") == "foo%")
   36 assert(s.format("%.1f%%", 3.5) == "3.5%")

   (ChatDBG gdb) code /work/tests/string.be:60
   

   (ChatDBG gdb) code /work/tests/string.be:80
   

   (ChatDBG gdb) code /work/tests/string.be:100
   

   (Message)
   (ChatDBG gdb) code /work/tests/string.be:30
   23 assert(s.count('121314', '1', 2) == 2)
   24 assert(s.count('121314', '1', 1, 2) == 0)
   25 assert(s.count('121314', '1', 1, 3) == 1)
   26 
   27 assert(s.split('a b c d e f', '1') == ['a b c d e f'])
   28 assert(s.split('a b c d e f', ' ') == ['a', 'b', 'c', 'd', 'e', 'f'])
   29 assert(s.split('a b c d e f', ' ', 2) == ['a', 'b', 'c d e f'])
   30 assert(s.split('a b c d e f', '') == ['a b c d e f'])
   31 
   32 assert(s.format("%%") == "%")
   33 assert(s.format("%i%%", 12) == "12%")

   (Message)
   (ChatDBG gdb) info functions be_
   All functions matching regular expression "be_":
   
   Non-debugging symbols:
   0x000055555555f8d3  be_throw[cold]
   0x000055555555f8d8  be_newlongstr[cold]
   0x000055555555ff60  be_os_malloc
   0x000055555555ff70  be_os_free
   0x000055555555ff80  be_os_realloc
   0x000055555555ff90  be_realloc
   0x0000555555560030  be_vector_init
   0x0000555555560080  be_vector_delete
   0x00005555555600a0  be_vector_at
   0x00005555555600c0  be_vector_remove_end
   0x00005555555600e0  be_vector_clear
   0x0000555555560100  be_vector_release
   0x00005555555601b0  be_nextsize
   0x0000555555560230  be_vector_push
   0x00005555555602e0  be_vector_push_c
   0x0000555555560330  be_vector_resize
   0x00005555555603c0  be_globalvar_init
   0x00005555555603f0  be_globalvar_deinit
   0x0000555555560410  be_global_find
   0x0000555555560480  be_global_new
   0x0000555555560500  be_global_var
   0x0000555555560530  be_global_release_space
   0x0000555555560550  be_builtin_find
   0x0000555555560580  be_builtin_name
   0x00005555555605d0  be_const_builtin_set
   0x00005555555607d0  be_module_new
   0x0000555555560860  be_module_delete
   0x0000555555560870  be_module_attr
   0x0000555555560880  be_module_bind
   0x00005555555608d0  be_module_name
   0x0000555555560900  be_module_setname
   0x0000555555560930  be_module_path
   0x0000555555560980  be_module_path_set
   0x00005555555609f0  be_loadlib
   0x0000555555560b40  be_module_load
   0x0000555555561870  be_load_baselib
   0x0000555555561890  be_list_resize.part
   0x0000555555561920  be_list_new
   0x00005555555619c0  be_list_delete
   0x0000555555561a00  be_list_copy
   0x0000555555561ab0  be_list_index
   0x0000555555561af0  be_list_push
   0x0000555555561b80  be_list_insert
   0x0000555555561c70  be_list_remove
   0x0000555555561ce0  be_list_resize
   0x0000555555561d00  be_list_merge
   0x0000555555561db0  be_list_reverse
   0x0000555555561df0  be_list_pool_init
   0x0000555555561e40  be_list_pool_alloc
   0x0000555555561e90  be_list_pool_free
   0x00005555555625d0  be_map_new
   0x0000555555562660  be_map_delete
   0x00005555555626a0  be_map_find
   0x00005555555626f0  be_map_insert
   0x00005555555627b0  be_map_remove
   0x00005555555628d0  be_map_findstr
   0x0000555555562920  be_map_insertstr
   0x00005555555629b0  be_map_removestr
   0x0000555555562a00  be_map_next
   0x0000555555562a60  be_map_val2node
   0x0000555555562a70  be_map_release
   0x0000555555562cd0  be_regfunc
   0x0000555555562d30  be_regclass
   0x0000555555562db0  be_top
   0x0000555555562dd0  be_pop
   0x0000555555562df0  be_absindex
   0x0000555555562e20  be_isnil
   0x0000555555562e40  be_isbool
   0x0000555555562e60  be_isint
   0x0000555555562e80  be_isreal
   0x0000555555562ea0  be_isnumber
   0x0000555555562ec0  be_isstring
   0x0000555555562ee0  be_isclosure
   0x0000555555562f00  be_isntvclos
   0x0000555555562f20  be_isfunction
   0x0000555555562f40  be_isproto
   0x0000555555562f60  be_isclass
   0x0000555555562f80  be_isinstance
   0x0000555555562fa0  be_islist
   0x0000555555562fc0  be_ismap
   0x0000555555562fe0  be_iscomptr
   0x0000555555563000  be_iscomobj
   0x0000555555563020  be_toint
   0x0000555555563040  be_toreal
   0x0000555555563090  be_toindex
   0x00005555555630b0  be_tobool
   0x00005555555630d0  be_tostring
   0x00005555555631a0  be_tocomptr
   0x00005555555631f0  be_moveto
   0x0000555555563220  be_pushnil
   0x0000555555563240  be_pushbool
   0x0000555555563270  be_pushint
   0x00005555555632a0  be_pushreal
   0x00005555555632d0  be_pushstring
   0x0000555555563300  be_pushnstring
   0x0000555555563330  be_pushfstring
   0x00005555555633f0  be_pushbuffer
   0x0000555555563430  be_pushvalue
   0x0000555555563460  be_pushclosure
   0x0000555555563490  be_pushntvclosure
   0x00005555555634c0  be_pushntvfunction
   0x00005555555634f0  be_pushclass
   0x0000555555563550  be_pushntvclass
   0x0000555555563580  be_pushcomptr
   0x00005555555635b0  be_remove
   0x00005555555635f0  be_strconcat
   0x0000555555563640  be_setsuper
   0x00005555555636a0  be_getsuper
   0x0000555555563710  be_isderived
   0x00005555555637a0  be_typename
   0x00005555555637c0  be_classname
   0x0000555555563810  be_classof
   0x0000555555563860  be_strlen
   0x00005555555638a0  be_newlist
   0x00005555555638d0  be_newmap
   0x0000555555563900  be_newmodule
   0x0000555555563930  be_setname
   0x0000555555563980  be_getglobal
   0x00005555555639f0  be_setglobal
   0x0000555555563a60  be_getbuiltin
   0x0000555555563ad0  be_newobject
   0x0000555555563b10  be_setmember
   0x0000555555563bb0  be_copy
   0x0000555555563c20  be_getmember
   0x0000555555563c40  be_getmethod
   0x0000555555563c60  be_getindex
   0x0000555555563d20  be_setindex
   0x0000555555563dd0  be_getupval
   0x0000555555563e40  be_setupval
   0x0000555555563ec0  be_data_size
   0x0000555555563f00  be_data_push
   0x0000555555563f50  be_data_insert
   0x0000555555564010  be_data_remove
   0x0000555555564090  be_data_merge
   0x00005555555640f0  be_data_resize
   0x0000555555564140  be_data_reverse
   0x0000555555564170  be_pushiter
   0x0000555555564200  be_iter_next
   0x0000555555564320  be_iter_hasnext
   0x00005555555643e0  be_refcontains
   0x0000555555564430  be_refpush
   0x0000555555564490  be_refpop
   0x00005555555644e0  be_returnvalue
   0x0000555555564500  be_returnnilvalue
   0x0000555555564520  be_call
   0x0000555555564550  be_pcall
   0x0000555555564580  be_raise
   0x0000555555564620  be_stop_iteration
   0x0000555555564640  be_getexcept
   0x00005555555646d0  be_dumpexcept
   0x0000555555564830  be_dumpvalue
   0x0000555555564870  be_iseq
   0x0000555555564890  be_isneq
   0x00005555555648b0  be_islt
   0x00005555555648d0  be_isle
   0x00005555555648f0  be_isgt
   0x0000555555564910  be_isge
   0x0000555555564930  be_register
   0x0000555555564990  be_unregister
   0x00005555555649a0  be_getregister
   0x00005555555673d0  be_loadlibs
   0x00005555555677c0  be_lexer_newstr
   0x00005555555677f0  be_lexer_init
   0x00005555555678e0  be_lexer_deinit
   0x0000555555567950  be_lexerror
   0x0000555555567a60  be_lexer_scan_next
   0x0000555555568580  be_token2str
   0x00005555555685f0  be_tokentype2str
   0x0000555555568e10  be_vm_new
   0x0000555555568f10  be_vm_delete
   0x0000555555568fb0  be_dofunc
   0x0000555555569150  be_value2bool
   0x0000555555569360  be_vm_iseq
   0x00005555555694b0  be_vm_isneq
   0x0000555555569680  be_vm_islt
   0x00005555555697b0  be_vm_isle
   0x00005555555698f0  be_vm_isgt
   0x0000555555569a30  be_vm_isge
   0x000055555556c900  be_set_obs_hook
   0x000055555556e6a0  be_pushbytes
   0x000055555556e720  be_tobytes
   0x000055555556e7e0  be_isbytes
   0x000055555556e850  be_vtype2str
   0x000055555556e950  be_indexof
   0x000055555556e980  be_newcomobj
   0x000055555556e9e0  be_commonobj_delete
   0x000055555556ed20  be_repl
   0x00005555555700b0  be_initupvals
   0x00005555555701c0  be_upvals_close
   0x0000555555570250  be_release_upvalues
   0x00005555555702e0  be_newproto
   0x0000555555570380  be_newclosure
   0x0000555555570410  be_newntvclosure
   0x0000555555570510  be_func_varname
   0x0000555555570560  be_print_inst
   0x00005555555709e0  be_dumpclosure
   0x0000555555570c50  be_tracestack
   0x0000555555570f00  be_callhook
   0x0000555555571120  be_sethook
   0x0000555555571200  be_setntvhook
   0x0000555555571290  be_debug_varname
   0x0000555555571380  be_debug_upvname
   0x0000555555572030  be_throw
   0x0000555555572060  be_exit
   0x00005555555720a0  be_throw_message
   0x00005555555720d0  be_execprotected
   0x0000555555572180  be_protectedparser
   0x0000555555572230  be_loadbuffer
   0x0000555555572280  be_loadmode
   0x00005555555723f0  be_savecode
   0x0000555555572490  be_protectedcall
   0x0000555555572530  be_stack_expansion
   0x00005555555725a0  be_stack_require
   0x00005555555725d0  be_stackpush
   0x0000555555572620  be_except_block_setup
   0x00005555555726e0  be_except_block_resume
   0x0000555555572810  be_except_block_close
   0x0000555555572860  be_save_stacktrace
   0x00005555555728f0  be_eqstr
   0x00005555555729c0  be_string_deleteall
   0x0000555555572a40  be_newlongstr
   0x0000555555572ab0  be_strhash
   0x0000555555572ca0  be_string_init
   0x0000555555572cb0  be_newstrn
   0x0000555555572eb0  be_newstr
   0x0000555555572ee0  be_gcstrtab
   0x0000555555572fd0  be_str2cstr
   0x0000555555573000  be_str_setextra
   0x00005555555737e0  be_strcat
   0x0000555555573e70  be_strcmp
   0x0000555555573ec0  be_num2str
   0x0000555555573f80  be_val2str
   0x00005555555742c0  be_pushvfstr
   0x0000555555574670  be_str2int
   0x0000555555574710  be_str2real
   0x00005555555748e0  be_str2num
   0x0000555555574970  be_strindex
   0x0000555555574a00  be_strlcpy
   0x0000555555574a90  be_splitpath
   0x0000555555574ad0  be_splitname
   0x0000555555574b50  be_toescape
   0x0000555555575560  be_nfunc_open
   0x00005555555759f0  be_gc_collect.part
   0x00005555555760f0  be_gc_init
   0x0000555555576120  be_gc_deleteall
   0x00005555555761e0  be_gc_setsteprate
   0x0000555555576220  be_gc_setpause
   0x0000555555576240  be_gc_fix
   0x0000555555576260  be_gc_unfix
   0x0000555555576280  be_gc_fix_set
   0x00005555555762b0  be_gc_auto
   0x00005555555762e0  be_newgcobj
   0x0000555555576330  be_gc_newstr
   0x0000555555576390  be_gc_memcount
   0x00005555555763a0  be_gc_collect
   0x0000555555576d50  be_newclass
   0x0000555555576dd0  be_class_compress
   0x0000555555576e00  be_class_attribute
   0x0000555555576e60  be_member_bind
   0x0000555555576f20  be_method_bind
   0x0000555555576fc0  be_prim_method_bind
   0x0000555555577040  be_closure_method_bind
   0x00005555555770a0  be_class_closure_count
   0x0000555555577120  be_class_upvalue_init
   0x00005555555771d0  be_class_newobj
   0x0000555555577370  be_instance_member
   0x00005555555773c0  be_class_member
   0x00005555555773e0  be_instance_setmember
   0x0000555555577530  be_class_setmember
   0x0000555555577fc0  be_code_allocregs
   0x0000555555577ff0  be_code_jump
   0x0000555555578000  be_code_conjump
   0x00005555555781e0  be_code_jumpbool
   0x00005555555782c0  be_code_patchlist
   0x00005555555782d0  be_code_jumpto
   0x0000555555578300  be_code_patchjump
   0x0000555555578320  be_code_prebinop
   0x0000555555578360  be_code_binop
   0x0000555555578550  be_code_unop
   0x00005555555786e0  be_code_setvar
   0x0000555555578870  be_code_nextreg
   0x00005555555788c0  be_code_getmethod
   0x0000555555578920  be_code_call
   0x0000555555578960  be_code_proto
   0x00005555555789b0  be_code_closure
   0x0000555555578a30  be_code_close
   0x0000555555578a90  be_code_nglobal
   0x0000555555578aa0  be_code_member
   0x0000555555578b00  be_code_index
   0x0000555555578b60  be_code_class
   0x0000555555578c60  be_code_setsuper
   0x0000555555578d10  be_code_import
   0x0000555555578dd0  be_code_exblk
   0x0000555555578e10  be_code_ret
   0x0000555555578f10  be_code_catch
   0x0000555555578f90  be_code_raise
   0x000055555557bfd0  be_parser_source
   0x000055555557cc90  be_bytecode_save
   0x000055555557ce40  be_bytecode_check
   0x000055555557cfb0  be_bytecode_load
   0x000055555557d230  be_writebuffer
   0x000055555557d250  be_fopen
   0x000055555557d260  be_fclose
   0x000055555557d270  be_fwrite
   0x000055555557d290  be_fread
   0x000055555557d2b0  be_fgets
   0x000055555557d2d0  be_readstring
   0x000055555557d2f0  be_fseek
   0x000055555557d300  be_ftell
   0x000055555557d310  be_fflush
   0x000055555557d330  be_fsize
   0x000055555557d380  be_isdir
   0x000055555557d3f0  be_isfile
   0x000055555557d460  be_isexist
   0x000055555557d4c0  be_getcwd
   0x000055555557d4d0  be_chdir
   0x000055555557d4e0  be_mkdir
   0x000055555557d4f0  be_unlink
   0x000055555557d500  be_dirfirst
   0x000055555557d540  be_dirnext
   0x000055555557d570  be_dirclose
   0x00001555553aedf0  rl_maybe_replace_line
   0x00001555553aee60  rl_maybe_unsave_line
   0x00001555553aeed0  rl_maybe_save_line
   0x00001555553b60a0  maybe_replace_line
   0x00001555553b60b0  maybe_save_line
   0x00001555553b60c0  maybe_unsave_line

   (Message)
   (ChatDBG gdb) bt
   #0  0x00001555551c8a40 in exit () from /lib/x86_64-linux-gnu/libc.so.6
   #1  0x00001555551a608a in __libc_start_main () from /lib/x86_64-linux-gnu/libc.so.6
   #2  0x000055555555fe5e in _start ()

   (Message)
   (ChatDBG gdb) set args tests/string.be
   (Message)
   (ChatDBG gdb) break be_pushvfstr
   Breakpoint 7 at 0x5555555742c0

   (Message)
   (ChatDBG gdb) run
   (Message)
   (ChatDBG gdb) bt
   #0  0x00005555555742c0 in be_pushvfstr ()
   #1  0x00005555555633c8 in be_pushfstring ()
   #2  0x0000555555572337 in be_loadmode ()
   #3  0x000055555555fbbf in main ()

   (Message)
   (ChatDBG gdb) continue
   (Message)
   (ChatDBG gdb) bt
   #0  0x00001555551c8a40 in exit () from /lib/x86_64-linux-gnu/libc.so.6
   #1  0x00001555551a608a in __libc_start_main () from /lib/x86_64-linux-gnu/libc.so.6
   #2  0x000055555555fe5e in _start ()

   (Message)
   (ChatDBG gdb) info functions string
   All functions matching regular expression "string":
   
   Non-debugging symbols:
   0x0000555555562ec0  be_isstring
   0x00005555555630d0  be_tostring
   0x00005555555632d0  be_pushstring
   0x0000555555563300  be_pushnstring
   0x0000555555563330  be_pushfstring
   0x0000555555565320  parser_string.part
   0x0000555555565a40  string_dump
   0x00005555555676c0  cache_string.isra
   0x000055555556d1d0  m_tostring
   0x000055555556d690  m_asstring
   0x000055555556e040  m_fromstring
   0x000055555556ead0  m_tostring
   0x000055555556f6b0  m_tostring
   0x00005555555729c0  be_string_deleteall
   0x0000555555572ca0  be_string_init
   0x0000555555576820  m_tostring
   0x000055555557c1a0  save_string
   0x000055555557c630  load_string
   0x000055555557d2d0  be_readstring
   0x00001555553a7f40  _rl_qsort_string_compare
   0x00001555553a80e0  _rl_savestring
   0x00001555553aa660  _rl_read_mbstring
   0x0000155555220ff0  __libc_alloc_buffer_copy_string
   0x00001555552241e0  __argz_stringify
   0x00001555552241e0  argz_stringify
   0x00001555552d8d00  xdr_string
   0x00001555552d8e90  xdr_wrapstring

   (Message)
   (ChatDBG gdb) info functions find
   All functions matching regular expression "find":
   
   Non-debugging symbols:
   0x0000555555560410  be_global_find
   0x0000555555560550  be_builtin_find
   0x0000555555561fe0  m_findglobal
   0x0000555555562540  find.isra
   0x00005555555626a0  be_map_find
   0x00005555555628d0  be_map_findstr
   0x000055555556f4c0  m_find
   0x0000555555573180  str_find
   0x0000555555573310  _sfind
   0x00005555555763c0  m_find
   0x0000555555579440  find_localvar.isra
   0x000015555553b490  _dl_find_dso_for_object
   0x0000155555398c20  _rl_find_completion_word
   0x00001555553b45e0  _rl_find_prev_mbchar_internal
   0x00001555553b4b10  _rl_find_next_mbchar
   0x00001555553b4df0  _rl_find_prev_mbchar
   0x00001555551a4510  _dl_find_dso_for_object@plt
   0x000015555529c1d0  __tfind
   0x000015555529c1d0  tfind
   0x000015555529dcf0  lfind
   0x00001555552bdac0  inet6_option_find
   0x00001555552be6a0  inet6_opt_find
   0x0000155555162750  _nc_find_entry
   0x0000155555162810  _nc_find_type_entry
   0x00001555551628d0  _nc_find_user_entry

   (Message)
   (ChatDBG gdb) info functions count
   All functions matching regular expression "count":
   
   Non-debugging symbols:
   0x00005555555731b0  str_count
   0x0000555555573360  _scount
   0x0000555555576390  be_gc_memcount
   0x00005555555770a0  be_class_closure_count
   0x0000155555539e10  _dl_mcount
   0x0000155555223dc0  __argz_count
   0x0000155555223dc0  argz_count
   0x000015555528f460  __sched_cpucount
   0x00001555552a4ae0  _mcount
   0x00001555552a4ae0  mcount
   0x00001555552e1a40  _dl_mcount_wrapper
   0x00001555552e1a60  _dl_mcount_wrapper_check

   (Message)
   (ChatDBG gdb) info functions split
   All functions matching regular expression "split":
   
   Non-debugging symbols:
   0x00005555555650c0  m_path_splitext
   0x0000555555565160  m_path_split
   0x00005555555733b0  str_split
   0x0000555555574a90  be_splitpath
   0x0000555555574ad0  be_splitname

   (Message)
   (ChatDBG gdb) info functions format
   All functions matching regular expression "format":
   
   Non-debugging symbols:
   0x0000555555573940  str_format
   0x000015555553edb0  _dl_exception_create_format
   0x00001555551e0cc0  parse_printf_format

   (Message)
   (ChatDBG gdb) break exit
   break abort
   break __assert_fail
   Breakpoint 8 at 0x1555551c8a40
   Breakpoint 9 at 0x1555551a472e
   Breakpoint 10 at 0x1555551b5f90

   (Message)
   (ChatDBG gdb) run
   (Message)
   (ChatDBG gdb) bt
   #0  0x00005555555742c0 in be_pushvfstr ()
   #1  0x00005555555633c8 in be_pushfstring ()
   #2  0x0000555555572337 in be_loadmode ()
   #3  0x000055555555fbbf in main ()

   (Message)
   (ChatDBG gdb) delete 7
   continue
   (Message)
   (ChatDBG gdb) bt
   #0  0x00001555551c8a40 in exit () from /lib/x86_64-linux-gnu/libc.so.6
   #1  0x00001555551a608a in __libc_start_main () from /lib/x86_64-linux-gnu/libc.so.6
   #2  0x000055555555fe5e in _start ()

   (Message)
   (ChatDBG gdb) code /work/src/be_strlib.c:330
   323     return sout;
   324 }
   325 
   326 /* string subscript operation */
   327 bstring* be_strindex(bvm *vm, bstring *str, bvalue *idx)
   328 {
   329     if (var_isint(idx)) {
   330         int pos = var_toidx(idx);
   331         if (pos < str_len(str)) {
   332             return be_newstrn(vm, str(str) + pos, 1);
   333         }

   (Message)
   (ChatDBG gdb) code /work/src/be_strlib.c:307
   300             sum *= ratio;
   301         }
   302     }
   303     if (endstr) {
   304         *endstr = str - 1;
   305     }
   306     return sign == '-' ? -sum : sum;
   307 }
   308 
   309 /* convert a string to a number (integer or real).
   310  * 1. skip \s*[\+\-]?\d*

   (ChatDBG gdb) code /work/src/be_strlib.c:327
   320     } else {
   321         be_pushint(vm, vint);
   322     }
   323     return sout;
   324 }
   325 
   326 /* string subscript operation */
   327 bstring* be_strindex(bvm *vm, bstring *str, bvalue *idx)
   328 {
   329     if (var_isint(idx)) {
   330         int pos = var_toidx(idx);

   (ChatDBG gdb) code /work/src/be_strlib.c:350
   343     if (srclen + 1 < maxlen) {
   344         memcpy(dst, src, srclen + 1);
   345     } else if (maxlen != 0) {
   346         memcpy(dst, src, maxlen - 1);
   347         dst[maxlen-1] = '\0';
   348     }
   349     return srclen;
   350 }
   351 
   352 const char* be_splitpath(const char *path)
   353 {

   (ChatDBG gdb) code /work/src/be_strlib.c:390
   383             if (c < 0x20)
   384                 len += step;
   385             else if (c == (unsigned)quote)
   386                 len += 1;
   387             break;
   388         }
   389     }
   390     return len;
   391 }
   392 
   393 static unsigned eschex(unsigned num)

   (ChatDBG gdb) code /work/src/be_strlib.c:430
   423         }
   424         break;
   425     }
   426     return q;
   427 }
   428 
   429 static void toescape(bvm *vm, int index, int quote)
   430 {
   431     char *buf, *q;
   432     const char *p, *s = be_tostring(vm, index);
   433     size_t len = (size_t)be_strlen(vm, index);

   (ChatDBG gdb) code /work/src/be_strlib.c:470
   463     if (is_digit(*s)) {
   464         ++s;
   465     }
   466     if (is_digit(*s)) {
   467         ++s;
   468     }
   469     return s;
   470 }
   471 
   472 static const char* get_mode(const char *str, char *buf)
   473 {

   (Message)
   (ChatDBG gdb) code /work/src/be_strlib.c:309
   302     }
   303     if (endstr) {
   304         *endstr = str - 1;
   305     }
   306     return sign == '-' ? -sum : sum;
   307 }
   308 
   309 /* convert a string to a number (integer or real).
   310  * 1. skip \s*[\+\-]?\d*
   311  * 2. matched [.eE]? yes: real, no: integer.
   312  **/

   (ChatDBG gdb) code /work/src/be_strlib.c:333
   326 /* string subscript operation */
   327 bstring* be_strindex(bvm *vm, bstring *str, bvalue *idx)
   328 {
   329     if (var_isint(idx)) {
   330         int pos = var_toidx(idx);
   331         if (pos < str_len(str)) {
   332             return be_newstrn(vm, str(str) + pos, 1);
   333         }
   334         be_raise(vm, "index_error", "string index out of range");
   335     }
   336     be_raise(vm, "index_error", "string indices must be integers");

   (ChatDBG gdb) code /work/src/be_strlib.c:352
   345     } else if (maxlen != 0) {
   346         memcpy(dst, src, maxlen - 1);
   347         dst[maxlen-1] = '\0';
   348     }
   349     return srclen;
   350 }
   351 
   352 const char* be_splitpath(const char *path)
   353 {
   354     const char *p;
   355     for (p = path - 1; *path != '\0'; ++path) {

   (ChatDBG gdb) code /work/src/be_strlib.c:472
   465     }
   466     if (is_digit(*s)) {
   467         ++s;
   468     }
   469     return s;
   470 }
   471 
   472 static const char* get_mode(const char *str, char *buf)
   473 {
   474     const char *p = str;
   475     while (*p && strchr(FLAGES, *p)) { /* skip flags */

   (ChatDBG gdb) code /work/src/be_strlib.c:510
   503         pushstr(vm, "", 0);
   504         for (;;) {
   505             char mode[MAX_FORMAT_MODE];
   506             char buf[128];
   507             const char *p = strchr(format, '%');
   508             if (p == NULL) {
   509                 break;
   510             }
   511             pushstr(vm, format, p - format);
   512             concat2(vm);
   513             p = get_mode(p + 1, mode);

   (ChatDBG gdb) code /work/src/be_strlib.c:550
   543                 int len = be_strlen(vm, 2);
   544                 if (len > 100 && strlen(mode) == 2) {
   545                     be_pushvalue(vm, index);
   546                 } else {
   547                     sprintf(buf, mode, s);
   548                     be_pushstring(vm, buf);
   549                 }
   550                 break;
   551             }
   552             default: /* error */
   553                 be_raise(vm, "runtime_error", be_pushfstring(vm,

   (Message)
   (ChatDBG gdb) code /work/src/be_strlib.c:313
   306     return sign == '-' ? -sum : sum;
   307 }
   308 
   309 /* convert a string to a number (integer or real).
   310  * 1. skip \s*[\+\-]?\d*
   311  * 2. matched [.eE]? yes: real, no: integer.
   312  **/
   313 BERRY_API const char *be_str2num(bvm *vm, const char *str)
   314 {
   315     const char *sout;
   316     bint c, vint = be_str2int(str, &sout);

   (ChatDBG gdb) code /work/src/be_strlib.c:354
   347         dst[maxlen-1] = '\0';
   348     }
   349     return srclen;
   350 }
   351 
   352 const char* be_splitpath(const char *path)
   353 {
   354     const char *p;
   355     for (p = path - 1; *path != '\0'; ++path) {
   356         if (*path == '/') {
   357             p = path;

   (ChatDBG gdb) code /work/src/be_strlib.c:475
   468     }
   469     return s;
   470 }
   471 
   472 static const char* get_mode(const char *str, char *buf)
   473 {
   474     const char *p = str;
   475     while (*p && strchr(FLAGES, *p)) { /* skip flags */
   476         ++p;
   477     }
   478     p = skip2dig(p); /* skip width (2 digits at most) */

   (ChatDBG gdb) code /work/src/be_strlib.c:499
   492     strcpy(mode + l - 1, lenmode);
   493     mode[l + lm - 1] = spec;
   494     mode[l + lm] = '\0';
   495 }
   496 
   497 static int str_format(bvm *vm)
   498 {
   499     int top = be_top(vm);
   500     if (top > 0 && be_isstring(vm, 1)) {
   501         int index = 2;
   502         const char *format = be_tostring(vm, 1);

   (ChatDBG gdb) code /work/src/be_strlib.c:523
   516                 be_raise(vm, "runtime_error", be_pushfstring(vm,
   517                     "bad argument #%d to 'format': no value", index));
   518             }
   519             switch (*p) {
   520             case 'd': case 'i': case 'o':
   521             case 'u': case 'x': case 'X':
   522                 if (be_isint(vm, index)) {
   523                     mode_fixlen(mode, BE_INT_FMTLEN);
   524                     sprintf(buf, mode, be_toint(vm, index));
   525                 }
   526                 be_pushstring(vm, buf);

   (ChatDBG gdb) code /work/src/be_strlib.c:552
   545                     be_pushvalue(vm, index);
   546                 } else {
   547                     sprintf(buf, mode, s);
   548                     be_pushstring(vm, buf);
   549                 }
   550                 break;
   551             }
   552             default: /* error */
   553                 be_raise(vm, "runtime_error", be_pushfstring(vm,
   554                     "invalid option '%%%c' to 'format'", *p));
   555                 break;

   (Message)
   (ChatDBG gdb) code /work/src/be_strlib.c:316
   309 /* convert a string to a number (integer or real).
   310  * 1. skip \s*[\+\-]?\d*
   311  * 2. matched [.eE]? yes: real, no: integer.
   312  **/
   313 BERRY_API const char *be_str2num(bvm *vm, const char *str)
   314 {
   315     const char *sout;
   316     bint c, vint = be_str2int(str, &sout);
   317     c = *sout;
   318     if (c == '.' || c == 'e' || c == 'E') {
   319         be_pushreal(vm, be_str2real(str, &sout));

   (ChatDBG gdb) code /work/src/be_strlib.c:478
   472 static const char* get_mode(const char *str, char *buf)
   473 {
   474     const char *p = str;
   475     while (*p && strchr(FLAGES, *p)) { /* skip flags */
   476         ++p;
   477     }
   478     p = skip2dig(p); /* skip width (2 digits at most) */
   479     if (*p == '.') {
   480         p = skip2dig(++p); /* skip width (2 digits at most) */
   481     }

   (ChatDBG gdb) code /work/src/be_strlib.c:487
   480         p = skip2dig(++p); /* skip width (2 digits at most) */
   481     }
   482     *(buf++) = '%';
   483     strncpy(buf, str, p - str + 1);
   484     buf[p - str + 1] = '\0';
   485     return p;
   486 }
   487 
   488 static void mode_fixlen(char *mode, const char *lenmode)
   489 {
   490     size_t l = strlen(mode), lm = strlen(lenmode);

   (ChatDBG gdb) code /work/src/be_strlib.c:513
   506             char buf[128];
   507             const char *p = strchr(format, '%');
   508             if (p == NULL) {
   509                 break;
   510             }
   511             pushstr(vm, format, p - format);
   512             concat2(vm);
   513             p = get_mode(p + 1, mode);
   514             buf[0] = '\0';
   515             if (index > top) {
   516                 be_raise(vm, "runtime_error", be_pushfstring(vm,

   (ChatDBG gdb) code /work/src/be_strlib.c:526
   519             switch (*p) {
   520             case 'd': case 'i': case 'o':
   521             case 'u': case 'x': case 'X':
   522                 if (be_isint(vm, index)) {
   523                     mode_fixlen(mode, BE_INT_FMTLEN);
   524                     sprintf(buf, mode, be_toint(vm, index));
   525                 }
   526                 be_pushstring(vm, buf);
   527                 break;
   528             case 'e': case 'E':
   529             case 'f': case 'g': case 'G':

   (ChatDBG gdb) code /work/src/be_strlib.c:536
   529             case 'f': case 'g': case 'G':
   530                 if (be_isnumber(vm, index)) {
   531                     sprintf(buf, mode, be_toreal(vm, index));
   532                 }
   533                 be_pushstring(vm, buf);
   534                 break;
   535             case 'c':
   536                 if (be_isint(vm, index)) {
   537                     sprintf(buf, "%c", (int)be_toint(vm, index));
   538                 }
   539                 be_pushstring(vm, buf);

   (Message)
   (ChatDBG gdb) code /work/src/be_strlib.c:319
   312  **/
   313 BERRY_API const char *be_str2num(bvm *vm, const char *str)
   314 {
   315     const char *sout;
   316     bint c, vint = be_str2int(str, &sout);
   317     c = *sout;
   318     if (c == '.' || c == 'e' || c == 'E') {
   319         be_pushreal(vm, be_str2real(str, &sout));
   320     } else {
   321         be_pushint(vm, vint);
   322     }

   (ChatDBG gdb) code /work/src/be_strlib.c:537
   530                 if (be_isnumber(vm, index)) {
   531                     sprintf(buf, mode, be_toreal(vm, index));
   532                 }
   533                 be_pushstring(vm, buf);
   534                 break;
   535             case 'c':
   536                 if (be_isint(vm, index)) {
   537                     sprintf(buf, "%c", (int)be_toint(vm, index));
   538                 }
   539                 be_pushstring(vm, buf);
   540                 break;

   (ChatDBG gdb) code /work/src/be_strlib.c:555
   548                     be_pushstring(vm, buf);
   549                 }
   550                 break;
   551             }
   552             default: /* error */
   553                 be_raise(vm, "runtime_error", be_pushfstring(vm,
   554                     "invalid option '%%%c' to 'format'", *p));
   555                 break;
   556             }
   557             concat2(vm);
   558             format = p + 1;

   (ChatDBG gdb) code /work/src/be_strlib.c:570
   563         be_return(vm);
   564     }
   565     be_return_nil(vm);
   566 }
   567 
   568 /* string.op(s1, s2, begin=0, end=length(s2)) */
   569 static bint str_operation(bvm *vm, str_opfunc func, bint error)
   570 {
   571     int top = be_top(vm);
   572     /* check the number and type of arguments */
   573     if (top >= 2 && be_isstring(vm, 1) && be_isstring(vm, 2)) {

   (ChatDBG gdb) code /work/src/be_strlib.c:610
   603     return -1;
   604 }
   605 
   606 static int str_find(bvm *vm)
   607 {
   608     be_pushint(vm, str_operation(vm, _sfind, -1));
   609     be_return(vm);
   610 }
   611 
   612 static bint _scount(const char *s1, const char *s2, bint begin, bint end)
   613 {

   (ChatDBG gdb) code /work/src/be_strlib.c:650
   643             be_pop(vm, 1);
   644             s1 = res + len2;
   645         }
   646         be_pushstring(vm, s1);
   647         be_data_push(vm, -2);
   648         be_pop(vm, 1);
   649         return btrue;
   650     }
   651     return bfalse;
   652 }

   (Message)
   (ChatDBG gdb) code /work/src/be_strlib.c:559
   552             default: /* error */
   553                 be_raise(vm, "runtime_error", be_pushfstring(vm,
   554                     "invalid option '%%%c' to 'format'", *p));
   555                 break;
   556             }
   557             concat2(vm);
   558             format = p + 1;
   559             ++index;
   560         }
   561         pushstr(vm, format, strlen(format));
   562         concat2(vm);

   (ChatDBG gdb) code /work/src/be_strlib.c:574
   568 /* string.op(s1, s2, begin=0, end=length(s2)) */
   569 static bint str_operation(bvm *vm, str_opfunc func, bint error)
   570 {
   571     int top = be_top(vm);
   572     /* check the number and type of arguments */
   573     if (top >= 2 && be_isstring(vm, 1) && be_isstring(vm, 2)) {
   574         /* get the operation string and its length */
   575         int len1 = be_strlen(vm, 1);
   576         int len2 = be_strlen(vm, 2);
   577         const char *s1 = be_tostring(vm, 1);

   (ChatDBG gdb) code /work/src/be_strlib.c:590
   583          * 1. begin position must be greater than 0 and
   584          *    less than the length of the source string.
   585          * 2. the length of the pattern string cannot be
   586          *    less than the matching range (end - begin).
   587          **/
   588         if (begin >= 0 && begin <= len1 && end - begin >= len2) {
   589             /* call the operation function */
   590             return func(s1, s2, begin, end - len2);
   591         }
   592     }
   593     return error; /* returns the default error value */

   (ChatDBG gdb) code /work/src/be_strlib.c:612
   606 static int str_find(bvm *vm)
   607 {
   608     be_pushint(vm, str_operation(vm, _sfind, -1));
   609     be_return(vm);
   610 }
   611 
   612 static bint _scount(const char *s1, const char *s2, bint begin, bint end)
   613 {
   614     bint count = 0;
   615     const char *res = s1 + begin, *send = s1 + end;

   (ChatDBG gdb) code /work/src/be_strlib.c:626
   619     }
   620     return count;
   621 }
   622 
   623 static int str_count(bvm *vm)
   624 {
   625     be_pushint(vm, str_operation(vm, _scount, 0));
   626     be_return(vm);
   627 }
   628 
   629 static bbool _split_string(bvm *vm, int top)

   (ChatDBG gdb) code /work/src/be_strlib.c:653
   646         be_pushstring(vm, s1);
   647         be_data_push(vm, -2);
   648         be_pop(vm, 1);
   649         return btrue;
   650     }
   651     return bfalse;
   652 }
   653 
   654 static bbool _split_index(bvm *vm)
   655 {
   656     if (be_isint(vm, 2)) {

   (Message)
   (ChatDBG gdb) code /work/src/be_strlib.c:577
   570 {
   571     int top = be_top(vm);
   572     /* check the number and type of arguments */
   573     if (top >= 2 && be_isstring(vm, 1) && be_isstring(vm, 2)) {
   574         /* get the operation string and its length */
   575         int len1 = be_strlen(vm, 1);
   576         int len2 = be_strlen(vm, 2);
   577         const char *s1 = be_tostring(vm, 1);
   578         const char *s2 = be_tostring(vm, 2);
   579         /* get begin and end indexes (may use default values) */
   580         bint begin = top >= 3 && be_isint(vm, 3) ? be_toint(vm, 3) : 0;

   (ChatDBG gdb) code /work/src/be_strlib.c:592
   585          * 2. the length of the pattern string cannot be
   586          *    less than the matching range (end - begin).
   587          **/
   588         if (begin >= 0 && begin <= len1 && end - begin >= len2) {
   589             /* call the operation function */
   590             return func(s1, s2, begin, end - len2);
   591         }
   592     }
   593     return error; /* returns the default error value */
   594 }

   (ChatDBG gdb) code /work/src/be_strlib.c:614
   607 {
   608     be_pushint(vm, str_operation(vm, _sfind, -1));
   609     be_return(vm);
   610 }
   611 
   612 static bint _scount(const char *s1, const char *s2, bint begin, bint end)
   613 {
   614     bint count = 0;
   615     const char *res = s1 + begin, *send = s1 + end;
   616     while ((res = strstr(res, s2)) != NULL && res <= send) {
   617         count += 1;

   (ChatDBG gdb) code /work/src/be_strlib.c:629
   623 static int str_count(bvm *vm)
   624 {
   625     be_pushint(vm, str_operation(vm, _scount, 0));
   626     be_return(vm);
   627 }
   628 
   629 static bbool _split_string(bvm *vm, int top)
   630 {
   631     if (be_isstring(vm, 2)) {
   632         const char *res;

   (ChatDBG gdb) code /work/src/be_strlib.c:654
   647         be_data_push(vm, -2);
   648         be_pop(vm, 1);
   649         return btrue;
   650     }
   651     return bfalse;
   652 }
   653 
   654 static bbool _split_index(bvm *vm)
   655 {
   656     if (be_isint(vm, 2)) {
   657         int len = be_strlen(vm, 1), idx = be_toindex(vm, 2);

   (ChatDBG gdb) code /work/src/be_strlib.c:690
   683     be_return(vm);
   684 }
   685 
   686 static int str_i2hex(bvm *vm)
   687 {
   688     int top = be_top(vm);
   689     if (top && be_isint(vm, 1)) {
   690         bint value = be_toint(vm, 1);
   691         char fmt[10] = { "%" BE_INT_FMTLEN "X" }, buf[18];
   692         if (top >= 2 && be_isint(vm, 2)) {
   693             bint num = be_toint(vm, 2);

   (Message)
   (ChatDBG gdb) code /work/src/be_strlib.c:580
   573     if (top >= 2 && be_isstring(vm, 1) && be_isstring(vm, 2)) {
   574         /* get the operation string and its length */
   575         int len1 = be_strlen(vm, 1);
   576         int len2 = be_strlen(vm, 2);
   577         const char *s1 = be_tostring(vm, 1);
   578         const char *s2 = be_tostring(vm, 2);
   579         /* get begin and end indexes (may use default values) */
   580         bint begin = top >= 3 && be_isint(vm, 3) ? be_toint(vm, 3) : 0;
   581         bint end = top >= 4 && be_isint(vm, 4) ? be_toint(vm, 4) : len1;
   582         /* basic range check:
   583          * 1. begin position must be greater than 0 and

   (ChatDBG gdb) code /work/src/be_strlib.c:595
   588         if (begin >= 0 && begin <= len1 && end - begin >= len2) {
   589             /* call the operation function */
   590             return func(s1, s2, begin, end - len2);
   591         }
   592     }
   593     return error; /* returns the default error value */
   594 }
   595 
   596 static bint _sfind(const char *s1, const char *s2, bint begin, bint end)
   597 {
   598     const char *res = strstr(s1 + begin, s2);

   (ChatDBG gdb) code /work/src/be_strlib.c:616
   609     be_return(vm);
   610 }
   611 
   612 static bint _scount(const char *s1, const char *s2, bint begin, bint end)
   613 {
   614     bint count = 0;
   615     const char *res = s1 + begin, *send = s1 + end;
   616     while ((res = strstr(res, s2)) != NULL && res <= send) {
   617         count += 1;
   618         res += 1;
   619     }

   (ChatDBG gdb) code /work/src/be_strlib.c:632
   625     be_pushint(vm, str_operation(vm, _scount, 0));
   626     be_return(vm);
   627 }
   628 
   629 static bbool _split_string(bvm *vm, int top)
   630 {
   631     if (be_isstring(vm, 2)) {
   632         const char *res;
   633         int len1 = be_strlen(vm, 1);
   634         int len2 = be_strlen(vm, 2);
   635         const char *s1 = be_tostring(vm, 1);

   (ChatDBG gdb) code /work/src/be_strlib.c:657
   650     }
   651     return bfalse;
   652 }
   653 
   654 static bbool _split_index(bvm *vm)
   655 {
   656     if (be_isint(vm, 2)) {
   657         int len = be_strlen(vm, 1), idx = be_toindex(vm, 2);
   658         const char *s = be_tostring(vm, 1);
   659         idx = idx > len ? len : idx < -len ? -len : idx;
   660         if (idx < 0) {

   (ChatDBG gdb) code /work/src/be_strlib.c:700
   693             bint num = be_toint(vm, 2);
   694             if (num > 0 && num <= 16) {
   695                 sprintf(fmt, "%%.%d" BE_INT_FMTLEN "X", (int)num);
   696             }
   697         }
   698         sprintf(buf, fmt, value);
   699         be_pushstring(vm, buf);
   700         be_return(vm);
   701     }
   702     be_return_nil(vm);
   703 }

   (Message)
   (ChatDBG gdb) code /work/src/be_strlib.c:596
   589             /* call the operation function */
   590             return func(s1, s2, begin, end - len2);
   591         }
   592     }
   593     return error; /* returns the default error value */
   594 }
   595 
   596 static bint _sfind(const char *s1, const char *s2, bint begin, bint end)
   597 {
   598     const char *res = strstr(s1 + begin, s2);
   599     if (res) {

   (ChatDBG gdb) code /work/src/be_strlib.c:635
   629 static bbool _split_string(bvm *vm, int top)
   630 {
   631     if (be_isstring(vm, 2)) {
   632         const char *res;
   633         int len1 = be_strlen(vm, 1);
   634         int len2 = be_strlen(vm, 2);
   635         const char *s1 = be_tostring(vm, 1);
   636         const char *s2 = be_tostring(vm, 2);
   637         bint count = len2 /* match when the pattern string is not empty */
   638             ? top >= 3 && be_isint(vm, 3) ? be_toint(vm, 3) : len1

   (ChatDBG gdb) code /work/src/be_strlib.c:660
   654 static bbool _split_index(bvm *vm)
   655 {
   656     if (be_isint(vm, 2)) {
   657         int len = be_strlen(vm, 1), idx = be_toindex(vm, 2);
   658         const char *s = be_tostring(vm, 1);
   659         idx = idx > len ? len : idx < -len ? -len : idx;
   660         if (idx < 0) {
   661             idx += len;
   662         }
   663         be_pushnstring(vm, s, idx);

   (ChatDBG gdb) code /work/src/be_strlib.c:704
   697         }
   698         sprintf(buf, fmt, value);
   699         be_pushstring(vm, buf);
   700         be_return(vm);
   701     }
   702     be_return_nil(vm);
   703 }
   704 
   705 static int str_byte(bvm *vm)
   706 {
   707     if (be_top(vm) && be_isstring(vm, 1)) {

   (ChatDBG gdb) code /work/src/be_strlib.c:740
   733         /* convert to lower case */
   734         for (p = s; *p != '\0'; ++p, ++q) {
   735             *q = up ? toupper(*p) : tolower(*p);
   736         }
   737         be_pushnstring(vm, buf, len); /* make escape string from buffer */
   738         be_remove(vm, 2); /* remove buffer */
   739         be_return(vm);
   740     }
   741     be_return_nil(vm);
   742 }

   (ChatDBG gdb) code /work/src/be_strlib.c:780
   773     find, func(str_find)
   774     hex, func(str_i2hex)
   775     byte, func(str_byte)
   776     char, func(str_char)
   777     tolower, func(str_tolower)
   778     toupper, func(str_toupper)
   779 }
   780 @const_object_info_end */
   781 #include "../generate/be_fixed_string.h"
   782 #endif

   (Message)
   (ChatDBG gdb) code /work/src/be_strlib.c:599
   592     }
   593     return error; /* returns the default error value */
   594 }
   595 
   596 static bint _sfind(const char *s1, const char *s2, bint begin, bint end)
   597 {
   598     const char *res = strstr(s1 + begin, s2);
   599     if (res) {
   600         bint pos = (bint)(res - s1);
   601         return pos <= end ? pos : -1;
   602     }

   (ChatDBG gdb) code /work/src/be_strlib.c:638
   631     if (be_isstring(vm, 2)) {
   632         const char *res;
   633         int len1 = be_strlen(vm, 1);
   634         int len2 = be_strlen(vm, 2);
   635         const char *s1 = be_tostring(vm, 1);
   636         const char *s2 = be_tostring(vm, 2);
   637         bint count = len2 /* match when the pattern string is not empty */
   638             ? top >= 3 && be_isint(vm, 3) ? be_toint(vm, 3) : len1
   639             : 0; /* cannot match empty pattern string */
   640         while (count-- && (res = strstr(s1, s2)) != NULL) {
   641             be_pushnstring(vm, s1, res - s1);

   (ChatDBG gdb) code /work/src/be_strlib.c:663
   656     if (be_isint(vm, 2)) {
   657         int len = be_strlen(vm, 1), idx = be_toindex(vm, 2);
   658         const char *s = be_tostring(vm, 1);
   659         idx = idx > len ? len : idx < -len ? -len : idx;
   660         if (idx < 0) {
   661             idx += len;
   662         }
   663         be_pushnstring(vm, s, idx);
   664         be_data_push(vm, -2);
   665         be_pop(vm, 1);
   666         be_pushnstring(vm, s + idx, (size_t)len - idx);

   (ChatDBG gdb) code /work/src/be_strlib.c:707
   700         be_return(vm);
   701     }
   702     be_return_nil(vm);
   703 }
   704 
   705 static int str_byte(bvm *vm)
   706 {
   707     if (be_top(vm) && be_isstring(vm, 1)) {
   708         const bbyte *s = (const bbyte *)be_tostring(vm, 1);
   709         be_pushint(vm, *s);
   710         be_return(vm);

   (ChatDBG gdb) code /work/src/be_strlib.c:742
   735             *q = up ? toupper(*p) : tolower(*p);
   736         }
   737         be_pushnstring(vm, buf, len); /* make escape string from buffer */
   738         be_remove(vm, 2); /* remove buffer */
   739         be_return(vm);
   740     }
   741     be_return_nil(vm);
   742 }
   743 
   744 static int str_tolower(bvm *vm) {
   745     return str_touplower(vm, bfalse);

   (ChatDBG gdb) code /work/src/be_strlib.c:760
   753 #if !BE_USE_PRECOMPILED_OBJECT
   754 be_native_module_attr_table(string) {
   755     be_native_module_function("format", str_format),
   756     be_native_module_function("count", str_count),
   757     be_native_module_function("split", str_split),
   758     be_native_module_function("find", str_find),
   759     be_native_module_function("hex", str_i2hex),
   760     be_native_module_function("byte", str_byte),
   761     be_native_module_function("char", str_char),
   762     be_native_module_function("tolower", str_tolower),
   763     be_native_module_function("toupper", str_toupper),

   (Message)
   (ChatDBG gdb) code /work/src/be_strlib.c:603
   596 static bint _sfind(const char *s1, const char *s2, bint begin, bint end)
   597 {
   598     const char *res = strstr(s1 + begin, s2);
   599     if (res) {
   600         bint pos = (bint)(res - s1);
   601         return pos <= end ? pos : -1;
   602     }
   603     return -1;
   604 }
   605 
   606 static int str_find(bvm *vm)

   (ChatDBG gdb) code /work/src/be_strlib.c:640
   633         int len1 = be_strlen(vm, 1);
   634         int len2 = be_strlen(vm, 2);
   635         const char *s1 = be_tostring(vm, 1);
   636         const char *s2 = be_tostring(vm, 2);
   637         bint count = len2 /* match when the pattern string is not empty */
   638             ? top >= 3 && be_isint(vm, 3) ? be_toint(vm, 3) : len1
   639             : 0; /* cannot match empty pattern string */
   640         while (count-- && (res = strstr(s1, s2)) != NULL) {
   641             be_pushnstring(vm, s1, res - s1);
   642             be_data_push(vm, -2);
   643             be_pop(vm, 1);

   (ChatDBG gdb) code /work/src/be_strlib.c:666
   659         idx = idx > len ? len : idx < -len ? -len : idx;
   660         if (idx < 0) {
   661             idx += len;
   662         }
   663         be_pushnstring(vm, s, idx);
   664         be_data_push(vm, -2);
   665         be_pop(vm, 1);
   666         be_pushnstring(vm, s + idx, (size_t)len - idx);
   667         be_data_push(vm, -2);
   668         be_pop(vm, 1);
   669         return btrue;

   (ChatDBG gdb) code /work/src/be_strlib.c:711
   705 static int str_byte(bvm *vm)
   706 {
   707     if (be_top(vm) && be_isstring(vm, 1)) {
   708         const bbyte *s = (const bbyte *)be_tostring(vm, 1);
   709         be_pushint(vm, *s);
   710         be_return(vm);
   711     }
   712     be_return_nil(vm);
   713 }

   (ChatDBG gdb) code /work/src/be_strlib.c:720
   713 }
   714 
   715 static int str_char(bvm *vm)
   716 {
   717     if (be_top(vm) && be_isint(vm, 1)) {
   718         char c = be_toint(vm, 1) & 0xFF;
   719         be_pushnstring(vm, &c, 1);
   720         be_return(vm);
   721     }
   722     be_return_nil(vm);
   723 }

   (ChatDBG gdb) code /work/src/be_strlib.c:744
   737         be_pushnstring(vm, buf, len); /* make escape string from buffer */
   738         be_remove(vm, 2); /* remove buffer */
   739         be_return(vm);
   740     }
   741     be_return_nil(vm);
   742 }
   743 
   744 static int str_tolower(bvm *vm) {
   745     return str_touplower(vm, bfalse);
   746 }

   (Message)
   (ChatDBG gdb) code /work/tests/string.be:5
   1 import string as s
   2 
   3 assert(s.find('012345', '23') == 2)
   4 assert(s.find('012345', '23', 1) == 2)
   5 assert(s.find('012345', '23', 1, 3) == -1)
   6 assert(s.find('012345', '23', 2, 4) == 2)
   7 assert(s.find('012345', '23', 3) == -1)

   (Message)
   (ChatDBG gdb) break __assert_fail
   break str_find
   run
   Breakpoint 11 at 0x1555551b5f90
   Breakpoint 12 at 0x555555573180

   (Message)
   (ChatDBG gdb) bt
   #0  0x00001555551c8a40 in exit () from /lib/x86_64-linux-gnu/libc.so.6
   #1  0x00001555551a608a in __libc_start_main () from /lib/x86_64-linux-gnu/libc.so.6
   #2  0x000055555555fe5e in _start ()

   (Message)
   (ChatDBG gdb) kill
   [Inferior 1 (process 1074) killed]

   (Message)
   (ChatDBG gdb) run
   (Message)
   (ChatDBG gdb) bt
   #0  0x00001555551c8a40 in exit () from /lib/x86_64-linux-gnu/libc.so.6
   #1  0x00001555551a608a in __libc_start_main () from /lib/x86_64-linux-gnu/libc.so.6
   #2  0x000055555555fe5e in _start ()

   (Message)
   (ChatDBG gdb) info break
   Num     Type           Disp Enb Address            What
   1       catchpoint     keep y                      exec
           silent
           continue
   2       breakpoint     keep y   0x0000555555564580 <be_raise>
   3       breakpoint     keep y   0x00001555551a472e <abort>
   4       breakpoint     keep y   0x00001555551b5f90 <__assert_fail>
   5       breakpoint     keep y   0x00001555551c8a40 <exit>
           breakpoint already hit 1 time
   6       breakpoint     keep y   0x0000155555265110 <_exit>
   8       breakpoint     keep y   0x00001555551c8a40 <exit>
           breakpoint already hit 1 time
   9       breakpoint     keep y   0x00001555551a472e <abort>
   10      breakpoint     keep y   0x00001555551b5f90 <__assert_fail>
   11      breakpoint     keep y   0x00001555551b5f90 <__assert_fail>
   12      breakpoint     keep y   0x0000555555573180 <str_find>

   (Message)
   (ChatDBG gdb) delete
   break main
   run
   Breakpoint 13 at 0x55555555f8f0

   (Message)
   (ChatDBG gdb) bt
   #0  0x000055555555f8f0 in main ()

   (Message)
   (ChatDBG gdb) info args
   x/s *(char***)($rsp+0x10)
   No symbol table info available.
   0x7fffffffd868: "\214\334\377\377\377\177"

   (Message)
   (ChatDBG gdb) x/20i $pc
   => 0x55555555f8f0 <main>:       endbr64
      0x55555555f8f4 <main+4>:     push   %r15
      0x55555555f8f6 <main+6>:     mov    %rsi,%r15
      0x55555555f8f9 <main+9>:     push   %r14
      0x55555555f8fb <main+11>:    push   %r13
      0x55555555f8fd <main+13>:    push   %r12
      0x55555555f8ff <main+15>:    push   %rbp
      0x55555555f900 <main+16>:    push   %rbx
      0x55555555f901 <main+17>:    mov    %edi,%ebx
      0x55555555f903 <main+19>:    sub    $0x28,%rsp
      0x55555555f907 <main+23>:    call   0x555555568e10 <be_vm_new>
      0x55555555f90c <main+28>:    lea    0x210af(%rip),%rsi        # 0x5555555809c2
      0x55555555f913 <main+35>:    mov    %rax,%rdi
      0x55555555f916 <main+38>:    mov    %rax,%rbp
      0x55555555f919 <main+41>:    call   0x555555560980 <be_module_path_set>
      0x55555555f91e <main+46>:    cmp    $0x1,%ebx
      0x55555555f921 <main+49>:    jle    0x55555555fa59 <main+361>
      0x55555555f927 <main+55>:    movq   $0x0,(%rsp)
      0x55555555f92f <main+63>:    xor    %r13d,%r13d
      0x55555555f932 <main+66>:    mov    $0x1,%r8d

   (Message)
   (ChatDBG gdb) p $edi
   x/3gx $rsi
   x/s *(char**)$rsi
   x/s *((char**)$rsi+1)
   $1 = 2
   0x7fffffffd868: 0x00007fffffffdc8c      0x00007fffffffdc98
   0x7fffffffd878: 0x0000000000000000
   0x7fffffffdc8c: "/work/berry"
   0x7fffffffdc98: "tests/string.be"

error: cannot open file 'tests/string.be'.
   (Message)
   (ChatDBG gdb) break str_find
   continue
   Breakpoint 14 at 0x555555573180

   (Message)
   (ChatDBG gdb) bt
   No stack.
   (Message)
   (ChatDBG gdb) info program
   bt
   No stack.
   (Message)
   (ChatDBG gdb) cd /work
   run
   (Message)
   (ChatDBG gdb) bt
   #0  0x000055555555f8f0 in main ()

   (Message)
   (ChatDBG gdb) continue
   (Message)
   (ChatDBG gdb) bt
   #0  0x0000555555573180 in str_find ()
   #1  0x000055555556a594 in vm_exec ()
   #2  0x0000555555572144 in be_execprotected ()
   #3  0x00005555555724f5 in be_protectedcall ()
   #4  0x000055555555fdac in main ()

   (Message)
   (ChatDBG gdb) set $vm=$rdi
   p (int)be_top($vm)
   p (char*)be_tostring($vm,1)
   p (char*)be_tostring($vm,2)
   p (long)be_toint($vm,3)
   p (long)be_toint($vm,4)
   $2 = 2
   $3 = 0x5555555913f0 "012345"
   $4 = 0x555555591570 "23"
   $5 = 0
   $6 = 0

   (Message)
   (ChatDBG gdb) finish
   (Message)
   (ChatDBG gdb) p (long)be_toint($vm,-1)
   continue
   $7 = 2

   (Message)
   (ChatDBG gdb) set $vm=$rdi
   p (int)be_top($vm)
   p (char*)be_tostring($vm,1)
   p (char*)be_tostring($vm,2)
   p be_isint($vm,3)
   p (long)be_toint($vm,3)
   p be_isint($vm,4)
   'be_isint' has unknown return type; cast the call to its declared return type
   (Message)
   (ChatDBG gdb) p (int)be_top($rdi)
   p (char*)be_tostring($rdi,1)
   p (char*)be_tostring($rdi,2)
   p (int)be_isint($rdi,3)
   p (long)be_toint($rdi,3)
   p (int)be_isint($rdi,4)
   $11 = 3
   $12 = 0x5555555913f0 "012345"
   $13 = 0x555555591570 "23"
   $14 = 1431894529
   $15 = 1
   $16 = 1431894528

   (Message)
   (ChatDBG gdb) break be_raise
   continue
   Breakpoint 15 at 0x555555564580

   (Message)
   (ChatDBG gdb) bt
   #0  0x0000555555573180 in str_find ()
   #1  0x000055555556a594 in vm_exec ()
   #2  0x0000555555572144 in be_execprotected ()
   #3  0x00005555555724f5 in be_protectedcall ()
   #4  0x000055555555fdac in main ()

   (Message)
   (ChatDBG gdb) finish
   p (long)be_toint($vm,-1)
   continue
   $17 = -1

   (Message)
   (ChatDBG gdb) bt
   set $vm=$rdi
   p (int)be_top($rdi)
   p (char*)be_tostring($rdi,1)
   p (char*)be_tostring($rdi,2)
   p (long)be_toint($rdi,3)
   p (long)be_toint($rdi,4)
   #0  0x0000555555573180 in str_find ()
   #1  0x000055555556a594 in vm_exec ()
   #2  0x0000555555572144 in be_execprotected ()
   #3  0x00005555555724f5 in be_protectedcall ()
   #4  0x000055555555fdac in main ()
   $18 = 4
   $19 = 0x5555555913f0 "012345"
   $20 = 0x555555591570 "23"
   $21 = 2
   $22 = 4

   (Message)
   (ChatDBG gdb) finish
   p (long)be_toint($vm,-1)
   continue
   $23 = 2

   (Message)
   (ChatDBG gdb) bt
   set $vm=$rdi
   p (int)be_top($rdi)
   p (char*)be_tostring($rdi,1)
   p (char*)be_tostring($rdi,2)
   p (long)be_toint($rdi,3)
   p (long)be_toint($rdi,4)
   #0  0x0000555555573180 in str_find ()
   #1  0x000055555556a594 in vm_exec ()
   #2  0x0000555555572144 in be_execprotected ()
   #3  0x00005555555724f5 in be_protectedcall ()
   #4  0x000055555555fdac in main ()
   $24 = 3
   $25 = 0x5555555913f0 "012345"
   $26 = 0x555555591570 "23"
   $27 = 3
   $28 = 4

   (Message)
   (ChatDBG gdb) finish
   p (long)be_toint($vm,-1)
   continue
   $29 = -1

   (Message)
   (ChatDBG gdb) bt
   set $vm=$rdi
   p (int)be_top($rdi)
   p (char*)be_tostring($rdi,1)
   p (char*)be_tostring($rdi,2)
   p (long)be_toint($rdi,3)
   p (long)be_toint($rdi,4)
   #0  0x0000555555573180 in str_find ()
   #1  0x000055555556a594 in vm_exec ()
   #2  0x0000555555572144 in be_execprotected ()
   #3  0x00005555555724f5 in be_protectedcall ()
   #4  0x000055555555fdac in main ()
   $30 = 2
   $31 = 0x5555555913f0 "012345"
   $32 = 0x55555557ecc7 ""
   $33 = 3
   $34 = -1

   (Message)
   (ChatDBG gdb) finish
   p (long)be_toint($vm,-1)
   continue
   $35 = 0

   (Message)
   (ChatDBG gdb) bt
   set $vm=$rdi
   p (int)be_top($rdi)
   p (char*)be_tostring($rdi,1)
   p (char*)be_tostring($rdi,2)
   p (long)be_toint($rdi,3)
   p (long)be_toint($rdi,4)
   #0  0x0000555555573180 in str_find ()
   #1  0x000055555556a594 in vm_exec ()
   #2  0x0000555555572144 in be_execprotected ()
   #3  0x00005555555724f5 in be_protectedcall ()
   #4  0x000055555555fdac in main ()
   $36 = 4
   $37 = 0x5555555913f0 "012345"
   $38 = 0x55555557ecc7 ""
   $39 = 0
   $40 = 0

   (Message)
   (ChatDBG gdb) finish
   p (long)be_toint($vm,-1)
   continue
   $41 = 0

   (Message)
   (ChatDBG gdb) continue
   (Message)
   (ChatDBG gdb) bt
   #0  0x0000555555573180 in str_find ()
   #1  0x000055555556a594 in vm_exec ()
   #2  0x0000555555572144 in be_execprotected ()
   #3  0x00005555555724f5 in be_protectedcall ()
   #4  0x000055555555fdac in main ()

   (Message)
   (ChatDBG gdb) disable 14
   break str_format
   continue
   Breakpoint 16 at 0x555555573940

   (Message)
   (ChatDBG gdb) bt
   #0  0x0000555555573940 in str_format ()
   #1  0x000055555556a594 in vm_exec ()
   #2  0x0000555555572144 in be_execprotected ()
   #3  0x00005555555724f5 in be_protectedcall ()
   #4  0x000055555555fdac in main ()

   (Message)
   (ChatDBG gdb) set $vm=$rdi
   p (int)be_top($rdi)
   p (char*)be_tostring($rdi,1)
   p (long)be_toint($rdi,2)
   $42 = 1
   $43 = 0x555555593520 "%%"
   $44 = 93824992478224

runtime_error: bad argument #2 to 'format': no value
stack traceback:
	<native>: in native function
	tests/string.be:32: in function `main`
   (Message)
   (ChatDBG gdb) finish
   p (char*)be_tostring($vm,-1)
   continue
   $45 = 0x555555591630 "bad argument #2 to 'format': no value"

   (Message)
   (ChatDBG gdb) code /work/src/be_strlib.c:497
   490     size_t l = strlen(mode), lm = strlen(lenmode);
   491     char spec = mode[l - 1];
   492     strcpy(mode + l - 1, lenmode);
   493     mode[l + lm - 1] = spec;
   494     mode[l + lm] = '\0';
   495 }
   496 
   497 static int str_format(bvm *vm)
   498 {
   499     int top = be_top(vm);
   500     if (top > 0 && be_isstring(vm, 1)) {

   (Message)
   (ChatDBG gdb) bt
   p (char*)$rsi
   p (char*)$rdx
   No stack.
   (Message)
   (ChatDBG gdb) info program
   The program being debugged is not being run.

   (Message)
   (ChatDBG gdb) code /work/src/be_strlib.c:500
   493     mode[l + lm - 1] = spec;
   494     mode[l + lm] = '\0';
   495 }
   496 
   497 static int str_format(bvm *vm)
   498 {
   499     int top = be_top(vm);
   500     if (top > 0 && be_isstring(vm, 1)) {
   501         int index = 2;
   502         const char *format = be_tostring(vm, 1);
   503         pushstr(vm, "", 0);

   (Message)
   (ChatDBG gdb) run
   (Message)
   (ChatDBG gdb) disable 13
   continue
   (Message)
   (ChatDBG gdb) bt
   #0  0x0000555555573940 in str_format ()
   #1  0x000055555556a594 in vm_exec ()
   #2  0x0000555555572144 in be_execprotected ()
   #3  0x00005555555724f5 in be_protectedcall ()
   #4  0x000055555555fdac in main ()

   (Message)
   (ChatDBG gdb) disassemble str_format
   Dump of assembler code for function str_format:
   => 0x0000555555573940 <+0>:     endbr64
      0x0000555555573944 <+4>:     push   %r15
      0x0000555555573946 <+6>:     push   %r14
      0x0000555555573948 <+8>:     push   %r13
      0x000055555557394a <+10>:    push   %r12
      0x000055555557394c <+12>:    push   %rbp
      0x000055555557394d <+13>:    mov    %rdi,%rbp
      0x0000555555573950 <+16>:    push   %rbx
      0x0000555555573951 <+17>:    sub    $0xd8,%rsp
      0x0000555555573958 <+24>:    mov    %fs:0x28,%rax
      0x0000555555573961 <+33>:    mov    %rax,0xc8(%rsp)
      0x0000555555573969 <+41>:    xor    %eax,%eax
      0x000055555557396b <+43>:    call   0x555555562db0 <be_top>
      0x0000555555573970 <+48>:    test   %eax,%eax
      0x0000555555573972 <+50>:    jle    0x555555573987 <str_format+71>
      0x0000555555573974 <+52>:    mov    $0x1,%esi
      0x0000555555573979 <+57>:    mov    %rbp,%rdi
      0x000055555557397c <+60>:    mov    %eax,%ebx
      0x000055555557397e <+62>:    call   0x555555562ec0 <be_isstring>
      0x0000555555573983 <+67>:    test   %al,%al
      0x0000555555573985 <+69>:    jne    0x5555555739c0 <str_format+128>
      0x0000555555573987 <+71>:    mov    %rbp,%rdi
      0x000055555557398a <+74>:    call   0x555555564500 <be_returnnilvalue>
      0x000055555557398f <+79>:    mov    0xc8(%rsp),%rbx
      0x0000555555573997 <+87>:    xor    %fs:0x28,%rbx
      0x00005555555739a0 <+96>:    jne    0x555555573e50 <str_format+1296>
      0x00005555555739a6 <+102>:   add    $0xd8,%rsp
      0x00005555555739ad <+109>:   pop    %rbx
      0x00005555555739ae <+110>:   pop    %rbp
      0x00005555555739af <+111>:   pop    %r12
      0x00005555555739b1 <+113>:   pop    %r13
      0x00005555555739b3 <+115>:   pop    %r14
      0x00005555555739b5 <+117>:   pop    %r15
      0x00005555555739b7 <+119>:   ret
      0x00005555555739b8 <+120>:   nopl   0x0(%rax,%rax,1)
      0x00005555555739c0 <+128>:   mov    $0x1,%esi
      0x00005555555739c5 <+133>:   mov    %rbp,%rdi
      0x00005555555739c8 <+136>:   mov    $0x2,%r13d
      0x00005555555739ce <+142>:   call   0x5555555630d0 <be_tostring>
      0x00005555555739d3 <+147>:   xor    %edx,%edx
      0x00005555555739d5 <+149>:   lea    0xb2eb(%rip),%rsi        # 0x55555557ecc7
      0x00005555555739dc <+156>:   mov    %rbp,%rdi
      0x00005555555739df <+159>:   mov    %rax,%r12
      0x00005555555739e2 <+162>:   call   0x555555572cb0 <be_newstrn>
      0x00005555555739e7 <+167>:   mov    %rax,%r8
      0x00005555555739ea <+170>:   mov    0xb8(%rbp),%rax
      0x00005555555739f1 <+177>:   lea    0x10(%rax),%rdx
      0x00005555555739f5 <+181>:   mov    %rdx,0xb8(%rbp)
      0x00005555555739fc <+188>:   mov    %r8,(%rax)
      0x00005555555739ff <+191>:   movl   $0x5,0x8(%rax)
      0x0000555555573a06 <+198>:   lea    0x21(%rsp),%rax
      0x0000555555573a0b <+203>:   mov    %rax,0x18(%rsp)
      0x0000555555573a10 <+208>:   lea    0x40(%rsp),%rax
      0x0000555555573a15 <+213>:   mov    %rax,0x10(%rsp)
      0x0000555555573a1a <+218>:   nopw   0x0(%rax,%rax,1)
      0x0000555555573a20 <+224>:   mov    $0x25,%esi
      0x0000555555573a25 <+229>:   mov    %r12,%rdi
      0x0000555555573a28 <+232>:   call   0x55555555f5d0 <strchr@plt>
      0x0000555555573a2d <+237>:   mov    %rax,%r15
      0x0000555555573a30 <+240>:   test   %rax,%rax
      0x0000555555573a33 <+243>:   je     0x555555573d60 <str_format+1056>
      0x0000555555573a39 <+249>:   mov    %rax,%rdx
      0x0000555555573a3c <+252>:   mov    %r12,%rsi
      0x0000555555573a3f <+255>:   lea    0x1(%r15),%r14
      0x0000555555573a43 <+259>:   mov    %rbp,%rdi
      0x0000555555573a46 <+262>:   sub    %r12,%rdx
      0x0000555555573a49 <+265>:   call   0x555555572cb0 <be_newstrn>
      0x0000555555573a4e <+270>:   mov    %rbp,%rdi
      0x0000555555573a51 <+273>:   mov    %rax,%r8
      0x0000555555573a54 <+276>:   mov    0xb8(%rbp),%rax
      0x0000555555573a5b <+283>:   lea    0x10(%rax),%rdx
      0x0000555555573a5f <+287>:   mov    %rdx,0xb8(%rbp)
      0x0000555555573a66 <+294>:   mov    %r8,(%rax)
      0x0000555555573a69 <+297>:   movl   $0x5,0x8(%rax)
      0x0000555555573a70 <+304>:   call   0x555555573900 <concat2>
      0x0000555555573a75 <+309>:   movzbl 0x1(%r15),%r12d
      0x0000555555573a7a <+314>:   mov    %r14,%r15
      0x0000555555573a7d <+317>:   test   %r12b,%r12b
      0x0000555555573a80 <+320>:   jne    0x555555573a9d <str_format+349>
      0x0000555555573a82 <+322>:   jmp    0x555555573d10 <str_format+976>
      0x0000555555573a87 <+327>:   nopw   0x0(%rax,%rax,1)
      0x0000555555573a90 <+336>:   movzbl (%r15),%r12d
      0x0000555555573a94 <+340>:   test   %r12b,%r12b
      0x0000555555573a97 <+343>:   je     0x555555573d10 <str_format+976>
      0x0000555555573a9d <+349>:   movsbl %r12b,%esi
      0x0000555555573aa1 <+353>:   lea    0xc239(%rip),%rdi        # 0x55555557fce1
      0x0000555555573aa8 <+360>:   call   0x55555555f5d0 <strchr@plt>
      0x0000555555573aad <+365>:   mov    %r15,%rdx
      0x0000555555573ab0 <+368>:   add    $0x1,%r15
      0x0000555555573ab4 <+372>:   test   %rax,%rax
      0x0000555555573ab7 <+375>:   jne    0x555555573a90 <str_format+336>
      0x0000555555573ab9 <+377>:   sub    $0x30,%r12d
      0x0000555555573abd <+381>:   cmp    $0xa,%r12b
      0x0000555555573ac1 <+385>:   cmovae %rdx,%r15
      0x0000555555573ac5 <+389>:   movzbl (%r15),%edx
      0x0000555555573ac9 <+393>:   lea    0x1(%r15),%rax
      0x0000555555573acd <+397>:   lea    -0x30(%rdx),%ecx
      0x0000555555573ad0 <+400>:   cmp    $0x9,%cl
      0x0000555555573ad3 <+403>:   ja     0x555555573e60 <str_format+1312>
      0x0000555555573ad9 <+409>:   movzbl 0x1(%r15),%edx
      0x0000555555573ade <+414>:   lea    0x1(%rax),%r12
      0x0000555555573ae2 <+418>:   mov    %rax,%r15
      0x0000555555573ae5 <+421>:   cmp    $0x2e,%dl
      0x0000555555573ae8 <+424>:   jne    0x555555573b20 <str_format+480>
      0x0000555555573aea <+426>:   movzbl 0x1(%rax),%ecx
      0x0000555555573aee <+430>:   lea    -0x30(%rcx),%edx
      0x0000555555573af1 <+433>:   cmp    $0x9,%dl
      0x0000555555573af4 <+436>:   ja     0x555555573d50 <str_format+1040>
      0x0000555555573afa <+442>:   movzbl 0x2(%rax),%esi
      0x0000555555573afe <+446>:   lea    0x2(%rax),%rcx
      0x0000555555573b02 <+450>:   add    $0x3,%r15
      0x0000555555573b06 <+454>:   lea    -0x30(%rsi),%edx
      0x0000555555573b09 <+457>:   cmp    $0x9,%dl
      0x0000555555573b0c <+460>:   ja     0x555555573e55 <str_format+1301>
      0x0000555555573b12 <+466>:   lea    0x4(%rax),%r12
      0x0000555555573b16 <+470>:   cs nopw 0x0(%rax,%rax,1)
      0x0000555555573b20 <+480>:   mov    %r15,%r10
      0x0000555555573b23 <+483>:   mov    0x18(%rsp),%rdi
      0x0000555555573b28 <+488>:   mov    $0x1f,%ecx
      0x0000555555573b2d <+493>:   mov    %r14,%rsi
      0x0000555555573b30 <+496>:   sub    %r14,%r10
      0x0000555555573b33 <+499>:   movb   $0x25,0x20(%rsp)
      0x0000555555573b38 <+504>:   lea    0x1(%r10),%rdx
      0x0000555555573b3c <+508>:   mov    %r10,0x8(%rsp)
      0x0000555555573b41 <+513>:   call   0x55555555f770 <__strncpy_chk@plt>
      0x0000555555573b46 <+518>:   mov    0x8(%rsp),%r10
      0x0000555555573b4b <+523>:   movb   $0x0,0x40(%rsp)
      0x0000555555573b50 <+528>:   movb   $0x0,0x22(%rsp,%r10,1)
      0x0000555555573b56 <+534>:   cmp    %ebx,%r13d
      0x0000555555573b59 <+537>:   jg     0x555555573d20 <str_format+992>
      0x0000555555573b5f <+543>:   movsbl (%r15),%edx
      0x0000555555573b63 <+547>:   lea    -0x45(%rdx),%eax
      0x0000555555573b66 <+550>:   cmp    $0x33,%al
      0x0000555555573b68 <+552>:   ja     0x555555573b80 <str_format+576>
      0x0000555555573b6a <+554>:   lea    0xc297(%rip),%rcx        # 0x55555557fe08
      0x0000555555573b71 <+561>:   movzbl %al,%eax
      0x0000555555573b74 <+564>:   movslq (%rcx,%rax,4),%rax
      0x0000555555573b78 <+568>:   add    %rcx,%rax
      0x0000555555573b7b <+571>:   notrack jmp *%rax
      0x0000555555573b7e <+574>:   xchg   %ax,%ax
      0x0000555555573b80 <+576>:   lea    0xc209(%rip),%rsi        # 0x55555557fd90
      0x0000555555573b87 <+583>:   mov    %rbp,%rdi
      0x0000555555573b8a <+586>:   xor    %eax,%eax
      0x0000555555573b8c <+588>:   call   0x555555563330 <be_pushfstring>
      0x0000555555573b91 <+593>:   lea    0xa572(%rip),%rsi        # 0x55555557e10a
      0x0000555555573b98 <+600>:   mov    %rbp,%rdi
      0x0000555555573b9b <+603>:   mov    %rax,%rdx
      0x0000555555573b9e <+606>:   call   0x555555564580 <be_raise>
      0x0000555555573ba3 <+611>:   nopl   0x0(%rax,%rax,1)
      0x0000555555573ba8 <+616>:   mov    %rbp,%rdi
      0x0000555555573bab <+619>:   add    $0x1,%r13d
      0x0000555555573baf <+623>:   call   0x555555573900 <concat2>
      0x0000555555573bb4 <+628>:   jmp    0x555555573a20 <str_format+224>
      0x0000555555573bb9 <+633>:   nopl   0x0(%rax)
      0x0000555555573bc0 <+640>:   mov    %r13d,%esi
      0x0000555555573bc3 <+643>:   mov    %rbp,%rdi
      0x0000555555573bc6 <+646>:   call   0x555555562e60 <be_isint>
      0x0000555555573bcb <+651>:   test   %al,%al
      0x0000555555573bcd <+653>:   jne    0x555555573db0 <str_format+1136>
      0x0000555555573bd3 <+659>:   mov    0x10(%rsp),%rsi
      0x0000555555573bd8 <+664>:   mov    %rbp,%rdi
      0x0000555555573bdb <+667>:   call   0x5555555632d0 <be_pushstring>
      0x0000555555573be0 <+672>:   jmp    0x555555573ba8 <str_format+616>
      0x0000555555573be2 <+674>:   nopw   0x0(%rax,%rax,1)
      0x0000555555573be8 <+680>:   mov    %r13d,%esi
      0x0000555555573beb <+683>:   mov    %rbp,%rdi
      0x0000555555573bee <+686>:   call   0x555555562ea0 <be_isnumber>
      0x0000555555573bf3 <+691>:   test   %al,%al
      0x0000555555573bf5 <+693>:   je     0x555555573bd3 <str_format+659>
      0x0000555555573bf7 <+695>:   mov    %r13d,%esi
      0x0000555555573bfa <+698>:   mov    %rbp,%rdi
      0x0000555555573bfd <+701>:   lea    0x20(%rsp),%r14
      0x0000555555573c02 <+706>:   call   0x555555563040 <be_toreal>
      0x0000555555573c07 <+711>:   mov    0x10(%rsp),%rdi
      0x0000555555573c0c <+716>:   mov    %r14,%rcx
      0x0000555555573c0f <+719>:   mov    $0x80,%edx
      0x0000555555573c14 <+724>:   mov    $0x1,%esi
      0x0000555555573c19 <+729>:   mov    $0x1,%eax
      0x0000555555573c1e <+734>:   call   0x55555555f8b0 <__sprintf_chk@plt>
      0x0000555555573c23 <+739>:   jmp    0x555555573bd3 <str_format+659>
      0x0000555555573c25 <+741>:   nopl   (%rax)
      0x0000555555573c28 <+744>:   mov    %r13d,%esi
      0x0000555555573c2b <+747>:   mov    %rbp,%rdi
      0x0000555555573c2e <+750>:   lea    0x20(%rsp),%r14
      0x0000555555573c33 <+755>:   call   0x5555555630d0 <be_tostring>
      0x0000555555573c38 <+760>:   mov    $0x2,%esi
      0x0000555555573c3d <+765>:   mov    %rbp,%rdi
      0x0000555555573c40 <+768>:   mov    %rax,%r15
      0x0000555555573c43 <+771>:   call   0x555555563860 <be_strlen>
      0x0000555555573c48 <+776>:   mov    %r14,%rdx
      0x0000555555573c4b <+779>:   cmp    $0x64,%eax
      0x0000555555573c4e <+782>:   jle    0x555555573c92 <str_format+850>
      0x0000555555573c50 <+784>:   mov    (%rdx),%ecx
      0x0000555555573c52 <+786>:   add    $0x4,%rdx
      0x0000555555573c56 <+790>:   lea    -0x1010101(%rcx),%eax
      0x0000555555573c5c <+796>:   not    %ecx
      0x0000555555573c5e <+798>:   and    %ecx,%eax
      0x0000555555573c60 <+800>:   and    $0x80808080,%eax
      0x0000555555573c65 <+805>:   je     0x555555573c50 <str_format+784>
      0x0000555555573c67 <+807>:   mov    %eax,%ecx
      0x0000555555573c69 <+809>:   shr    $0x10,%ecx
      0x0000555555573c6c <+812>:   test   $0x8080,%eax
      0x0000555555573c71 <+817>:   cmove  %ecx,%eax
      0x0000555555573c74 <+820>:   lea    0x2(%rdx),%rcx
      0x0000555555573c78 <+824>:   cmove  %rcx,%rdx
      0x0000555555573c7c <+828>:   mov    %eax,%esi
      0x0000555555573c7e <+830>:   add    %al,%sil
      0x0000555555573c81 <+833>:   sbb    $0x3,%rdx
      0x0000555555573c85 <+837>:   sub    %r14,%rdx
      0x0000555555573c88 <+840>:   cmp    $0x2,%rdx
      0x0000555555573c8c <+844>:   je     0x555555573e40 <str_format+1280>
      0x0000555555573c92 <+850>:   mov    %r14,%rcx
      0x0000555555573c95 <+853>:   mov    0x10(%rsp),%r14
      0x0000555555573c9a <+858>:   mov    %r15,%r8
      0x0000555555573c9d <+861>:   mov    $0x80,%edx
      0x0000555555573ca2 <+866>:   mov    $0x1,%esi
      0x0000555555573ca7 <+871>:   xor    %eax,%eax
      0x0000555555573ca9 <+873>:   mov    %r14,%rdi
      0x0000555555573cac <+876>:   call   0x55555555f8b0 <__sprintf_chk@plt>
      0x0000555555573cb1 <+881>:   mov    %r14,%rsi
      0x0000555555573cb4 <+884>:   mov    %rbp,%rdi
      0x0000555555573cb7 <+887>:   call   0x5555555632d0 <be_pushstring>
      0x0000555555573cbc <+892>:   jmp    0x555555573ba8 <str_format+616>
      0x0000555555573cc1 <+897>:   nopl   0x0(%rax)
      0x0000555555573cc8 <+904>:   mov    %r13d,%esi
      0x0000555555573ccb <+907>:   mov    %rbp,%rdi
      0x0000555555573cce <+910>:   call   0x555555562e60 <be_isint>
      0x0000555555573cd3 <+915>:   test   %al,%al
      0x0000555555573cd5 <+917>:   je     0x555555573bd3 <str_format+659>
      0x0000555555573cdb <+923>:   mov    %r13d,%esi
      0x0000555555573cde <+926>:   mov    %rbp,%rdi
      0x0000555555573ce1 <+929>:   call   0x555555563020 <be_toint>
      0x0000555555573ce6 <+934>:   mov    0x10(%rsp),%rdi
      0x0000555555573ceb <+939>:   mov    $0x80,%edx
      0x0000555555573cf0 <+944>:   lea    0xbff0(%rip),%rcx        # 0x55555557fce7
      0x0000555555573cf7 <+951>:   mov    %eax,%r8d
      0x0000555555573cfa <+954>:   mov    $0x1,%esi
      0x0000555555573cff <+959>:   xor    %eax,%eax
      0x0000555555573d01 <+961>:   call   0x55555555f8b0 <__sprintf_chk@plt>
      0x0000555555573d06 <+966>:   jmp    0x555555573bd3 <str_format+659>
      0x0000555555573d0b <+971>:   nopl   0x0(%rax,%rax,1)
      0x0000555555573d10 <+976>:   lea    0x1(%r15),%r12
      0x0000555555573d14 <+980>:   jmp    0x555555573b20 <str_format+480>
      0x0000555555573d19 <+985>:   nopl   0x0(%rax)
      0x0000555555573d20 <+992>:   mov    %r13d,%edx
      0x0000555555573d23 <+995>:   mov    %rbp,%rdi
      0x0000555555573d26 <+998>:   lea    0xc03b(%rip),%rsi        # 0x55555557fd68
      0x0000555555573d2d <+1005>:  xor    %eax,%eax
      0x0000555555573d2f <+1007>:  call   0x555555563330 <be_pushfstring>
      0x0000555555573d34 <+1012>:  lea    0xa3cf(%rip),%rsi        # 0x55555557e10a
      0x0000555555573d3b <+1019>:  mov    %rbp,%rdi
      0x0000555555573d3e <+1022>:  mov    %rax,%rdx
      0x0000555555573d41 <+1025>:  call   0x555555564580 <be_raise>
      0x0000555555573d46 <+1030>:  jmp    0x555555573b5f <str_format+543>
      0x0000555555573d4b <+1035>:  nopl   0x0(%rax,%rax,1)
      0x0000555555573d50 <+1040>:  lea    0x2(%rax),%rax
      0x0000555555573d54 <+1044>:  mov    %r12,%r15
      0x0000555555573d57 <+1047>:  mov    %rax,%r12
      0x0000555555573d5a <+1050>:  jmp    0x555555573b20 <str_format+480>
      0x0000555555573d5f <+1055>:  nop
      0x0000555555573d60 <+1056>:  mov    %r12,%rdi
      0x0000555555573d63 <+1059>:  call   0x55555555f590 <strlen@plt>
      0x0000555555573d68 <+1064>:  mov    %r12,%rsi
      0x0000555555573d6b <+1067>:  mov    %rbp,%rdi
      0x0000555555573d6e <+1070>:  mov    %rax,%rdx
      0x0000555555573d71 <+1073>:  call   0x555555572cb0 <be_newstrn>
      0x0000555555573d76 <+1078>:  mov    %rbp,%rdi
      0x0000555555573d79 <+1081>:  mov    %rax,%r8
      0x0000555555573d7c <+1084>:  mov    0xb8(%rbp),%rax
      0x0000555555573d83 <+1091>:  lea    0x10(%rax),%rdx
      0x0000555555573d87 <+1095>:  mov    %rdx,0xb8(%rbp)
      0x0000555555573d8e <+1102>:  mov    %r8,(%rax)
      0x0000555555573d91 <+1105>:  movl   $0x5,0x8(%rax)
      0x0000555555573d98 <+1112>:  call   0x555555573900 <concat2>
      0x0000555555573d9d <+1117>:  mov    %rbp,%rdi
      0x0000555555573da0 <+1120>:  call   0x5555555644e0 <be_returnvalue>
      0x0000555555573da5 <+1125>:  jmp    0x55555557398f <str_format+79>
      0x0000555555573daa <+1130>:  nopw   0x0(%rax,%rax,1)
      0x0000555555573db0 <+1136>:  lea    0x20(%rsp),%r14
      0x0000555555573db5 <+1141>:  mov    %r14,%rdx
      0x0000555555573db8 <+1144>:  mov    (%rdx),%ecx
      0x0000555555573dba <+1146>:  add    $0x4,%rdx
      0x0000555555573dbe <+1150>:  lea    -0x1010101(%rcx),%eax
      0x0000555555573dc4 <+1156>:  not    %ecx
      0x0000555555573dc6 <+1158>:  and    %ecx,%eax
      0x0000555555573dc8 <+1160>:  and    $0x80808080,%eax
      0x0000555555573dcd <+1165>:  je     0x555555573db8 <str_format+1144>
      0x0000555555573dcf <+1167>:  mov    %eax,%ecx
      0x0000555555573dd1 <+1169>:  mov    %rbp,%rdi
      0x0000555555573dd4 <+1172>:  shr    $0x10,%ecx
      0x0000555555573dd7 <+1175>:  test   $0x8080,%eax
      0x0000555555573ddc <+1180>:  cmove  %ecx,%eax
      0x0000555555573ddf <+1183>:  lea    0x2(%rdx),%rcx
      0x0000555555573de3 <+1187>:  cmove  %rcx,%rdx
      0x0000555555573de7 <+1191>:  mov    %eax,%esi
      0x0000555555573de9 <+1193>:  add    %al,%sil
      0x0000555555573dec <+1196>:  mov    $0x6c6c,%esi
      0x0000555555573df1 <+1201>:  sbb    $0x3,%rdx
      0x0000555555573df5 <+1205>:  sub    %r14,%rdx
      0x0000555555573df8 <+1208>:  lea    -0x1(%r14,%rdx,1),%rax
      0x0000555555573dfd <+1213>:  movzbl (%rax),%ecx
      0x0000555555573e00 <+1216>:  movb   $0x0,0x2(%rax)
      0x0000555555573e04 <+1220>:  mov    %si,(%rax)
      0x0000555555573e07 <+1223>:  mov    %r13d,%esi
      0x0000555555573e0a <+1226>:  mov    %cl,0x21(%rsp,%rdx,1)
      0x0000555555573e0e <+1230>:  movb   $0x0,0x22(%rsp,%rdx,1)
      0x0000555555573e13 <+1235>:  call   0x555555563020 <be_toint>
      0x0000555555573e18 <+1240>:  mov    0x10(%rsp),%rdi
      0x0000555555573e1d <+1245>:  mov    %r14,%rcx
      0x0000555555573e20 <+1248>:  mov    $0x80,%edx
      0x0000555555573e25 <+1253>:  mov    %rax,%r8
      0x0000555555573e28 <+1256>:  mov    $0x1,%esi
      0x0000555555573e2d <+1261>:  xor    %eax,%eax
      0x0000555555573e2f <+1263>:  call   0x55555555f8b0 <__sprintf_chk@plt>
      0x0000555555573e34 <+1268>:  jmp    0x555555573bd3 <str_format+659>
      0x0000555555573e39 <+1273>:  nopl   0x0(%rax)
      0x0000555555573e40 <+1280>:  mov    %r13d,%esi
      0x0000555555573e43 <+1283>:  mov    %rbp,%rdi
      0x0000555555573e46 <+1286>:  call   0x555555563430 <be_pushvalue>
      0x0000555555573e4b <+1291>:  jmp    0x555555573ba8 <str_format+616>
      0x0000555555573e50 <+1296>:  call   0x55555555f5b0 <__stack_chk_fail@plt>
      0x0000555555573e55 <+1301>:  mov    %r15,%r12
      0x0000555555573e58 <+1304>:  mov    %rcx,%r15
      0x0000555555573e5b <+1307>:  jmp    0x555555573b20 <str_format+480>
      0x0000555555573e60 <+1312>:  mov    %r15,%rax
      0x0000555555573e63 <+1315>:  jmp    0x555555573ade <str_format+414>
   End of assembler dump.

   (Message)
   (ChatDBG gdb) break *str_format+175
   break *str_format+659
   continue
   Breakpoint 17 at 0x5555555739ef
   Breakpoint 18 at 0x555555573bd3

   (Message)
   (ChatDBG gdb) bt
   x/s $r12
   p $r13d
   p $ebx
   #0  0x00005555555739ea in str_format ()
   #1  0x000055555556a594 in vm_exec ()
   #2  0x0000555555572144 in be_execprotected ()
   #3  0x00005555555724f5 in be_protectedcall ()
   #4  0x000055555555fdac in main ()
   0x555555593520: "%%"
   $46 = 2
   $47 = 1

   (Message)
   (ChatDBG gdb) x/80i str_format+160
      0x5555555739e0 <str_format+160>:     mov    %eax,%esp
      0x5555555739e2 <str_format+162>:     call   0x555555572cb0 <be_newstrn>
      0x5555555739e7 <str_format+167>:     mov    %rax,%r8
   => 0x5555555739ea <str_format+170>:     mov    0xb8(%rbp),%rax
      0x5555555739f1 <str_format+177>:     lea    0x10(%rax),%rdx
      0x5555555739f5 <str_format+181>:     mov    %rdx,0xb8(%rbp)
      0x5555555739fc <str_format+188>:     mov    %r8,(%rax)
      0x5555555739ff <str_format+191>:     movl   $0x5,0x8(%rax)
      0x555555573a06 <str_format+198>:     lea    0x21(%rsp),%rax
      0x555555573a0b <str_format+203>:     mov    %rax,0x18(%rsp)
      0x555555573a10 <str_format+208>:     lea    0x40(%rsp),%rax
      0x555555573a15 <str_format+213>:     mov    %rax,0x10(%rsp)
      0x555555573a1a <str_format+218>:     nopw   0x0(%rax,%rax,1)
      0x555555573a20 <str_format+224>:     mov    $0x25,%esi
      0x555555573a25 <str_format+229>:     mov    %r12,%rdi
      0x555555573a28 <str_format+232>:     call   0x55555555f5d0 <strchr@plt>
      0x555555573a2d <str_format+237>:     mov    %rax,%r15
      0x555555573a30 <str_format+240>:     test   %rax,%rax
      0x555555573a33 <str_format+243>:     je     0x555555573d60 <str_format+1056>
      0x555555573a39 <str_format+249>:     mov    %rax,%rdx
      0x555555573a3c <str_format+252>:     mov    %r12,%rsi
      0x555555573a3f <str_format+255>:     lea    0x1(%r15),%r14
      0x555555573a43 <str_format+259>:     mov    %rbp,%rdi
      0x555555573a46 <str_format+262>:     sub    %r12,%rdx
      0x555555573a49 <str_format+265>:     call   0x555555572cb0 <be_newstrn>
      0x555555573a4e <str_format+270>:     mov    %rbp,%rdi
      0x555555573a51 <str_format+273>:     mov    %rax,%r8
      0x555555573a54 <str_format+276>:     mov    0xb8(%rbp),%rax
      0x555555573a5b <str_format+283>:     lea    0x10(%rax),%rdx
      0x555555573a5f <str_format+287>:     mov    %rdx,0xb8(%rbp)
      0x555555573a66 <str_format+294>:     mov    %r8,(%rax)
      0x555555573a69 <str_format+297>:     movl   $0x5,0x8(%rax)
      0x555555573a70 <str_format+304>:     call   0x555555573900 <concat2>
      0x555555573a75 <str_format+309>:     movzbl 0x1(%r15),%r12d
      0x555555573a7a <str_format+314>:     mov    %r14,%r15
      0x555555573a7d <str_format+317>:     test   %r12b,%r12b
      0x555555573a80 <str_format+320>:     jne    0x555555573a9d <str_format+349>
      0x555555573a82 <str_format+322>:     jmp    0x555555573d10 <str_format+976>
      0x555555573a87 <str_format+327>:     nopw   0x0(%rax,%rax,1)
      0x555555573a90 <str_format+336>:     movzbl (%r15),%r12d
      0x555555573a94 <str_format+340>:     test   %r12b,%r12b
      0x555555573a97 <str_format+343>:     je     0x555555573d10 <str_format+976>
      0x555555573a9d <str_format+349>:     movsbl %r12b,%esi
      0x555555573aa1 <str_format+353>:     lea    0xc239(%rip),%rdi        # 0x55555557fce1
      0x555555573aa8 <str_format+360>:     call   0x55555555f5d0 <strchr@plt>
      0x555555573aad <str_format+365>:     mov    %r15,%rdx
      0x555555573ab0 <str_format+368>:     add    $0x1,%r15
      0x555555573ab4 <str_format+372>:     test   %rax,%rax
      0x555555573ab7 <str_format+375>:     jne    0x555555573a90 <str_format+336>
      0x555555573ab9 <str_format+377>:     sub    $0x30,%r12d
      0x555555573abd <str_format+381>:     cmp    $0xa,%r12b
      0x555555573ac1 <str_format+385>:     cmovae %rdx,%r15
      0x555555573ac5 <str_format+389>:     movzbl (%r15),%edx
      0x555555573ac9 <str_format+393>:     lea    0x1(%r15),%rax
      0x555555573acd <str_format+397>:     lea    -0x30(%rdx),%ecx
      0x555555573ad0 <str_format+400>:     cmp    $0x9,%cl
      0x555555573ad3 <str_format+403>:     ja     0x555555573e60 <str_format+1312>
      0x555555573ad9 <str_format+409>:     movzbl 0x1(%r15),%edx
      0x555555573ade <str_format+414>:     lea    0x1(%rax),%r12
      0x555555573ae2 <str_format+418>:     mov    %rax,%r15
      0x555555573ae5 <str_format+421>:     cmp    $0x2e,%dl
      0x555555573ae8 <str_format+424>:     jne    0x555555573b20 <str_format+480>
      0x555555573aea <str_format+426>:     movzbl 0x1(%rax),%ecx
      0x555555573aee <str_format+430>:     lea    -0x30(%rcx),%edx
      0x555555573af1 <str_format+433>:     cmp    $0x9,%dl
      0x555555573af4 <str_format+436>:     ja     0x555555573d50 <str_format+1040>
      0x555555573afa <str_format+442>:     movzbl 0x2(%rax),%esi
      0x555555573afe <str_format+446>:     lea    0x2(%rax),%rcx
      0x555555573b02 <str_format+450>:     add    $0x3,%r15
      0x555555573b06 <str_format+454>:     lea    -0x30(%rsi),%edx
      0x555555573b09 <str_format+457>:     cmp    $0x9,%dl
      0x555555573b0c <str_format+460>:     ja     0x555555573e55 <str_format+1301>
      0x555555573b12 <str_format+466>:     lea    0x4(%rax),%r12
      0x555555573b16 <str_format+470>:     cs nopw 0x0(%rax,%rax,1)
      0x555555573b20 <str_format+480>:     mov    %r15,%r10
      0x555555573b23 <str_format+483>:     mov    0x18(%rsp),%rdi
      0x555555573b28 <str_format+488>:     mov    $0x1f,%ecx
      0x555555573b2d <str_format+493>:     mov    %r14,%rsi
      0x555555573b30 <str_format+496>:     sub    %r14,%r10
      0x555555573b33 <str_format+499>:     movb   $0x25,0x20(%rsp)

   (Message)
   (ChatDBG gdb) x/140i str_format+480
      0x555555573b20 <str_format+480>:     mov    %r15,%r10
      0x555555573b23 <str_format+483>:     mov    0x18(%rsp),%rdi
      0x555555573b28 <str_format+488>:     mov    $0x1f,%ecx
      0x555555573b2d <str_format+493>:     mov    %r14,%rsi
      0x555555573b30 <str_format+496>:     sub    %r14,%r10
      0x555555573b33 <str_format+499>:     movb   $0x25,0x20(%rsp)
      0x555555573b38 <str_format+504>:     lea    0x1(%r10),%rdx
      0x555555573b3c <str_format+508>:     mov    %r10,0x8(%rsp)
      0x555555573b41 <str_format+513>:     call   0x55555555f770 <__strncpy_chk@plt>
      0x555555573b46 <str_format+518>:     mov    0x8(%rsp),%r10
      0x555555573b4b <str_format+523>:     movb   $0x0,0x40(%rsp)
      0x555555573b50 <str_format+528>:     movb   $0x0,0x22(%rsp,%r10,1)
      0x555555573b56 <str_format+534>:     cmp    %ebx,%r13d
      0x555555573b59 <str_format+537>:     jg     0x555555573d20 <str_format+992>
      0x555555573b5f <str_format+543>:     movsbl (%r15),%edx
      0x555555573b63 <str_format+547>:     lea    -0x45(%rdx),%eax
      0x555555573b66 <str_format+550>:     cmp    $0x33,%al
      0x555555573b68 <str_format+552>:     ja     0x555555573b80 <str_format+576>
      0x555555573b6a <str_format+554>:     lea    0xc297(%rip),%rcx        # 0x55555557fe08
      0x555555573b71 <str_format+561>:     movzbl %al,%eax
      0x555555573b74 <str_format+564>:     movslq (%rcx,%rax,4),%rax
      0x555555573b78 <str_format+568>:     add    %rcx,%rax
      0x555555573b7b <str_format+571>:     notrack jmp *%rax
      0x555555573b7e <str_format+574>:     xchg   %ax,%ax
      0x555555573b80 <str_format+576>:     lea    0xc209(%rip),%rsi        # 0x55555557fd90
      0x555555573b87 <str_format+583>:     mov    %rbp,%rdi
      0x555555573b8a <str_format+586>:     xor    %eax,%eax
      0x555555573b8c <str_format+588>:     call   0x555555563330 <be_pushfstring>
      0x555555573b91 <str_format+593>:     lea    0xa572(%rip),%rsi        # 0x55555557e10a
      0x555555573b98 <str_format+600>:     mov    %rbp,%rdi
      0x555555573b9b <str_format+603>:     mov    %rax,%rdx
      0x555555573b9e <str_format+606>:     call   0x555555564580 <be_raise>
      0x555555573ba3 <str_format+611>:     nopl   0x0(%rax,%rax,1)
      0x555555573ba8 <str_format+616>:     mov    %rbp,%rdi
      0x555555573bab <str_format+619>:     add    $0x1,%r13d
      0x555555573baf <str_format+623>:     call   0x555555573900 <concat2>
      0x555555573bb4 <str_format+628>:     jmp    0x555555573a20 <str_format+224>
      0x555555573bb9 <str_format+633>:     nopl   0x0(%rax)
      0x555555573bc0 <str_format+640>:     mov    %r13d,%esi
      0x555555573bc3 <str_format+643>:     mov    %rbp,%rdi
      0x555555573bc6 <str_format+646>:     call   0x555555562e60 <be_isint>
      0x555555573bcb <str_format+651>:     test   %al,%al
      0x555555573bcd <str_format+653>:     jne    0x555555573db0 <str_format+1136>
      0x555555573bd3 <str_format+659>:     mov    0x10(%rsp),%rsi
      0x555555573bd8 <str_format+664>:     mov    %rbp,%rdi
      0x555555573bdb <str_format+667>:     call   0x5555555632d0 <be_pushstring>
      0x555555573be0 <str_format+672>:     jmp    0x555555573ba8 <str_format+616>
      0x555555573be2 <str_format+674>:     nopw   0x0(%rax,%rax,1)
      0x555555573be8 <str_format+680>:     mov    %r13d,%esi
      0x555555573beb <str_format+683>:     mov    %rbp,%rdi
      0x555555573bee <str_format+686>:     call   0x555555562ea0 <be_isnumber>
      0x555555573bf3 <str_format+691>:     test   %al,%al
      0x555555573bf5 <str_format+693>:     je     0x555555573bd3 <str_format+659>
      0x555555573bf7 <str_format+695>:     mov    %r13d,%esi
      0x555555573bfa <str_format+698>:     mov    %rbp,%rdi
      0x555555573bfd <str_format+701>:     lea    0x20(%rsp),%r14
      0x555555573c02 <str_format+706>:     call   0x555555563040 <be_toreal>
      0x555555573c07 <str_format+711>:     mov    0x10(%rsp),%rdi
      0x555555573c0c <str_format+716>:     mov    %r14,%rcx
      0x555555573c0f <str_format+719>:     mov    $0x80,%edx
      0x555555573c14 <str_format+724>:     mov    $0x1,%esi
      0x555555573c19 <str_format+729>:     mov    $0x1,%eax
      0x555555573c1e <str_format+734>:     call   0x55555555f8b0 <__sprintf_chk@plt>
      0x555555573c23 <str_format+739>:     jmp    0x555555573bd3 <str_format+659>
      0x555555573c25 <str_format+741>:     nopl   (%rax)
      0x555555573c28 <str_format+744>:     mov    %r13d,%esi
      0x555555573c2b <str_format+747>:     mov    %rbp,%rdi
      0x555555573c2e <str_format+750>:     lea    0x20(%rsp),%r14
      0x555555573c33 <str_format+755>:     call   0x5555555630d0 <be_tostring>
      0x555555573c38 <str_format+760>:     mov    $0x2,%esi
      0x555555573c3d <str_format+765>:     mov    %rbp,%rdi
      0x555555573c40 <str_format+768>:     mov    %rax,%r15
      0x555555573c43 <str_format+771>:     call   0x555555563860 <be_strlen>
      0x555555573c48 <str_format+776>:     mov    %r14,%rdx
      0x555555573c4b <str_format+779>:     cmp    $0x64,%eax
      0x555555573c4e <str_format+782>:     jle    0x555555573c92 <str_format+850>
      0x555555573c50 <str_format+784>:     mov    (%rdx),%ecx
      0x555555573c52 <str_format+786>:     add    $0x4,%rdx
      0x555555573c56 <str_format+790>:     lea    -0x1010101(%rcx),%eax
      0x555555573c5c <str_format+796>:     not    %ecx
      0x555555573c5e <str_format+798>:     and    %ecx,%eax
      0x555555573c60 <str_format+800>:     and    $0x80808080,%eax
      0x555555573c65 <str_format+805>:     je     0x555555573c50 <str_format+784>
      0x555555573c67 <str_format+807>:     mov    %eax,%ecx
      0x555555573c69 <str_format+809>:     shr    $0x10,%ecx
      0x555555573c6c <str_format+812>:     test   $0x8080,%eax
      0x555555573c71 <str_format+817>:     cmove  %ecx,%eax
      0x555555573c74 <str_format+820>:     lea    0x2(%rdx),%rcx
      0x555555573c78 <str_format+824>:     cmove  %rcx,%rdx
      0x555555573c7c <str_format+828>:     mov    %eax,%esi
      0x555555573c7e <str_format+830>:     add    %al,%sil
      0x555555573c81 <str_format+833>:     sbb    $0x3,%rdx
      0x555555573c85 <str_format+837>:     sub    %r14,%rdx
      0x555555573c88 <str_format+840>:     cmp    $0x2,%rdx
      0x555555573c8c <str_format+844>:     je     0x555555573e40 <str_format+1280>
      0x555555573c92 <str_format+850>:     mov    %r14,%rcx
      0x555555573c95 <str_format+853>:     mov    0x10(%rsp),%r14
      0x555555573c9a <str_format+858>:     mov    %r15,%r8
      0x555555573c9d <str_format+861>:     mov    $0x80,%edx
      0x555555573ca2 <str_format+866>:     mov    $0x1,%esi
      0x555555573ca7 <str_format+871>:     xor    %eax,%eax
      0x555555573ca9 <str_format+873>:     mov    %r14,%rdi
      0x555555573cac <str_format+876>:     call   0x55555555f8b0 <__sprintf_chk@plt>
      0x555555573cb1 <str_format+881>:     mov    %r14,%rsi
      0x555555573cb4 <str_format+884>:     mov    %rbp,%rdi
      0x555555573cb7 <str_format+887>:     call   0x5555555632d0 <be_pushstring>
      0x555555573cbc <str_format+892>:     jmp    0x555555573ba8 <str_format+616>
      0x555555573cc1 <str_format+897>:     nopl   0x0(%rax)
      0x555555573cc8 <str_format+904>:     mov    %r13d,%esi
      0x555555573ccb <str_format+907>:     mov    %rbp,%rdi
      0x555555573cce <str_format+910>:     call   0x555555562e60 <be_isint>
      0x555555573cd3 <str_format+915>:     test   %al,%al
      0x555555573cd5 <str_format+917>:     je     0x555555573bd3 <str_format+659>
      0x555555573cdb <str_format+923>:     mov    %r13d,%esi
      0x555555573cde <str_format+926>:     mov    %rbp,%rdi
      0x555555573ce1 <str_format+929>:     call   0x555555563020 <be_toint>
      0x555555573ce6 <str_format+934>:     mov    0x10(%rsp),%rdi
      0x555555573ceb <str_format+939>:     mov    $0x80,%edx
      0x555555573cf0 <str_format+944>:     lea    0xbff0(%rip),%rcx        # 0x55555557fce7
      0x555555573cf7 <str_format+951>:     mov    %eax,%r8d
      0x555555573cfa <str_format+954>:     mov    $0x1,%esi
      0x555555573cff <str_format+959>:     xor    %eax,%eax
      0x555555573d01 <str_format+961>:     call   0x55555555f8b0 <__sprintf_chk@plt>
      0x555555573d06 <str_format+966>:     jmp    0x555555573bd3 <str_format+659>
      0x555555573d0b <str_format+971>:     nopl   0x0(%rax,%rax,1)
      0x555555573d10 <str_format+976>:     lea    0x1(%r15),%r12
      0x555555573d14 <str_format+980>:     jmp    0x555555573b20 <str_format+480>
      0x555555573d19 <str_format+985>:     nopl   0x0(%rax)
      0x555555573d20 <str_format+992>:     mov    %r13d,%edx
      0x555555573d23 <str_format+995>:     mov    %rbp,%rdi
      0x555555573d26 <str_format+998>:     lea    0xc03b(%rip),%rsi        # 0x55555557fd68
      0x555555573d2d <str_format+1005>:    xor    %eax,%eax
      0x555555573d2f <str_format+1007>:    call   0x555555563330 <be_pushfstring>
      0x555555573d34 <str_format+1012>:    lea    0xa3cf(%rip),%rsi        # 0x55555557e10a
      0x555555573d3b <str_format+1019>:    mov    %rbp,%rdi
      0x555555573d3e <str_format+1022>:    mov    %rax,%rdx
      0x555555573d41 <str_format+1025>:    call   0x555555564580 <be_raise>
      0x555555573d46 <str_format+1030>:    jmp    0x555555573b5f <str_format+543>
      0x555555573d4b <str_format+1035>:    nopl   0x0(%rax,%rax,1)
      0x555555573d50 <str_format+1040>:    lea    0x2(%rax),%rax

   (Message)
   (ChatDBG gdb) x/100i str_format+616
      0x555555573ba8 <str_format+616>:     mov    %rbp,%rdi
      0x555555573bab <str_format+619>:     add    $0x1,%r13d
      0x555555573baf <str_format+623>:     call   0x555555573900 <concat2>
      0x555555573bb4 <str_format+628>:     jmp    0x555555573a20 <str_format+224>
      0x555555573bb9 <str_format+633>:     nopl   0x0(%rax)
      0x555555573bc0 <str_format+640>:     mov    %r13d,%esi
      0x555555573bc3 <str_format+643>:     mov    %rbp,%rdi
      0x555555573bc6 <str_format+646>:     call   0x555555562e60 <be_isint>
      0x555555573bcb <str_format+651>:     test   %al,%al
      0x555555573bcd <str_format+653>:     jne    0x555555573db0 <str_format+1136>
      0x555555573bd3 <str_format+659>:     mov    0x10(%rsp),%rsi
      0x555555573bd8 <str_format+664>:     mov    %rbp,%rdi
      0x555555573bdb <str_format+667>:     call   0x5555555632d0 <be_pushstring>
      0x555555573be0 <str_format+672>:     jmp    0x555555573ba8 <str_format+616>
      0x555555573be2 <str_format+674>:     nopw   0x0(%rax,%rax,1)
      0x555555573be8 <str_format+680>:     mov    %r13d,%esi
      0x555555573beb <str_format+683>:     mov    %rbp,%rdi
      0x555555573bee <str_format+686>:     call   0x555555562ea0 <be_isnumber>
      0x555555573bf3 <str_format+691>:     test   %al,%al
      0x555555573bf5 <str_format+693>:     je     0x555555573bd3 <str_format+659>
      0x555555573bf7 <str_format+695>:     mov    %r13d,%esi
      0x555555573bfa <str_format+698>:     mov    %rbp,%rdi
      0x555555573bfd <str_format+701>:     lea    0x20(%rsp),%r14
      0x555555573c02 <str_format+706>:     call   0x555555563040 <be_toreal>
      0x555555573c07 <str_format+711>:     mov    0x10(%rsp),%rdi
      0x555555573c0c <str_format+716>:     mov    %r14,%rcx
      0x555555573c0f <str_format+719>:     mov    $0x80,%edx
      0x555555573c14 <str_format+724>:     mov    $0x1,%esi
      0x555555573c19 <str_format+729>:     mov    $0x1,%eax
      0x555555573c1e <str_format+734>:     call   0x55555555f8b0 <__sprintf_chk@plt>
      0x555555573c23 <str_format+739>:     jmp    0x555555573bd3 <str_format+659>
      0x555555573c25 <str_format+741>:     nopl   (%rax)
      0x555555573c28 <str_format+744>:     mov    %r13d,%esi
      0x555555573c2b <str_format+747>:     mov    %rbp,%rdi
      0x555555573c2e <str_format+750>:     lea    0x20(%rsp),%r14
      0x555555573c33 <str_format+755>:     call   0x5555555630d0 <be_tostring>
      0x555555573c38 <str_format+760>:     mov    $0x2,%esi
      0x555555573c3d <str_format+765>:     mov    %rbp,%rdi
      0x555555573c40 <str_format+768>:     mov    %rax,%r15
      0x555555573c43 <str_format+771>:     call   0x555555563860 <be_strlen>
      0x555555573c48 <str_format+776>:     mov    %r14,%rdx
      0x555555573c4b <str_format+779>:     cmp    $0x64,%eax
      0x555555573c4e <str_format+782>:     jle    0x555555573c92 <str_format+850>
      0x555555573c50 <str_format+784>:     mov    (%rdx),%ecx
      0x555555573c52 <str_format+786>:     add    $0x4,%rdx
      0x555555573c56 <str_format+790>:     lea    -0x1010101(%rcx),%eax
      0x555555573c5c <str_format+796>:     not    %ecx
      0x555555573c5e <str_format+798>:     and    %ecx,%eax
      0x555555573c60 <str_format+800>:     and    $0x80808080,%eax
      0x555555573c65 <str_format+805>:     je     0x555555573c50 <str_format+784>
      0x555555573c67 <str_format+807>:     mov    %eax,%ecx
      0x555555573c69 <str_format+809>:     shr    $0x10,%ecx
      0x555555573c6c <str_format+812>:     test   $0x8080,%eax
      0x555555573c71 <str_format+817>:     cmove  %ecx,%eax
      0x555555573c74 <str_format+820>:     lea    0x2(%rdx),%rcx
      0x555555573c78 <str_format+824>:     cmove  %rcx,%rdx
      0x555555573c7c <str_format+828>:     mov    %eax,%esi
      0x555555573c7e <str_format+830>:     add    %al,%sil
      0x555555573c81 <str_format+833>:     sbb    $0x3,%rdx
      0x555555573c85 <str_format+837>:     sub    %r14,%rdx
      0x555555573c88 <str_format+840>:     cmp    $0x2,%rdx
      0x555555573c8c <str_format+844>:     je     0x555555573e40 <str_format+1280>
      0x555555573c92 <str_format+850>:     mov    %r14,%rcx
      0x555555573c95 <str_format+853>:     mov    0x10(%rsp),%r14
      0x555555573c9a <str_format+858>:     mov    %r15,%r8
      0x555555573c9d <str_format+861>:     mov    $0x80,%edx
      0x555555573ca2 <str_format+866>:     mov    $0x1,%esi
      0x555555573ca7 <str_format+871>:     xor    %eax,%eax
      0x555555573ca9 <str_format+873>:     mov    %r14,%rdi
      0x555555573cac <str_format+876>:     call   0x55555555f8b0 <__sprintf_chk@plt>
      0x555555573cb1 <str_format+881>:     mov    %r14,%rsi
      0x555555573cb4 <str_format+884>:     mov    %rbp,%rdi
      0x555555573cb7 <str_format+887>:     call   0x5555555632d0 <be_pushstring>
      0x555555573cbc <str_format+892>:     jmp    0x555555573ba8 <str_format+616>
      0x555555573cc1 <str_format+897>:     nopl   0x0(%rax)
      0x555555573cc8 <str_format+904>:     mov    %r13d,%esi
      0x555555573ccb <str_format+907>:     mov    %rbp,%rdi
      0x555555573cce <str_format+910>:     call   0x555555562e60 <be_isint>
      0x555555573cd3 <str_format+915>:     test   %al,%al
      0x555555573cd5 <str_format+917>:     je     0x555555573bd3 <str_format+659>
      0x555555573cdb <str_format+923>:     mov    %r13d,%esi
      0x555555573cde <str_format+926>:     mov    %rbp,%rdi
      0x555555573ce1 <str_format+929>:     call   0x555555563020 <be_toint>
      0x555555573ce6 <str_format+934>:     mov    0x10(%rsp),%rdi
      0x555555573ceb <str_format+939>:     mov    $0x80,%edx
      0x555555573cf0 <str_format+944>:     lea    0xbff0(%rip),%rcx        # 0x55555557fce7
      0x555555573cf7 <str_format+951>:     mov    %eax,%r8d
      0x555555573cfa <str_format+954>:     mov    $0x1,%esi
      0x555555573cff <str_format+959>:     xor    %eax,%eax
      0x555555573d01 <str_format+961>:     call   0x55555555f8b0 <__sprintf_chk@plt>
      0x555555573d06 <str_format+966>:     jmp    0x555555573bd3 <str_format+659>
      0x555555573d0b <str_format+971>:     nopl   0x0(%rax,%rax,1)
      0x555555573d10 <str_format+976>:     lea    0x1(%r15),%r12
      0x555555573d14 <str_format+980>:     jmp    0x555555573b20 <str_format+480>
      0x555555573d19 <str_format+985>:     nopl   0x0(%rax)
      0x555555573d20 <str_format+992>:     mov    %r13d,%edx
      0x555555573d23 <str_format+995>:     mov    %rbp,%rdi
      0x555555573d26 <str_format+998>:     lea    0xc03b(%rip),%rsi        # 0x55555557fd68
      0x555555573d2d <str_format+1005>:    xor    %eax,%eax
      0x555555573d2f <str_format+1007>:    call   0x555555563330 <be_pushfstring>

   (Message)
   (ChatDBG gdb) x/40i str_format+1040
      0x555555573d50 <str_format+1040>:    lea    0x2(%rax),%rax
      0x555555573d54 <str_format+1044>:    mov    %r12,%r15
      0x555555573d57 <str_format+1047>:    mov    %rax,%r12
      0x555555573d5a <str_format+1050>:    jmp    0x555555573b20 <str_format+480>
      0x555555573d5f <str_format+1055>:    nop
      0x555555573d60 <str_format+1056>:    mov    %r12,%rdi
      0x555555573d63 <str_format+1059>:    call   0x55555555f590 <strlen@plt>
      0x555555573d68 <str_format+1064>:    mov    %r12,%rsi
      0x555555573d6b <str_format+1067>:    mov    %rbp,%rdi
      0x555555573d6e <str_format+1070>:    mov    %rax,%rdx
      0x555555573d71 <str_format+1073>:    call   0x555555572cb0 <be_newstrn>
      0x555555573d76 <str_format+1078>:    mov    %rbp,%rdi
      0x555555573d79 <str_format+1081>:    mov    %rax,%r8
      0x555555573d7c <str_format+1084>:    mov    0xb8(%rbp),%rax
      0x555555573d83 <str_format+1091>:    lea    0x10(%rax),%rdx
      0x555555573d87 <str_format+1095>:    mov    %rdx,0xb8(%rbp)
      0x555555573d8e <str_format+1102>:    mov    %r8,(%rax)
      0x555555573d91 <str_format+1105>:    movl   $0x5,0x8(%rax)
      0x555555573d98 <str_format+1112>:    call   0x555555573900 <concat2>
      0x555555573d9d <str_format+1117>:    mov    %rbp,%rdi
      0x555555573da0 <str_format+1120>:    call   0x5555555644e0 <be_returnvalue>
      0x555555573da5 <str_format+1125>:    jmp    0x55555557398f <str_format+79>
      0x555555573daa <str_format+1130>:    nopw   0x0(%rax,%rax,1)
      0x555555573db0 <str_format+1136>:    lea    0x20(%rsp),%r14
      0x555555573db5 <str_format+1141>:    mov    %r14,%rdx
      0x555555573db8 <str_format+1144>:    mov    (%rdx),%ecx
      0x555555573dba <str_format+1146>:    add    $0x4,%rdx
      0x555555573dbe <str_format+1150>:    lea    -0x1010101(%rcx),%eax
      0x555555573dc4 <str_format+1156>:    not    %ecx
      0x555555573dc6 <str_format+1158>:    and    %ecx,%eax
      0x555555573dc8 <str_format+1160>:    and    $0x80808080,%eax
      0x555555573dcd <str_format+1165>:    je     0x555555573db8 <str_format+1144>
      0x555555573dcf <str_format+1167>:    mov    %eax,%ecx
      0x555555573dd1 <str_format+1169>:    mov    %rbp,%rdi
      0x555555573dd4 <str_format+1172>:    shr    $0x10,%ecx
      0x555555573dd7 <str_format+1175>:    test   $0x8080,%eax
      0x555555573ddc <str_format+1180>:    cmove  %ecx,%eax
      0x555555573ddf <str_format+1183>:    lea    0x2(%rdx),%rcx
      0x555555573de3 <str_format+1187>:    cmove  %rcx,%rdx
      0x555555573de7 <str_format+1191>:    mov    %eax,%esi

   (Message)
   (ChatDBG gdb) continue
   (Message)
   (ChatDBG gdb) bt
   p/x $pc
   p $r13d
   p $ebx
   x/s $r12
   x/s $r15
   x/s $r14
   x/s $rsp+0x20
   x/s $rsp+0x40
   No stack.
   (Message)
   (ChatDBG gdb) code /work/src/be_strlib.c:519
   512             concat2(vm);
   513             p = get_mode(p + 1, mode);
   514             buf[0] = '\0';
   515             if (index > top) {
   516                 be_raise(vm, "runtime_error", be_pushfstring(vm,
   517                     "bad argument #%d to 'format': no value", index));
   518             }
   519             switch (*p) {
   520             case 'd': case 'i': case 'o':
   521             case 'u': case 'x': case 'X':
   522                 if (be_isint(vm, index)) {

   (Message)
   (ChatDBG gdb) break be_raise
   run
   continue
   Breakpoint 19 at 0x555555564580

   (Message)
   (ChatDBG gdb) bt
   #0  0x00005555555739ea in str_format ()
   #1  0x000055555556a594 in vm_exec ()
   #2  0x0000555555572144 in be_execprotected ()
   #3  0x00005555555724f5 in be_protectedcall ()
   #4  0x000055555555fdac in main ()

   (Message)
   (ChatDBG gdb) disable 16 17 18
   continue
   (Message)
   (ChatDBG gdb) bt
   p (char*)$rsi
   p (char*)$rdx
   No stack.
   (Message)
   (ChatDBG gdb) code /work/src/be_strlib.c:519
   512             concat2(vm);
   513             p = get_mode(p + 1, mode);
   514             buf[0] = '\0';
   515             if (index > top) {
   516                 be_raise(vm, "runtime_error", be_pushfstring(vm,
   517                     "bad argument #%d to 'format': no value", index));
   518             }
   519             switch (*p) {
   520             case 'd': case 'i': case 'o':
   521             case 'u': case 'x': case 'X':
   522                 if (be_isint(vm, index)) {

   (Message)
   (ChatDBG gdb) code /work/src/be_strlib.c:523
   516                 be_raise(vm, "runtime_error", be_pushfstring(vm,
   517                     "bad argument #%d to 'format': no value", index));
   518             }
   519             switch (*p) {
   520             case 'd': case 'i': case 'o':
   521             case 'u': case 'x': case 'X':
   522                 if (be_isint(vm, index)) {
   523                     mode_fixlen(mode, BE_INT_FMTLEN);
   524                     sprintf(buf, mode, be_toint(vm, index));
   525                 }
   526                 be_pushstring(vm, buf);

   
   (Message) The failure is not a crash. The interpreter exits normally, but
   `tests/string.be` fails because the string formatting implementation
   mishandles escaped percent signs.
   
   I traced execution under GDB with the working directory set to `/work` so
   `tests/string.be` could be loaded correctly. The earlier `find` assertions
   execute successfully. The first failing formatting case is:
   
   ```berry
   assert(s.format("%%") == "%")
   ```
   
   When `str_format()` is entered for this call:
   
   ```c
   top = be_top(vm)          // 1
   format = be_tostring(vm, 1) // "%%"
   index = 2
   ```
   
   There is only one Berry argument: the format string itself. That is correct,
   because `"%%"` should produce a literal percent and should not consume a
   formatting value.
   
   However, `str_format()` processes every percent sequence as if it requires an
   argument. The relevant code is:
   
   ```c
   p = get_mode(p + 1, mode);
   buf[0] = '\0';
   if (index > top) {
       be_raise(vm, "runtime_error", be_pushfstring(vm,
           "bad argument #%d to 'format': no value", index));
   }
   switch (*p) {
   ...
   ```
   
   For `"%%"`:
   
   1. `strchr(format, '%')` finds the first `%`.
   2. `pushstr(vm, format, p - format)` pushes the literal prefix, which is
   empty.
   3. `get_mode(p + 1, mode)` is called with the second `%`.
   4. `get_mode()` returns a pointer to that second `%`, so `*p == '%'`.
   5. Before `switch (*p)` can handle the conversion, the code checks `if (index
   > top)`.
   6. `index == 2`, `top == 1`, so the function raises `"bad argument #2 to
   'format': no value"`.
   
   That is wrong for `%%`: escaped percent is not a value-consuming conversion.
   The formatter should append `"%"` and should not require or consume an
   argument.
   
   There is a second related bug: `str_format()` has no `case '%'` in its
   `switch`. Even if the argument-count check were moved, `%%` would currently
   fall into the default error path:
   
   ```c
   default:
       be_raise(vm, "runtime_error", be_pushfstring(vm,
           "invalid option '%%%c' to 'format'", *p));
   ```
   
   So the immediate defect is that literal percent escapes are not supported by
   `str_format()`, even though the test expects C/Python-like formatting
   semantics where `"%%"` means a literal `%`.
   
   A correct local fix is to special-case `%` before checking for a value, and
   avoid incrementing `index` for that case.
   
   One minimal patch:
   
   ```diff
   diff --git a/src/be_strlib.c b/src/be_strlib.c
   index ... .. ...
   --- a/src/be_strlib.c
   +++ b/src/be_strlib.c
   @@ -511,8 +511,15 @@ static int str_format(bvm *vm)
                pushstr(vm, format, p - format);
                concat2(vm);
                p = get_mode(p + 1, mode);
                buf[0] = '\0';
   +
   +            /* "%%" is an escaped percent.  It does not consume an argument. */
   +            if (*p == '%') {
   +                pushstr(vm, "%", 1);
   +                concat2(vm);
   +                format = p + 1;
   +                continue;
   +            }
   +
                if (index > top) {
                    be_raise(vm, "runtime_error", be_pushfstring(vm,
                        "bad argument #%d to 'format': no value", index));
                }
                switch (*p) {
   ```
   
   With this behavior:
   
   ```berry
   s.format("%%")          // "%"
   s.format("%i%%", 12)    // "12%"
   s.format("%i%%%i", 12, 13) // "12%13"
   s.format("%s%%", "foo") // "foo%"
   ```
   
   The escaped percent no longer triggers the missing-argument check and does
   not increment the value index.
   
   ROOT CAUSE: `/work/src/be_strlib.c:515` in `str_format()`. The code checks
   `if (index > top)` for every `%` sequence before determining whether the
   sequence is `%%`. But `%%` is a literal percent escape and should not consume
   an argument. Because `index` starts at `2` and `top` is `1` for
   `s.format("%%")`, the formatter reports a missing second argument instead of
   returning `"%"`. The switch also lacks a `case '%'`, so escaped percent
   handling is absent entirely.
   
   LOCAL FIX: Add explicit handling for `%%` immediately after `get_mode()` and
   before the argument-count check, without incrementing `index`.
   
   ```diff
   @@ -511,8 +511,15 @@ static int str_format(bvm *vm)
                pushstr(vm, format, p - format);
                concat2(vm);
                p = get_mode(p + 1, mode);
                buf[0] = '\0';
   +            if (*p == '%') {
   +                pushstr(vm, "%", 1);
   +                concat2(vm);
   +                format = p + 1;
   +                continue;
   +            }
                if (index > top) {
                    be_raise(vm, "runtime_error", be_pushfstring(vm,
                        "bad argument #%d to 'format': no value", index));
                }
   ```
   
   GLOBAL FIX: Refactor `str_format()` so format parsing produces an explicit
   token type, e.g. `FORMAT_LITERAL_PERCENT`, `FORMAT_INT`, `FORMAT_REAL`,
   `FORMAT_STRING`, etc. Only value-consuming token types should perform
   argument-count checks or increment `index`. This prevents the parser from
   treating all `%` sequences uniformly and avoids future bugs where non-
   consuming directives, escaped characters, or invalid directives are mixed
   with value-consuming conversions.

Breakpoint 7, 0x00005555555742c0 in be_pushvfstr ()

Breakpoint 5, 0x00001555551c8a40 in exit () from /lib/x86_64-linux-gnu/libc.so.6

Breakpoint 7, 0x00005555555742c0 in be_pushvfstr ()

Breakpoint 5, 0x00001555551c8a40 in exit () from /lib/x86_64-linux-gnu/libc.so.6

Breakpoint 5, 0x00001555551c8a40 in exit () from /lib/x86_64-linux-gnu/libc.so.6

Breakpoint 5, 0x00001555551c8a40 in exit () from /lib/x86_64-linux-gnu/libc.so.6

Breakpoint 13, 0x000055555555f8f0 in main ()
[Inferior 1 (process 1148) exited with code 0376]

Breakpoint 13, 0x000055555555f8f0 in main ()

Breakpoint 14, 0x0000555555573180 in str_find ()
0x000055555556a594 in vm_exec ()

Breakpoint 14, 0x0000555555573180 in str_find ()

Breakpoint 14, 0x0000555555573180 in str_find ()
0x000055555556a594 in vm_exec ()

Breakpoint 14, 0x0000555555573180 in str_find ()
0x000055555556a594 in vm_exec ()

Breakpoint 14, 0x0000555555573180 in str_find ()
0x000055555556a594 in vm_exec ()

Breakpoint 14, 0x0000555555573180 in str_find ()
0x000055555556a594 in vm_exec ()

Breakpoint 14, 0x0000555555573180 in str_find ()
0x000055555556a594 in vm_exec ()

Breakpoint 14, 0x0000555555573180 in str_find ()

Breakpoint 14, 0x0000555555573180 in str_find ()

Breakpoint 16, 0x0000555555573940 in str_format ()

Breakpoint 15, 0x0000555555564580 in be_raise ()
[Inferior 1 (process 1299) exited with code 01]

Breakpoint 13, 0x000055555555f8f0 in main ()

Breakpoint 16, 0x0000555555573940 in str_format ()

Program received signal SIGSEGV, Segmentation fault.
0x00005555555739ea in str_format ()

Program terminated with signal SIGSEGV, Segmentation fault.
The program no longer exists.

Breakpoint 16, 0x0000555555573940 in str_format ()

Program received signal SIGSEGV, Segmentation fault.
0x00005555555739ea in str_format ()

Program terminated with signal SIGSEGV, Segmentation fault.
The program no longer exists.

[Cost: ~$24.73 USD]
(ChatDBG chatting) *** Writing ChatDBG dialog log to /results/chatdbg.log.yaml
*** Ablation data written to /results/collect.json
Thank you for using ChatDBG!
Share your success stories here: https://github.com/plasma-umass/ChatDBG/issues/53
   (Message) The failure is not a crash. The interpreter exits normally, but
   `tests/string.be` fails because the string formatting implementation
   mishandles escaped percent signs.
   
   I traced execution under GDB with the working directory set to `/work` so
   `tests/string.be` could be loaded correctly. The earlier `find` assertions
   execute successfully. The first failing formatting case is:
   
   ```berry
   assert(s.format("%%") == "%")
   ```
   
   When `str_format()` is entered for this call:
   
   ```c
   top = be_top(vm)          // 1
   format = be_tostring(vm, 1) // "%%"
   index = 2
   ```
   
   There is only one Berry argument: the format string itself. That is correct,
   because `"%%"` should produce a literal percent and should not consume a
   formatting value.
   
   However, `str_format()` processes every percent sequence as if it requires an
   argument. The relevant code is:
   
   ```c
   p = get_mode(p + 1, mode);
   buf[0] = '\0';
   if (index > top) {
       be_raise(vm, "runtime_error", be_pushfstring(vm,
           "bad argument #%d to 'format': no value", index));
   }
   switch (*p) {
   ...
   ```
   
   For `"%%"`:
   
   1. `strchr(format, '%')` finds the first `%`.
   2. `pushstr(vm, format, p - format)` pushes the literal prefix, which is
   empty.
   3. `get_mode(p + 1, mode)` is called with the second `%`.
   4. `get_mode()` returns a pointer to that second `%`, so `*p == '%'`.
   5. Before `switch (*p)` can handle the conversion, the code checks `if (index
   > top)`.
   6. `index == 2`, `top == 1`, so the function raises `"bad argument #2 to
   'format': no value"`.
   
   That is wrong for `%%`: escaped percent is not a value-consuming conversion.
   The formatter should append `"%"` and should not require or consume an
   argument.
   
   There is a second related bug: `str_format()` has no `case '%'` in its
   `switch`. Even if the argument-count check were moved, `%%` would currently
   fall into the default error path:
   
   ```c
   default:
       be_raise(vm, "runtime_error", be_pushfstring(vm,
           "invalid option '%%%c' to 'format'", *p));
   ```
   
   So the immediate defect is that literal percent escapes are not supported by
   `str_format()`, even though the test expects C/Python-like formatting
   semantics where `"%%"` means a literal `%`.
   
   A correct local fix is to special-case `%` before checking for a value, and
   avoid incrementing `index` for that case.
   
   One minimal patch:
   
   ```diff
   diff --git a/src/be_strlib.c b/src/be_strlib.c
   index ... .. ...
   --- a/src/be_strlib.c
   +++ b/src/be_strlib.c
   @@ -511,8 +511,15 @@ static int str_format(bvm *vm)
                pushstr(vm, format, p - format);
                concat2(vm);
                p = get_mode(p + 1, mode);
                buf[0] = '\0';
   +
   +            /* "%%" is an escaped percent.  It does not consume an argument. */
   +            if (*p == '%') {
   +                pushstr(vm, "%", 1);
   +                concat2(vm);
   +                format = p + 1;
   +                continue;
   +            }
   +
                if (index > top) {
                    be_raise(vm, "runtime_error", be_pushfstring(vm,
                        "bad argument #%d to 'format': no value", index));
                }
                switch (*p) {
   ```
   
   With this behavior:
   
   ```berry
   s.format("%%")          // "%"
   s.format("%i%%", 12)    // "12%"
   s.format("%i%%%i", 12, 13) // "12%13"
   s.format("%s%%", "foo") // "foo%"
   ```
   
   The escaped percent no longer triggers the missing-argument check and does
   not increment the value index.
   
   ROOT CAUSE: `/work/src/be_strlib.c:515` in `str_format()`. The code checks
   `if (index > top)` for every `%` sequence before determining whether the
   sequence is `%%`. But `%%` is a literal percent escape and should not consume
   an argument. Because `index` starts at `2` and `top` is `1` for
   `s.format("%%")`, the formatter reports a missing second argument instead of
   returning `"%"`. The switch also lacks a `case '%'`, so escaped percent
   handling is absent entirely.
   
   LOCAL FIX: Add explicit handling for `%%` immediately after `get_mode()` and
   before the argument-count check, without incrementing `index`.
   
   ```diff
   @@ -511,8 +511,15 @@ static int str_format(bvm *vm)
                pushstr(vm, format, p - format);
                concat2(vm);
                p = get_mode(p + 1, mode);
                buf[0] = '\0';
   +            if (*p == '%') {
   +                pushstr(vm, "%", 1);
   +                concat2(vm);
   +                format = p + 1;
   +                continue;
   +            }
                if (index > top) {
                    be_raise(vm, "runtime_error", be_pushfstring(vm,
                        "bad argument #%d to 'format': no value", index));
                }
   ```
   
   GLOBAL FIX: Refactor `str_format()` so format parsing produces an explicit
   token type, e.g. `FORMAT_LITERAL_PERCENT`, `FORMAT_INT`, `FORMAT_REAL`,
   `FORMAT_STRING`, etc. Only value-consuming token types should perform
   argument-count checks or increment `index`. This prevents the parser from
   treating all `%` sequences uniformly and avoids future bugs where non-
   consuming directives, escaped characters, or invalid directives are mixed
   with value-consuming conversions.
