- instructions: "You are an interactive debugging assistant. Your job is to identify\n\
    the root cause of a failure in the program under test and propose a\ncode-level\
    \ fix.\n\nYou have tools available, described below. **Use them.** Do not merely\n\
    describe what you would check or recommend that someone else run a\ncommand \u2014\
    \ call the tools yourself, read the results, and follow the\nevidence. A response\
    \ that lists steps without performing them is not\nacceptable.\n\nThe `debug`\
    \ function runs a GDB command on the stopped program and gets the response.\n\n\
    The `get_code_surrounding` function returns the source code in the given file\
    \ surrounding and including the provided line number.\n\nHow to work:\n- Read\
    \ the prompt carefully. The stack trace, error message, and\n  command line tell\
    \ you what happened. The source file name (if\n  provided) tells you where the\
    \ code lives.\n- Use the debugger tool to inspect program state: print variables,\n\
    \  examine frames, set breakpoints, step through code. You have full\n  access\
    \ to all debugger commands.\n- Use the `get_code_surrounding` tool to read source\
    \ code around\n  specific lines. This is your primary way to read the source.\n\
    - A stack trace consisting only of system frames (e.g. `exit`,\n  `__libc_start_main`,\
    \ `_start`) does not mean nothing is wrong \u2014 for\n  non-crashing failures\
    \ the program ran to completion but produced\n  incorrect output that the test\
    \ caught. Use the tools to read the\n  source the program executed on the failing\
    \ input and trace the\n  faulty behavior back to a specific defect.\n- Iterate.\
    \ Each tool call should narrow the search. Keep going until\n  you have either\
    \ isolated the defect to a specific file and line\n  with a concrete reason, or\
    \ ruled out enough of the code that you\n  can name a small set of candidate sites\
    \ with justification.\n\nWhen you've finished investigating, write your final\
    \ answer.\nWalk through the program state that led to the failure, explain why\n\
    each variable contributing to the bug has the value it does, and\nreason from\
    \ the observed symptom back to the underlying cause in the\nsource code. Your\
    \ answer may be as long as necessary.\n\nEnd your answer with three labelled sections:\n\
    \n  ROOT CAUSE: <file:line and what is wrong, in your own words. Don't\n     \
    \         just paraphrase the sanitizer report \u2014 explain why the\n      \
    \        defect produces this failure.>\n\n  LOCAL FIX:  <minimal code change\
    \ that resolves the immediate\n              symptom. Show the diff or replacement\
    \ code.>\n\n  GLOBAL FIX: <structural design change that prevents this CLASS of\n\
    \              bug \u2014 e.g. type changes, API redesign, compile-time\n    \
    \          check, RAII wrapper, bounded view type, invariant.\n              NOT\
    \ just a bigger version of the local fix.>\n"
  meta:
    command_line: ''
    config:
      collect_data: /results/collect.json
      context: 10
      format: text
      instructions: ''
      log: /results/chatdbg.log.yaml
      model: openrouter/openai/gpt-5.5
      module_whitelist: ''
      rc_lines: '[]'
      show_libs: false
      show_locals: true
      show_slices: true
      tag: ''
      take_the_wheel: true
      tool_config: /results/tool_config.json
    time: 2026-05-12 11:47:36.761469
    total_cost: 0
    total_time: 0
    total_tokens: 0
    uid: ef023f9d-49bd-49b1-b278-8d93482f8f57
  stats:
    completed: true
    completion_tokens: 598
    cost: 30.71502500000001
    message: |2-

      [Cost: ~$30.72 USD]
    model: openrouter/openai/gpt-5.5
    prompt_tokens: 31815
    time: 554.1430678367615
    tokens: 32413
  stderr: null
  stdout: null
  steps:
  - input: What is the root cause of this crash? Walk through the program state, identify
      the defect, and propose a fix in code. Cover both a minimal local fix and a
      more thorough root-cause fix if they differ.
    output:
      outputs:
      - output: ''
        type: text
      - input: |
          pwd
          info args
          bt
        output:
          output: |
            Working directory /home/ia8920/chatdbgpro_bench.
            No symbol table info available.
            #0  0x00001555551c8a40 in exit () from /lib/x86_64-linux-gnu/libc.so.6
            #1  0x00001555551a608a in __libc_start_main () from /lib/x86_64-linux-gnu/libc.so.6
            #2  0x000055555555fe9e in _start ()
          type: text
        type: call
      - output: ''
        type: text
      - input: code /work/src/be_parser.c:1
        output:
          output: |
            1 /********************************************************************
            2 ** Copyright (c) 2018-2020 Guan Wenliang
            3 ** This file is part of the Berry default interpreter.
            4 ** skiars@qq.com, https://github.com/Skiars/berry
          type: text
        type: call
      - output: ''
        type: text
      - input: |
          file /work/berry
          info functions main
          info sources
        output:
          output: No symbol table is loaded.  Use the "file" command.
          type: text
        type: call
      - output: ''
        type: text
      - input: |
          file /work/berry
          set args tests/class_const.be
          start
          bt
        output:
          output: |
            Temporary breakpoint 7 at 0x55555555f930
            #0  0x000055555555f930 in main ()
          type: text
        type: call
      - output: ''
        type: text
      - input: |
          shell ls -R /work | head -100
          shell sed -n '1,240p' /work/tests/class_const.be
          shell grep -R "class_const\|const" -n /work/src/be_parser.c /work/src | head -80
        output:
          output: ''
          type: text
        type: call
      - output: ''
        type: text
      - input: shell pwd; ls /work; ls /work/tests | head; cat /work/tests/class_const.be
        output:
          output: ''
          type: text
        type: call
      - output: ''
        type: text
      - input: code /work/src/be_parser.c:200
        output:
          output: |
            194 static void end_block_ex(bparser *parser, int beginpc)
            195 {
            196     bfuncinfo *finfo = parser->finfo;
            197     bblockinfo *binfo = finfo->binfo;
            198     be_code_close(finfo, 0); /* close upvalues */
            199     if (binfo->type & BLOCK_LOOP) {
            200         be_code_jumpto(finfo, binfo->beginpc);
            201         be_code_patchjump(finfo, binfo->breaklist);
            202         be_code_patchlist(finfo, binfo->continuelist, binfo->beginpc);
            203     }
          type: text
        type: call
      - output: ''
        type: text
      - input: code /work/tests/class_const.be:1
        output:
          output: |
            1 def assert_attribute_error(f)
            2     try
            3         f()
            4         assert(false, 'unexpected execution flow')
          type: text
        type: call
      - output: ''
        type: text
      - input: code /work/tests/class_const.be:1
        output:
          output: |
            1 def assert_attribute_error(f)
            2     try
            3         f()
            4         assert(false, 'unexpected execution flow')
          type: text
        type: call
      - output: ''
        type: text
      - input: code /work/tests/class_const.be:30
        output:
          output: "24 a = A()\n25 assert(a.b == 2)\n26 assert(a.a == nil)\n27 assert(a.c\
            \ == nil)\n28 \n29 A.a = 1\n30 A.c = 3\n31 A.s = \"foo\"\n32 A.r = 3.5\n\
            33 assert(a.a == 1)\n"
          type: text
        type: call
      - output: ''
        type: text
      - input: code /work/tests/class_const.be:60
        output:
          output: |
            54 class A
            55     var a, g
            56     static h
            57     def init() self.a = 1 end
            58     def f(x, y) return type(self) end
            59 end
            60 a=A()
            61 a.g = def (x, y) return type(x) end
            62 A.h = def (x, y) return type(x) end
          type: text
        type: call
      - output: ''
        type: text
      - input: code /work/tests/class_const.be:90
        output:
          output: |
            84 a = A()
            85 assert(a.a == 1)
            86 assert(a.b == nil)
            87 assert(a.c == 3.5)
            88 assert(a.d == 42)
            89 assert(a.e == "foo")
            90 assert(a.f == [1])
            91 assert(a.g == A.g)
            92 assert(a.aa == nil)
            93 assert(a.ab == nil)
          type: text
        type: call
      - output: ''
        type: text
      - input: code /work/tests/class_const.be:100
        output:
          output: " 93 assert(a.ab == nil)\n 94 \n 95 #- used to fail for subclasses\
            \ -#\n 96 class A static a=1 end\n 97 class B:A static a=A def f() end\
            \ static b=1 static c=A end\n 98 assert(A.a == 1)\n 99 assert(B.a == A)\n\
            100 assert(B.b == 1)\n101 assert(B.c == A)\n"
          type: text
        type: call
      - output: ''
        type: text
      - input: |
          run
          print $_exitcode
        output:
          output: |
            $1 = void
          type: text
        type: call
      - output: ''
        type: text
      - input: |
          set pagination off
          run
          info program
          p $_exitcode
        output:
          output: |
            Last stopped for thread 1 (process 463).
                    Using the running image of child process 463.
            Program stopped at 0x1555551c8a40.
            It stopped at breakpoint 5.
            $2 = void
          type: text
        type: call
      - output: ''
        type: text
      - input: code /work/src/be_parser.c:1
        output:
          output: |
            1 /********************************************************************
            2 ** Copyright (c) 2018-2020 Guan Wenliang
            3 ** This file is part of the Berry default interpreter.
            4 ** skiars@qq.com, https://github.com/Skiars/berry
          type: text
        type: call
      - output: ''
        type: text
      - input: |
          shell wc -l /work/src/be_parser.c
          shell grep -n "class\|static\|var\|ATTR\|const\|member\|field" /work/src/be_parser.c | head -200
        output:
          output: ''
          type: text
        type: call
      - output: ''
        type: text
      - input: code /work/src/be_parser.c:500
        output:
          output: |
            493                     idx = be_global_find(vm, s);
            494                     if (idx >= 0) {
            495                         if (idx < be_builtin_count(vm)) {
            496                             return ETGLOBAL; /* global variable */
            497                         } else {
            498                             return comp_is_named_gbl(vm) ? ETNGLOBAL : ETGLOBAL; /* global variable */
            499                         }
            500                     } else {
            501                         return ETVOID; /* unknow (new variable or error) */
            502                     }
            503                 }
          type: text
        type: call
      - output: ''
        type: text
      - input: code /work/src/be_parser.c:400
        output:
          output: |
            393             }
            394         }
            395         reg = be_list_count(finfo->local); /* new local index */
            396         var = be_list_push(parser->vm, finfo->local, NULL);
            397         var_setstr(var, name);
            398         if (reg >= finfo->freereg) {
            399             be_code_allocregs(finfo, 1); /* use a register */
            400         }
            401         begin_varinfo(parser, name);
            402     } else {
            403         push_error(parser, "redefinition of '%s'", str(name));
          type: text
        type: call
      - output: ''
        type: text
      - input: code /work/src/be_parser.c:700
        output:
          output: "693     bfuncinfo *finfo = parser->finfo;\n694     expr(parser,\
            \ &e); /* key */\n695     check_var(parser, &e);  /* check if value is\
            \ valid */\n696     be_code_index(finfo, &v, &e);  /* package as `v` as\
            \ INDEX suffix for value `e` */\n697     match_token(parser, OptColon);\
            \ /* ':' */\n698     expr(parser, &e); /* value in `e` */\n699     check_var(parser,\
            \ &e);  /* check if value is correct */\n700     be_code_setvar(finfo,\
            \ &v, &e);  /* set suffi  INDEX value to e */\n701 }\n702 \n703 static\
            \ void list_expr(bparser *parser, bexpdesc *e)\n"
          type: text
        type: call
      - output: ''
        type: text
      - input: code /work/src/be_parser.c:900
        output:
          output: "893             break;\n894         default:\n895             return;\n\
            896         }\n897     }\n898 }\n899 \n900 static void suffix_alloc_reg(bparser\
            \ *parser, bexpdesc *l)\n901 {\n902     bfuncinfo *finfo = parser->finfo;\n\
            903     bbool is_suffix = l->type == ETINDEX || l->type == ETMEMBER; \
            \  /* is suffix */\n"
          type: text
        type: call
      - output: ''
        type: text
      - input: code /work/src/be_parser.c:1100
        output:
          output: "1093     return e.f;\n1094 }\n1095 \n1096 static void condition_block(bparser\
            \ *parser, int *jmp)\n1097 {\n1098     bfuncinfo *finfo = parser->finfo;\n\
            1099     int br = cond_stmt(parser);\n1100     block(parser, 0);\n1101\
            \     if (next_type(parser) == KeyElif\n1102             || next_type(parser)\
            \ == KeyElse) {\n1103         be_code_conjump(finfo, jmp, be_code_jump(finfo));\
            \ /* connect jump */\n"
          type: text
        type: call
      - output: ''
        type: text
      - input: code /work/src/be_parser.c:1300
        output:
          output: |
            1293         scan_next_token(parser); /* skip token */
            1294         /* '-*' negative operator */
            1295         if (type == OptSub && next_type(parser) == OptMul) {
            1296             scan_next_token(parser); /* skip '*' */
            1297             return parser_newstr(parser, "-*");
            1298         }
            1299         /* '()' call operator */
            1300         if (type == OptLBK && next_type(parser) == OptRBK) {
            1301             scan_next_token(parser); /* skip ')' */
            1302             return parser_newstr(parser, "()");
            1303         }
          type: text
        type: call
      - output: ''
        type: text
      - input: code /work/src/be_parser.c:1500
        output:
          output: "1493     new_var(parser, name, &v);\n1494     be_code_import(parser->finfo,\
            \ &m, &v);\n1495 }\n1496 \n1497 static void var_field(bparser *parser)\n\
            1498 {\n1499     /* ID ['=' expr] */\n1500     bexpdesc e1, e2;\n1501\
            \     bstring *name;\n1502     name = next_token(parser).u.s;\n1503  \
            \   match_token(parser, TokenId); /* match and skip ID */\n"
          type: text
        type: call
      - output: ''
        type: text
      - input: code /work/src/be_parser.c:1600
        output:
          output: |
            1593     /* 'try' block 'except' except_stmt block 'end' */
            1594     scan_next_token(parser); /* skip 'try' */
            1595     jcatch = be_code_exblk(parser->finfo, 0);
            1596     block(parser, BLOCK_EXCEPT);
            1597     be_code_exblk(parser->finfo, 1);
            1598     jbrk = be_code_jump(parser->finfo);
            1599     except_block(parser, &jcatch, &jbrk);
            1600     while (next_type(parser) == KeyExcept) {
            1601         except_block(parser, &jcatch, &jbrk);
            1602     }
            1603     be_code_patchjump(parser->finfo, jcatch);
          type: text
        type: call
      - output: ''
        type: text
      - input: code /work/src/be_parser.c:1400
        output:
          output: |
            1393             if (match_id(parser, name) != NULL) {
            1394                 check_class_attr(parser, c, name);
            1395                 be_member_bind(parser->vm, c, name, bfalse);
            1396                 class_static_assignment_expr(parser, e, name);
            1397             } else {
            1398                 parser_error(parser, "class static error");
            1399             }
            1400         }
            1401     } else {
            1402         parser_error(parser, "class static error");
            1403     }
          type: text
        type: call
      - output: ''
        type: text
      - input: code /work/src/be_parser.c:1340
        output:
          output: "1333     be_code_ret(parser->finfo, &e);\n1334 }\n1335 \n1336 static\
            \ void check_class_attr(bparser *parser, bclass *c, bstring *attr)\n1337\
            \ {\n1338     if (be_class_attribute(parser->vm, c, attr) != BE_NONE)\
            \ {\n1339         push_error(parser,\n1340             \"redefinition\
            \ of the attribute '%s'\", str(attr));\n1341     }\n1342 }\n"
          type: text
        type: call
      - output: ''
        type: text
      - input: code /work/src/be_parser.c:1340
        output:
          output: "1333     be_code_ret(parser->finfo, &e);\n1334 }\n1335 \n1336 static\
            \ void check_class_attr(bparser *parser, bclass *c, bstring *attr)\n1337\
            \ {\n1338     if (be_class_attribute(parser->vm, c, attr) != BE_NONE)\
            \ {\n1339         push_error(parser,\n1340             \"redefinition\
            \ of the attribute '%s'\", str(attr));\n1341     }\n1342 }\n"
          type: text
        type: call
      - output: ''
        type: text
      - input: code /work/src/be_parser.c:1340
        output:
          output: "1333     be_code_ret(parser->finfo, &e);\n1334 }\n1335 \n1336 static\
            \ void check_class_attr(bparser *parser, bclass *c, bstring *attr)\n1337\
            \ {\n1338     if (be_class_attribute(parser->vm, c, attr) != BE_NONE)\
            \ {\n1339         push_error(parser,\n1340             \"redefinition\
            \ of the attribute '%s'\", str(attr));\n1341     }\n1342 }\n"
          type: text
        type: call
      - output: ''
        type: text
      - input: code /work/src/be_parser.c:1350
        output:
          output: |
            1344 static void classvar_stmt(bparser *parser, bclass *c)
            1345 {
            1346     bstring *name;
            1347     /* 'var' ID {',' ID} */
            1348     scan_next_token(parser); /* skip 'var' */
            1349     if (match_id(parser, name) != NULL) {
            1350         check_class_attr(parser, c, name);
            1351         be_member_bind(parser->vm, c, name, btrue);
            1352         while (match_skip(parser, OptComma)) { /* ',' */
            1353             if (match_id(parser, name) != NULL) {
          type: text
        type: call
      - output: ''
        type: text
      - input: code /work/src/be_parser.c:1360
        output:
          output: |
            1353             if (match_id(parser, name) != NULL) {
            1354                 check_class_attr(parser, c, name);
            1355                 be_member_bind(parser->vm, c, name, btrue);
            1356             } else {
            1357                 parser_error(parser, "class var error");
            1358             }
            1359         }
            1360     } else {
            1361         parser_error(parser, "class var error");
            1362     }
            1363 }
          type: text
        type: call
      - output: ''
        type: text
      - input: code /work/src/be_parser.c:1365
        output:
          output: "1358             }\n1359         }\n1360     } else {\n1361   \
            \      parser_error(parser, \"class var error\");\n1362     }\n1363 }\n\
            1364 \n1365 static void class_static_assignment_expr(bparser *parser,\
            \ bexpdesc *e, bstring *name)\n1366 {\n1367     if (match_skip(parser,\
            \ OptAssign)) { /* '=' */\n1368         bexpdesc e1, e2;\n"
          type: text
        type: call
      - output: ''
        type: text
      - input: code /work/src/be_parser.c:1370
        output:
          output: "1363 }\n1364 \n1365 static void class_static_assignment_expr(bparser\
            \ *parser, bexpdesc *e, bstring *name)\n1366 {\n1367     if (match_skip(parser,\
            \ OptAssign)) { /* '=' */\n1368         bexpdesc e1, e2;\n1369       \
            \  /* parse the right expression */\n1370         expr(parser, &e2);\n\
            1371 \n1372         e1 = *e;        /* copy the class description */\n\
            1373         bexpdesc key;   /* build the member key */\n"
          type: text
        type: call
      - output: ''
        type: text
      - input: code /work/src/be_parser.c:1375
        output:
          output: "1368         bexpdesc e1, e2;\n1369         /* parse the right\
            \ expression */\n1370         expr(parser, &e2);\n1371 \n1372        \
            \ e1 = *e;        /* copy the class description */\n1373         bexpdesc\
            \ key;   /* build the member key */\n1374         init_exp(&key, ETSTRING,\
            \ 0);\n1375         key.v.s = name;\n1376 \n1377         be_code_member(parser->finfo,\
            \ &e1, &key);   /* compute member accessor */\n1378         be_code_setvar(parser->finfo,\
            \ &e1, &e2);    /* set member */\n"
          type: text
        type: call
      - output: ''
        type: text
      - input: code /work/src/be_parser.c:1380
        output:
          output: "1373         bexpdesc key;   /* build the member key */\n1374 \
            \        init_exp(&key, ETSTRING, 0);\n1375         key.v.s = name;\n\
            1376 \n1377         be_code_member(parser->finfo, &e1, &key);   /* compute\
            \ member accessor */\n1378         be_code_setvar(parser->finfo, &e1,\
            \ &e2);    /* set member */\n1379     }\n1380 }\n1381 \n1382 static void\
            \ classstatic_stmt(bparser *parser, bclass *c, bexpdesc *e)\n1383 {\n"
          type: text
        type: call
      - output: ''
        type: text
      - input: code /work/src/be_parser.c:1382
        output:
          output: "1375         key.v.s = name;\n1376 \n1377         be_code_member(parser->finfo,\
            \ &e1, &key);   /* compute member accessor */\n1378         be_code_setvar(parser->finfo,\
            \ &e1, &e2);    /* set member */\n1379     }\n1380 }\n1381 \n1382 static\
            \ void classstatic_stmt(bparser *parser, bclass *c, bexpdesc *e)\n1383\
            \ {\n1384     bstring *name;\n1385     /* 'static' ID ['=' expr] {','\
            \ ID ['=' expr] } */\n"
          type: text
        type: call
      - output: ''
        type: text
      - input: code /work/src/be_parser.c:1382
        output:
          output: "1375         key.v.s = name;\n1376 \n1377         be_code_member(parser->finfo,\
            \ &e1, &key);   /* compute member accessor */\n1378         be_code_setvar(parser->finfo,\
            \ &e1, &e2);    /* set member */\n1379     }\n1380 }\n1381 \n1382 static\
            \ void classstatic_stmt(bparser *parser, bclass *c, bexpdesc *e)\n1383\
            \ {\n1384     bstring *name;\n1385     /* 'static' ID ['=' expr] {','\
            \ ID ['=' expr] } */\n"
          type: text
        type: call
      - output: ''
        type: text
      - input: code /work/src/be_parser.c:1386
        output:
          output: "1379     }\n1380 }\n1381 \n1382 static void classstatic_stmt(bparser\
            \ *parser, bclass *c, bexpdesc *e)\n1383 {\n1384     bstring *name;\n\
            1385     /* 'static' ID ['=' expr] {',' ID ['=' expr] } */\n1386     scan_next_token(parser);\
            \ /* skip 'static' */\n1387     if (match_id(parser, name) != NULL) {\n\
            1388         check_class_attr(parser, c, name);\n1389         be_member_bind(parser->vm,\
            \ c, name, bfalse);\n"
          type: text
        type: call
      - output: ''
        type: text
      - input: code /work/src/be_parser.c:1388
        output:
          output: |
            1382 static void classstatic_stmt(bparser *parser, bclass *c, bexpdesc *e)
            1383 {
            1384     bstring *name;
            1385     /* 'static' ID ['=' expr] {',' ID ['=' expr] } */
            1386     scan_next_token(parser); /* skip 'static' */
            1387     if (match_id(parser, name) != NULL) {
            1388         check_class_attr(parser, c, name);
            1389         be_member_bind(parser->vm, c, name, bfalse);
            1390         class_static_assignment_expr(parser, e, name);
          type: text
        type: call
      - output: ''
        type: text
      - input: code /work/src/be_parser.c:1390
        output:
          output: "1383 {\n1384     bstring *name;\n1385     /* 'static' ID ['=' expr]\
            \ {',' ID ['=' expr] } */\n1386     scan_next_token(parser); /* skip 'static'\
            \ */\n1387     if (match_id(parser, name) != NULL) {\n1388         check_class_attr(parser,\
            \ c, name);\n1389         be_member_bind(parser->vm, c, name, bfalse);\n\
            1390         class_static_assignment_expr(parser, e, name);\n1391 \n1392\
            \         while (match_skip(parser, OptComma)) { /* ',' */\n1393     \
            \        if (match_id(parser, name) != NULL) {\n"
          type: text
        type: call
      - output: ''
        type: text
      - input: code /work/src/be_parser.c:1392
        output:
          output: "1385     /* 'static' ID ['=' expr] {',' ID ['=' expr] } */\n1386\
            \     scan_next_token(parser); /* skip 'static' */\n1387     if (match_id(parser,\
            \ name) != NULL) {\n1388         check_class_attr(parser, c, name);\n\
            1389         be_member_bind(parser->vm, c, name, bfalse);\n1390      \
            \   class_static_assignment_expr(parser, e, name);\n1391 \n1392      \
            \   while (match_skip(parser, OptComma)) { /* ',' */\n1393           \
            \  if (match_id(parser, name) != NULL) {\n1394                 check_class_attr(parser,\
            \ c, name);\n1395                 be_member_bind(parser->vm, c, name,\
            \ bfalse);\n"
          type: text
        type: call
      - output: ''
        type: text
      - input: code /work/src/be_parser.c:1394
        output:
          output: "1387     if (match_id(parser, name) != NULL) {\n1388         check_class_attr(parser,\
            \ c, name);\n1389         be_member_bind(parser->vm, c, name, bfalse);\n\
            1390         class_static_assignment_expr(parser, e, name);\n1391 \n1392\
            \         while (match_skip(parser, OptComma)) { /* ',' */\n1393     \
            \        if (match_id(parser, name) != NULL) {\n1394                 check_class_attr(parser,\
            \ c, name);\n1395                 be_member_bind(parser->vm, c, name,\
            \ bfalse);\n1396                 class_static_assignment_expr(parser,\
            \ e, name);\n1397             } else {\n"
          type: text
        type: call
      - output: ''
        type: text
      - input: code /work/src/be_parser.c:1400
        output:
          output: |
            1393             if (match_id(parser, name) != NULL) {
            1394                 check_class_attr(parser, c, name);
            1395                 be_member_bind(parser->vm, c, name, bfalse);
            1396                 class_static_assignment_expr(parser, e, name);
            1397             } else {
            1398                 parser_error(parser, "class static error");
            1399             }
            1400         }
            1401     } else {
            1402         parser_error(parser, "class static error");
            1403     }
          type: text
        type: call
      - output: ''
        type: text
      - input: code /work/src/be_parser.c:1405
        output:
          output: "1398                 parser_error(parser, \"class static error\"\
            );\n1399             }\n1400         }\n1401     } else {\n1402      \
            \   parser_error(parser, \"class static error\");\n1403     }\n1404 }\n\
            1405 \n1406 static void classdef_stmt(bparser *parser, bclass *c)\n1407\
            \ {\n1408     bexpdesc e;\n"
          type: text
        type: call
      - output: ''
        type: text
      - input: code /work/src/be_parser.c:1406
        output:
          output: "1399             }\n1400         }\n1401     } else {\n1402   \
            \      parser_error(parser, \"class static error\");\n1403     }\n1404\
            \ }\n1405 \n1406 static void classdef_stmt(bparser *parser, bclass *c)\n\
            1407 {\n1408     bexpdesc e;\n1409     bstring *name;\n"
          type: text
        type: call
      - output: ''
        type: text
      - input: code /work/src/be_parser.c:1410
        output:
          output: "1403     }\n1404 }\n1405 \n1406 static void classdef_stmt(bparser\
            \ *parser, bclass *c)\n1407 {\n1408     bexpdesc e;\n1409     bstring\
            \ *name;\n1410     bproto *proto;\n1411     /* 'def' ID '(' varlist ')'\
            \ block 'end' */\n1412     scan_next_token(parser); /* skip 'def' */\n\
            1413     name = func_name(parser, &e, 1);\n"
          type: text
        type: call
      - output: ''
        type: text
      - input: code /work/src/be_parser.c:1410
        output:
          output: "1403     }\n1404 }\n1405 \n1406 static void classdef_stmt(bparser\
            \ *parser, bclass *c)\n1407 {\n1408     bexpdesc e;\n1409     bstring\
            \ *name;\n1410     bproto *proto;\n1411     /* 'def' ID '(' varlist ')'\
            \ block 'end' */\n1412     scan_next_token(parser); /* skip 'def' */\n\
            1413     name = func_name(parser, &e, 1);\n"
          type: text
        type: call
      - output: ''
        type: text
      - input: code /work/src/be_parser.c:1414
        output:
          output: |
            1407 {
            1408     bexpdesc e;
            1409     bstring *name;
            1410     bproto *proto;
            1411     /* 'def' ID '(' varlist ')' block 'end' */
            1412     scan_next_token(parser); /* skip 'def' */
            1413     name = func_name(parser, &e, 1);
            1414     check_class_attr(parser, c, name);
            1415     proto = funcbody(parser, name, FUNC_METHOD);
            1416     be_method_bind(parser->vm, c, proto->name, proto);
            1417     be_stackpop(parser->vm, 1);
          type: text
        type: call
      - output: ''
        type: text
      - input: code /work/src/be_parser.c:1420
        output:
          output: "1413     name = func_name(parser, &e, 1);\n1414     check_class_attr(parser,\
            \ c, name);\n1415     proto = funcbody(parser, name, FUNC_METHOD);\n1416\
            \     be_method_bind(parser->vm, c, proto->name, proto);\n1417     be_stackpop(parser->vm,\
            \ 1);\n1418 }\n1419 \n1420 static void class_inherit(bparser *parser,\
            \ bexpdesc *e)\n1421 {\n1422     if (next_type(parser) == OptColon) {\
            \ /* ':' */\n1423         bexpdesc e1;\n"
          type: text
        type: call
      - output: ''
        type: text
      - input: code /work/src/be_parser.c:1440
        output:
          output: |
            1433     /* { [;] } */
            1434     while (block_follow(parser)) {
            1435         switch (next_type(parser)) {
            1436         case KeyVar: classvar_stmt(parser, c); break;
            1437         case KeyStatic: classstatic_stmt(parser, c, e); break;
            1438         case KeyDef: classdef_stmt(parser, c); break;
            1439         case OptSemic: scan_next_token(parser); break;
            1440         default: push_error(parser,
            1441                 "unexpected token '%s'", token2str(parser));
            1442         }
            1443     }
          type: text
        type: call
      - output: ''
        type: text
      - input: code /work/src/be_parser.c:1420
        output:
          output: "1413     name = func_name(parser, &e, 1);\n1414     check_class_attr(parser,\
            \ c, name);\n1415     proto = funcbody(parser, name, FUNC_METHOD);\n1416\
            \     be_method_bind(parser->vm, c, proto->name, proto);\n1417     be_stackpop(parser->vm,\
            \ 1);\n1418 }\n1419 \n1420 static void class_inherit(bparser *parser,\
            \ bexpdesc *e)\n1421 {\n1422     if (next_type(parser) == OptColon) {\
            \ /* ':' */\n1423         bexpdesc e1;\n"
          type: text
        type: call
      - output: ''
        type: text
      - input: code /work/src/be_parser.c:1422
        output:
          output: "1415     proto = funcbody(parser, name, FUNC_METHOD);\n1416   \
            \  be_method_bind(parser->vm, c, proto->name, proto);\n1417     be_stackpop(parser->vm,\
            \ 1);\n1418 }\n1419 \n1420 static void class_inherit(bparser *parser,\
            \ bexpdesc *e)\n1421 {\n1422     if (next_type(parser) == OptColon) {\
            \ /* ':' */\n1423         bexpdesc e1;\n1424         scan_next_token(parser);\
            \ /* skip ':' */\n1425         expr(parser, &e1);\n"
          type: text
        type: call
      - output: ''
        type: text
      - input: code /work/src/be_parser.c:1424
        output:
          output: "1417     be_stackpop(parser->vm, 1);\n1418 }\n1419 \n1420 static\
            \ void class_inherit(bparser *parser, bexpdesc *e)\n1421 {\n1422     if\
            \ (next_type(parser) == OptColon) { /* ':' */\n1423         bexpdesc e1;\n\
            1424         scan_next_token(parser); /* skip ':' */\n1425         expr(parser,\
            \ &e1);\n1426         check_var(parser, &e1);\n1427         be_code_setsuper(parser->finfo,\
            \ e, &e1);\n"
          type: text
        type: call
      - output: ''
        type: text
      - input: code /work/src/be_parser.c:1430
        output:
          output: "1423         bexpdesc e1;\n1424         scan_next_token(parser);\
            \ /* skip ':' */\n1425         expr(parser, &e1);\n1426         check_var(parser,\
            \ &e1);\n1427         be_code_setsuper(parser->finfo, e, &e1);\n1428 \
            \    }\n1429 }\n1430 \n1431 static void class_block(bparser *parser, bclass\
            \ *c, bexpdesc *e)\n1432 {\n1433     /* { [;] } */\n"
          type: text
        type: call
      - output: ''
        type: text
      - input: code /work/src/be_parser.c:1446
        output:
          output: "1439         case OptSemic: scan_next_token(parser); break;\n1440\
            \         default: push_error(parser,\n1441                 \"unexpected\
            \ token '%s'\", token2str(parser));\n1442         }\n1443     }\n1444\
            \ }\n1445 \n1446 static void class_stmt(bparser *parser)\n1447 {\n1448\
            \     bstring *name;\n1449     /* 'class' ID [':' ID] class_block 'end'\
            \ */\n"
          type: text
        type: call
      - output: ''
        type: text
      - input: code /work/src/be_parser.c:1446
        output:
          output: "1439         case OptSemic: scan_next_token(parser); break;\n1440\
            \         default: push_error(parser,\n1441                 \"unexpected\
            \ token '%s'\", token2str(parser));\n1442         }\n1443     }\n1444\
            \ }\n1445 \n1446 static void class_stmt(bparser *parser)\n1447 {\n1448\
            \     bstring *name;\n1449     /* 'class' ID [':' ID] class_block 'end'\
            \ */\n"
          type: text
        type: call
      - output: ''
        type: text
      - input: code /work/src/be_parser.c:1450
        output:
          output: "1443     }\n1444 }\n1445 \n1446 static void class_stmt(bparser\
            \ *parser)\n1447 {\n1448     bstring *name;\n1449     /* 'class' ID [':'\
            \ ID] class_block 'end' */\n1450     scan_next_token(parser); /* skip\
            \ 'class' */\n1451     if (match_id(parser, name) != NULL) {\n1452   \
            \      bexpdesc e;\n1453         bclass *c = be_newclass(parser->vm, name,\
            \ NULL);\n"
          type: text
        type: call
      - output: ''
        type: text
      - input: code /work/src/be_parser.c:1450
        output:
          output: "1443     }\n1444 }\n1445 \n1446 static void class_stmt(bparser\
            \ *parser)\n1447 {\n1448     bstring *name;\n1449     /* 'class' ID [':'\
            \ ID] class_block 'end' */\n1450     scan_next_token(parser); /* skip\
            \ 'class' */\n1451     if (match_id(parser, name) != NULL) {\n1452   \
            \      bexpdesc e;\n1453         bclass *c = be_newclass(parser->vm, name,\
            \ NULL);\n"
          type: text
        type: call
      - output: ''
        type: text
      - input: code /work/src/be_parser.c:1452
        output:
          output: |
            1446 static void class_stmt(bparser *parser)
            1447 {
            1448     bstring *name;
            1449     /* 'class' ID [':' ID] class_block 'end' */
            1450     scan_next_token(parser); /* skip 'class' */
            1451     if (match_id(parser, name) != NULL) {
            1452         bexpdesc e;
            1453         bclass *c = be_newclass(parser->vm, name, NULL);
            1454         new_var(parser, name, &e);
            1455         be_code_class(parser->finfo, &e, c);
          type: text
        type: call
      - output: ''
        type: text
      - input: code /work/src/be_parser.c:1454
        output:
          output: |
            1447 {
            1448     bstring *name;
            1449     /* 'class' ID [':' ID] class_block 'end' */
            1450     scan_next_token(parser); /* skip 'class' */
            1451     if (match_id(parser, name) != NULL) {
            1452         bexpdesc e;
            1453         bclass *c = be_newclass(parser->vm, name, NULL);
            1454         new_var(parser, name, &e);
            1455         be_code_class(parser->finfo, &e, c);
            1456         class_inherit(parser, &e);
            1457         class_block(parser, c, &e);
          type: text
        type: call
      - output: ''
        type: text
      - input: code /work/src/be_parser.c:1456
        output:
          output: |
            1449     /* 'class' ID [':' ID] class_block 'end' */
            1450     scan_next_token(parser); /* skip 'class' */
            1451     if (match_id(parser, name) != NULL) {
            1452         bexpdesc e;
            1453         bclass *c = be_newclass(parser->vm, name, NULL);
            1454         new_var(parser, name, &e);
            1455         be_code_class(parser->finfo, &e, c);
            1456         class_inherit(parser, &e);
            1457         class_block(parser, c, &e);
            1458         be_class_compress(parser->vm, c); /* compress class size */
            1459         match_token(parser, KeyEnd); /* skip 'end' */
          type: text
        type: call
      - output: ''
        type: text
      - input: code /work/src/be_parser.c:1458
        output:
          output: |
            1451     if (match_id(parser, name) != NULL) {
            1452         bexpdesc e;
            1453         bclass *c = be_newclass(parser->vm, name, NULL);
            1454         new_var(parser, name, &e);
            1455         be_code_class(parser->finfo, &e, c);
            1456         class_inherit(parser, &e);
            1457         class_block(parser, c, &e);
            1458         be_class_compress(parser->vm, c); /* compress class size */
            1459         match_token(parser, KeyEnd); /* skip 'end' */
            1460     } else {
            1461         parser_error(parser, "class name error");
          type: text
        type: call
      - output: ''
        type: text
      - input: code /work/tests/class_const.be:10
        output:
          output: " 3         f()\n 4         assert(false, 'unexpected execution\
            \ flow')\n 5     except .. as e, m\n 6         assert(e == 'attribute_error')\n\
            \ 7     end\n 8 end\n 9 \n10 class A\n11     static a\n12     def init()\
            \ self.b = 2 end\n13     def f() end\n"
          type: text
        type: call
      - input: code /work/tests/class_const.be:40
        output:
          output: "33 assert(a.a == 1)\n34 assert(a.c == 3)\n35 assert(A.a == 1)\n\
            36 assert(A.c == 3)\n37 import gc gc.collect()\n38 assert(A.s == \"foo\"\
            )\n39 assert(a.s == \"foo\")\n40 assert(A.r == 3.5)\n41 assert(a.r ==\
            \ 3.5)\n42 \n43 #- test valid or invalid methods and members -#\n"
          type: text
        type: call
      - input: code /work/tests/class_const.be:70
        output:
          output: "64 assert(type(a.g) == 'function')\n65 assert(type(a.h) == 'function')\n\
            66 \n67 assert_attribute_error(\"a.g(1,2)\")\n68 assert(a.h(1) == 'instance')\n\
            69 # A.h(1) - error\n70 \n71 #- test static initializers -#\n72 class\
            \ A\n73     static a = 1, b, c = 3.5, d = 42, e = \"foo\", f = [1], g\
            \ = {}\n"
          type: text
        type: call
      - input: code /work/tests/class_const.be:96
        output:
          output: "89 assert(a.e == \"foo\")\n90 assert(a.f == [1])\n91 assert(a.g\
            \ == A.g)\n92 assert(a.aa == nil)\n93 assert(a.ab == nil)\n94 \n95 #-\
            \ used to fail for subclasses -#\n96 class A static a=1 end\n97 class\
            \ B:A static a=A def f() end static b=1 static c=A end\n98 assert(A.a\
            \ == 1)\n99 assert(B.a == A)\n"
          type: text
        type: call
      - output: ''
        type: text
      - input: code /work/tests/class_const.be:10
        output:
          output: " 3         f()\n 4         assert(false, 'unexpected execution\
            \ flow')\n 5     except .. as e, m\n 6         assert(e == 'attribute_error')\n\
            \ 7     end\n 8 end\n 9 \n10 class A\n11     static a\n12     def init()\
            \ self.b = 2 end\n13     def f() end\n"
          type: text
        type: call
      - output: ''
        type: text
      - input: code /work/tests/class_const.be:14
        output:
          output: " 7     end\n 8 end\n 9 \n10 class A\n11     static a\n12     def\
            \ init() self.b = 2 end\n13     def f() end\n14     var b\n15     static\
            \ c, s, r\n16 end\n"
          type: text
        type: call
      - output: ''
        type: text
      - input: |
          shell /work/berry /work/tests/class_const.be; echo EXIT:$?
          shell cd /work && ./berry tests/class_const.be; echo EXIT:$?
        output:
          output: ''
          type: text
        type: call
      - output: ''
        type: text
      - input: code /work/src/be_class.c:1
        output:
          output: |
            1 /********************************************************************
            2 ** Copyright (c) 2018-2020 Guan Wenliang
            3 ** This file is part of the Berry default interpreter.
            4 ** skiars@qq.com, https://github.com/Skiars/berry
          type: text
        type: call
      - output: ''
        type: text
      - input: shell grep -R "be_class_attribute\|be_member_bind\|setsuper\|super"
          -n /work/src /work/include | head -200
        output:
          output: ''
          type: text
        type: call
      - output: ''
        type: text
      - input: code /work/src/be_class.c:100
        output:
          output: " 93 {\n 94     bvalue *attr;\n 95     set_fixed(name);\n 96   \
            \  check_members(vm, c);\n 97     attr = be_map_insertstr(vm, c->members,\
            \ name, NULL);\n 98     restore_fixed(name);\n 99     attr->v.nf = f;\n\
            100     attr->type = MT_PRIMMETHOD;\n101 }\n102 \n103 void be_closure_method_bind(bvm\
            \ *vm, bclass *c, bstring *name, bclosure *cl)\n"
          type: text
        type: call
      - output: ''
        type: text
      - input: code /work/src/be_class.c:70
        output:
          output: |
            63     set_fixed(name);
            64     check_members(vm, c);
            65     attr = be_map_insertstr(vm, c->members, name, NULL);
            66     restore_fixed(name);
            67     if (var) {
            68         /* this is an instance variable so we set it as MT_VARIABLE */
            69         attr->v.i = c->nvar++;
            70         attr->type = MT_VARIABLE;
            71     } else {
            72         /* this is a static class constant, leave it as BE_NIL */
            73         attr->v.i = 0;
          type: text
        type: call
      - output: ''
        type: text
      - input: code /work/src/be_class.c:60
        output:
          output: "53                 return var_type(v);\n54             }\n55  \
            \       }\n56     }\n57     return BE_NONE;\n58 }\n59 \n60 void be_member_bind(bvm\
            \ *vm, bclass *c, bstring *name, bbool var)\n61 {\n62     bvalue *attr;\n\
            63     set_fixed(name);\n"
          type: text
        type: call
      - output: ''
        type: text
      - input: code /work/src/be_class.c:30
        output:
          output: |
            24 bclass* be_newclass(bvm *vm, bstring *name, bclass *super)
            25 {
            26     bgcobject *gco = be_gcnew(vm, BE_CLASS, bclass);
            27     bclass *obj = cast_class(gco);
            28     bvalue *buf = be_incrtop(vm); /* protect new objects from GC */
            29     var_setclass(buf, obj);
            30     if (obj) {
            31         obj->super = super;
            32         obj->members = NULL; /* gc protection */
            33         obj->nvar = 0;
          type: text
        type: call
      - output: ''
        type: text
      - input: code /work/src/be_class.c:30
        output:
          output: |
            24 bclass* be_newclass(bvm *vm, bstring *name, bclass *super)
            25 {
            26     bgcobject *gco = be_gcnew(vm, BE_CLASS, bclass);
            27     bclass *obj = cast_class(gco);
            28     bvalue *buf = be_incrtop(vm); /* protect new objects from GC */
            29     var_setclass(buf, obj);
            30     if (obj) {
            31         obj->super = super;
            32         obj->members = NULL; /* gc protection */
            33         obj->nvar = 0;
          type: text
        type: call
      - output: ''
        type: text
      - input: code /work/src/be_class.c:34
        output:
          output: |
            27     bclass *obj = cast_class(gco);
            28     bvalue *buf = be_incrtop(vm); /* protect new objects from GC */
            29     var_setclass(buf, obj);
            30     if (obj) {
            31         obj->super = super;
            32         obj->members = NULL; /* gc protection */
            33         obj->nvar = 0;
            34         obj->name = name;
            35     }
            36     be_stackpop(vm, 1);
            37     return obj;
          type: text
        type: call
      - output: ''
        type: text
      - input: code /work/src/be_class.c:36
        output:
          output: |
            29     var_setclass(buf, obj);
            30     if (obj) {
            31         obj->super = super;
            32         obj->members = NULL; /* gc protection */
            33         obj->nvar = 0;
            34         obj->name = name;
            35     }
            36     be_stackpop(vm, 1);
            37     return obj;
            38 }
          type: text
        type: call
      - output: ''
        type: text
      - input: code /work/src/be_class.c:40
        output:
          output: "33         obj->nvar = 0;\n34         obj->name = name;\n35   \
            \  }\n36     be_stackpop(vm, 1);\n37     return obj;\n38 }\n39 \n40 void\
            \ be_class_compress(bvm *vm, bclass *c)\n41 {\n42     if (!gc_isconst(c)\
            \ && c->members) {\n43         be_map_release(vm, c->members); /* clear\
            \ space */\n"
          type: text
        type: call
      - output: ''
        type: text
      - input: code /work/src/be_class.c:44
        output:
          output: "37     return obj;\n38 }\n39 \n40 void be_class_compress(bvm *vm,\
            \ bclass *c)\n41 {\n42     if (!gc_isconst(c) && c->members) {\n43   \
            \      be_map_release(vm, c->members); /* clear space */\n44     }\n45\
            \ }\n46 \n47 int be_class_attribute(bvm *vm, bclass *c, bstring *attr)\n"
          type: text
        type: call
      - output: ''
        type: text
      - input: code /work/src/be_class.c:47
        output:
          output: "40 void be_class_compress(bvm *vm, bclass *c)\n41 {\n42     if\
            \ (!gc_isconst(c) && c->members) {\n43         be_map_release(vm, c->members);\
            \ /* clear space */\n44     }\n45 }\n46 \n47 int be_class_attribute(bvm\
            \ *vm, bclass *c, bstring *attr)\n48 {\n49     for (; c; c = c->super)\
            \ {\n50         if (c->members) {\n"
          type: text
        type: call
      - output: ''
        type: text
      - input: code /work/src/be_class.c:49
        output:
          output: "42     if (!gc_isconst(c) && c->members) {\n43         be_map_release(vm,\
            \ c->members); /* clear space */\n44     }\n45 }\n46 \n47 int be_class_attribute(bvm\
            \ *vm, bclass *c, bstring *attr)\n48 {\n49     for (; c; c = c->super)\
            \ {\n50         if (c->members) {\n51             bvalue *v = be_map_findstr(vm,\
            \ c->members, attr);\n52             if (v) {\n"
          type: text
        type: call
      - output: ''
        type: text
      - input: code /work/src/be_class.c:51
        output:
          output: "44     }\n45 }\n46 \n47 int be_class_attribute(bvm *vm, bclass\
            \ *c, bstring *attr)\n48 {\n49     for (; c; c = c->super) {\n50     \
            \    if (c->members) {\n51             bvalue *v = be_map_findstr(vm,\
            \ c->members, attr);\n52             if (v) {\n53                 return\
            \ var_type(v);\n54             }\n"
          type: text
        type: call
      - output: ''
        type: text
      - input: code /work/src/be_class.c:53
        output:
          output: |
            47 int be_class_attribute(bvm *vm, bclass *c, bstring *attr)
            48 {
            49     for (; c; c = c->super) {
            50         if (c->members) {
            51             bvalue *v = be_map_findstr(vm, c->members, attr);
            52             if (v) {
            53                 return var_type(v);
            54             }
            55         }
            56     }
          type: text
        type: call
      - output: ''
        type: text
      - input: code /work/src/be_class.c:68
        output:
          output: |
            61 {
            62     bvalue *attr;
            63     set_fixed(name);
            64     check_members(vm, c);
            65     attr = be_map_insertstr(vm, c->members, name, NULL);
            66     restore_fixed(name);
            67     if (var) {
            68         /* this is an instance variable so we set it as MT_VARIABLE */
            69         attr->v.i = c->nvar++;
            70         attr->type = MT_VARIABLE;
            71     } else {
          type: text
        type: call
      - output: ''
        type: text
      - input: code /work/src/be_class.c:71
        output:
          output: |
            64     check_members(vm, c);
            65     attr = be_map_insertstr(vm, c->members, name, NULL);
            66     restore_fixed(name);
            67     if (var) {
            68         /* this is an instance variable so we set it as MT_VARIABLE */
            69         attr->v.i = c->nvar++;
            70         attr->type = MT_VARIABLE;
            71     } else {
            72         /* this is a static class constant, leave it as BE_NIL */
            73         attr->v.i = 0;
            74         attr->type = BE_NIL;
          type: text
        type: call
      - output: ''
        type: text
      - input: code /work/src/be_class.c:75
        output:
          output: "68         /* this is an instance variable so we set it as MT_VARIABLE\
            \ */\n69         attr->v.i = c->nvar++;\n70         attr->type = MT_VARIABLE;\n\
            71     } else {\n72         /* this is a static class constant, leave\
            \ it as BE_NIL */\n73         attr->v.i = 0;\n74         attr->type =\
            \ BE_NIL;\n75     }\n76 }\n77 \n78 void be_method_bind(bvm *vm, bclass\
            \ *c, bstring *name, bproto *p)\n"
          type: text
        type: call
      - output: ''
        type: text
      - input: |-
          info functions be_parse
          info functions classstatic_stmt
          info functions be_parser
        output:
          output: |
            All functions matching regular expression "be_parse":

            Non-debugging symbols:
            0x000055555557d490  be_parser_source
            All functions matching regular expression "classstatic_stmt":
            All functions matching regular expression "be_parser":

            Non-debugging symbols:
            0x000055555557d490  be_parser_source
          type: text
        type: call
      - output: ''
        type: text
      - input: shell nm -n /work/berry | grep ' classstatic\| class_stmt\|be_class_attribute\|be_member_bind\|be_code_setsuper\|be_code_class'
        output:
          output: ''
          type: text
        type: call
      - output: ''
        type: text
      - input: shell nm -n /work/berry | grep -E 'be_class_attribute|be_member_bind|be_code_setsuper|be_code_class|be_parser_source|main'
          | head -50
        output:
          output: ''
          type: text
        type: call
      - output: ''
        type: text
      - input: |
          info functions be_class
          info functions be_member
          info functions be_code_setsuper
        output:
          output: |
            All functions matching regular expression "be_class":

            Non-debugging symbols:
            0x0000555555563410  be_classname
            0x0000555555563460  be_classof
            0x000055555556cf20  be_class_compress
            0x000055555556cf50  be_class_attribute
            0x000055555556d1f0  be_class_closure_count
            0x000055555556d270  be_class_upvalue_init
            0x000055555556d320  be_class_newobj
            0x000055555556d670  be_class_member
            0x000055555556d7e0  be_class_setmember
            All functions matching regular expression "be_member":

            Non-debugging symbols:
            0x000055555556cfb0  be_member_bind
            All functions matching regular expression "be_code_setsuper":

            Non-debugging symbols:
            0x0000555555579f50  be_code_setsuper
          type: text
        type: call
      - output: ''
        type: text
      - input: |
          break be_class_attribute
          break be_member_bind
          run
          bt
          continue
          bt
        output:
          output: |
            Breakpoint 8 at 0x55555556cf50
            Breakpoint 9 at 0x55555556cfb0
            #0  0x00001555551c8a40 in exit () from /lib/x86_64-linux-gnu/libc.so.6
            #1  0x00001555551a608a in __libc_start_main () from /lib/x86_64-linux-gnu/libc.so.6
            #2  0x000055555555fe9e in _start ()
            #0  0x0000155555265110 in _exit () from /lib/x86_64-linux-gnu/libc.so.6
            #1  0x00001555551c89c2 in ?? () from /lib/x86_64-linux-gnu/libc.so.6
            #2  0x00001555551c8a60 in exit () from /lib/x86_64-linux-gnu/libc.so.6
            #3  0x00001555551a608a in __libc_start_main () from /lib/x86_64-linux-gnu/libc.so.6
            #4  0x000055555555fe9e in _start ()
          type: text
        type: call
      - output: ''
        type: text
      - input: |
          kill
          y
          run tests/class_const.be
          bt
        output:
          output: 'Undefined command: "y".  Try "help".'
          type: text
        type: call
      - output: ''
        type: text
      - input: |
          set confirm off
          kill
          run tests/class_const.be
          bt
        output:
          output: The program is not being run.
          type: text
        type: call
      - output: ''
        type: text
      - input: |
          set args tests/class_const.be
          run
          bt
        output:
          output: |
            #0  0x00001555551c8a40 in exit () from /lib/x86_64-linux-gnu/libc.so.6
            #1  0x00001555551a608a in __libc_start_main () from /lib/x86_64-linux-gnu/libc.so.6
            #2  0x000055555555fe9e in _start ()
          type: text
        type: call
      - output: ''
        type: text
      - input: |
          info breakpoints
        output:
          output: |
            Num     Type           Disp Enb Address            What
            1       catchpoint     keep y                      exec
                    silent
                    continue
            2       breakpoint     keep y   0x00005555555641e0 <be_raise>
            3       breakpoint     keep y   0x00001555551a472e <abort>
            4       breakpoint     keep y   0x00001555551b5f90 <__assert_fail>
            5       breakpoint     keep y   0x00001555551c8a40 <exit>
                    breakpoint already hit 1 time
            6       breakpoint     keep y   0x0000155555265110 <_exit>
            8       breakpoint     keep y   0x000055555556cf50 <be_class_attribute>
            9       breakpoint     keep y   0x000055555556cfb0 <be_member_bind>
          type: text
        type: call
      - output: ''
        type: text
      - input: |
          cd /work
          set args tests/class_const.be
          run
          bt
        output:
          output: |
            #0  0x000055555556cf50 in be_class_attribute ()
            #1  0x000055555557a9c6 in check_class_attr ()
            #2  0x000055555557c2ae in stmtlist ()
            #3  0x000055555557d5a1 in be_parser_source ()
            #4  0x0000555555572464 in m_parser ()
            #5  0x00005555555727c4 in be_execprotected ()
            #6  0x0000555555572870 in be_protectedparser ()
            #7  0x0000555555572980 in be_loadmode ()
            #8  0x000055555555fbff in main ()
          type: text
        type: call
      - output: ''
        type: text
      - input: |
          disable 8 9
          break be_raise
          run
          bt
        output:
          output: |
            Breakpoint 10 at 0x5555555641e0
            #0  0x00005555555641e0 in be_raise ()
            #1  0x0000555555578863 in allocstack ()
            #2  0x00005555555790ed in var2reg ()
            #3  0x0000555555579313 in exp2reg ()
            #4  0x0000555555579979 in be_code_setvar ()
            #5  0x000055555557d299 in class_static_assignment_expr.part ()
            #6  0x000055555557c383 in stmtlist ()
            #7  0x000055555557d5a1 in be_parser_source ()
            #8  0x0000555555572464 in m_parser ()
            #9  0x00005555555727c4 in be_execprotected ()
            #10 0x0000555555572870 in be_protectedparser ()
            #11 0x0000555555572980 in be_loadmode ()
            #12 0x000055555555fbff in main ()
          type: text
        type: call
      - output: ''
        type: text
      - input: |
          info registers rdi rsi rdx rcx r8 r9
          x/s $rsi
          x/s $rdx
          bt
        output:
          output: |
            rdi            0x5555555912a0      93824992481952
            rsi            0x55555557f1e3      93824992408035
            rdx            0x555555595540      93824992499008
            rcx            0x1c0               448
            r8             0x1                 1
            r9             0x7                 7
            0x55555557f1e3: "syntax_error"
            0x555555595540: "tests/class_const.be:97: register overflow (more than 255)"
            #0  0x00005555555641e0 in be_raise ()
            #1  0x0000555555578863 in allocstack ()
            #2  0x00005555555790ed in var2reg ()
            #3  0x0000555555579313 in exp2reg ()
            #4  0x0000555555579979 in be_code_setvar ()
            #5  0x000055555557d299 in class_static_assignment_expr.part ()
            #6  0x000055555557c383 in stmtlist ()
            #7  0x000055555557d5a1 in be_parser_source ()
            #8  0x0000555555572464 in m_parser ()
            #9  0x00005555555727c4 in be_execprotected ()
            #10 0x0000555555572870 in be_protectedparser ()
            #11 0x0000555555572980 in be_loadmode ()
            #12 0x000055555555fbff in main ()
          type: text
        type: call
      - output: ''
        type: text
      - input: code /work/src/be_code.c:880
        output:
          output: |
            873     int dst, src = exp2anyreg(finfo, m);
            874     if (v->type == ETLOCAL) {
            875         dst = v->v.idx;
            876         codeABC(finfo, OP_IMPORT, dst, src, 0);
            877     } else {
            878         dst = be_code_allocregs(finfo, 1);
            879         codeABC(finfo, OP_IMPORT, dst, src, 0);
            880         m->type = ETREG;
            881         m->v.idx = dst;
            882         be_code_setvar(finfo, v, m);
            883     }
          type: text
        type: call
      - output: ''
        type: text
      - input: |
          info functions allocstack
          info address allocstack
          disassemble /r allocstack
        output:
          output: |
            All functions matching regular expression "allocstack":

            Non-debugging symbols:
            0x0000555555578820  allocstack
            Symbol "allocstack" is at 0x555555578820 in a file compiled without debugging.
            Dump of assembler code for function allocstack:
               0x0000555555578820 <+0>:     55                      push   %rbp
               0x0000555555578821 <+1>:     53                      push   %rbx
               0x0000555555578822 <+2>:     48 83 ec 08             sub    $0x8,%rsp
               0x0000555555578826 <+6>:     48 8b 47 08             mov    0x8(%rdi),%rax
               0x000055555557882a <+10>:    0f b6 af d4 00 00 00    movzbl 0xd4(%rdi),%ebp
               0x0000555555578831 <+17>:    0f b6 50 0a             movzbl 0xa(%rax),%edx
               0x0000555555578835 <+21>:    01 f5                   add    %esi,%ebp
               0x0000555555578837 <+23>:    39 ea                   cmp    %ebp,%edx
               0x0000555555578839 <+25>:    7d 0c                   jge    0x555555578847 <allocstack+39>
               0x000055555557883b <+27>:    81 fd fe 00 00 00       cmp    $0xfe,%ebp
               0x0000555555578841 <+33>:    7f 0d                   jg     0x555555578850 <allocstack+48>
               0x0000555555578843 <+35>:    40 88 68 0a             mov    %bpl,0xa(%rax)
               0x0000555555578847 <+39>:    48 83 c4 08             add    $0x8,%rsp
               0x000055555557884b <+43>:    5b                      pop    %rbx
               0x000055555557884c <+44>:    5d                      pop    %rbp
               0x000055555557884d <+45>:    c3                      ret
               0x000055555557884e <+46>:    66 90                   xchg   %ax,%ax
               0x0000555555578850 <+48>:    48 89 fb                mov    %rdi,%rbx
               0x0000555555578853 <+51>:    48 8b 7f 18             mov    0x18(%rdi),%rdi
               0x0000555555578857 <+55>:    48 8d 35 c2 8f 00 00    lea    0x8fc2(%rip),%rsi        # 0x555555581820
               0x000055555557885e <+62>:    e8 2d f8 fe ff          call   0x555555568090 <be_lexerror>
               0x0000555555578863 <+67>:    48 8b 43 08             mov    0x8(%rbx),%rax
               0x0000555555578867 <+71>:    eb da                   jmp    0x555555578843 <allocstack+35>
            End of assembler dump.
          type: text
        type: call
      - output: ''
        type: text
      - input: code /work/src/be_code.c:1
        output:
          output: |
            1 /********************************************************************
            2 ** Copyright (c) 2018-2020 Guan Wenliang
            3 ** This file is part of the Berry default interpreter.
            4 ** skiars@qq.com, https://github.com/Skiars/berry
          type: text
        type: call
      - output: ''
        type: text
      - input: shell grep -n "allocstack\|freereg\|free.*reg\|reg" /work/src/be_code.c
          | head -120
        output:
          output: ''
          type: text
        type: call
      - output: ''
        type: text
      - input: code /work/src/be_code.c:100
        output:
          output: |2
             93                 *i = (*i & ~IRA_MASK) | ISET_RA(a);
             94                 return;
             95             }
             96         }
             97     }
             98     if (isK(b)) {
             99         codeABx(finfo, OP_LDCONST, a, b & 0xFF);
            100     } else {
            101         codeABC(finfo, OP_MOVE, a, b, 0);
            102     }
            103 }
          type: text
        type: call
      - output: ''
        type: text
      - input: code /work/src/be_code.c:180
        output:
          output: "173     }\n174 }\n175 \n176 static int appendjump(bfuncinfo *finfo,\
            \ bopcode op, bexpdesc *e)\n177 {\n178     int reg = e ? var2anyreg(finfo,\
            \ e) : 0;\n179     if (isK(reg)) {\n180         reg = be_code_allocregs(finfo,\
            \ 1);\n181         code_move(finfo, reg, e->v.idx);\n182         e->v.idx\
            \ = reg;\n183         e->type = ETREG;\n"
          type: text
        type: call
      - output: ''
        type: text
      - input: code /work/src/be_code.c:250
        output:
          output: "243     int idx = be_vector_count(&finfo->kvec);\n244     be_vector_push_c(finfo->lexer->vm,\
            \ &finfo->kvec, k);\n245     finfo->proto->ktab = be_vector_data(&finfo->kvec);\n\
            246     finfo->proto->nconst = be_vector_capacity(&finfo->kvec);\n247\
            \     if (k == NULL) {\n248         var_setnil(&finfo->proto->ktab[idx]);\n\
            249     }\n250     return idx;\n251 }\n252 \n253 /* Find constant by value\
            \ and return constant number, or -1 if constant does not exist */\n"
          type: text
        type: call
      - output: ''
        type: text
      - input: code /work/src/be_code.c:300
        output:
          output: |
            293     if (idx == -1) { /* if not add it */
            294         bvalue k;
            295         switch (e->type) {
            296         case ETINT:
            297             k.type = BE_INT;
            298             k.v.i = e->v.i;
            299             break;
            300         case ETREAL:
            301             k.type = BE_REAL;
            302             k.v.r = e->v.r;
            303             break;
          type: text
        type: call
      - output: ''
        type: text
      - input: code /work/src/be_code.c:360
        output:
          output: "353     } else if (reg1 >= 0) {\n354         cand_dst = reg1;\n\
            355     } else if (reg2 >= 0) {\n356         cand_dst = reg2;\n357   \
            \  } else {\n358         // dst unchanged\n359     }\n360 \n361     if\
            \ (dst >= finfo->freereg) {\n362         dst = cand_dst;  /* if dst was\
            \ allocating a new register, use the more precise candidate */\n363  \
            \   }\n"
          type: text
        type: call
      - output: ''
        type: text
      - input: code /work/src/be_code.c:400
        output:
          output: "393         return btrue;\n394     }\n395     return bfalse;\n\
            396 }\n397 \n398 /* Compute variable from an expdesc */\n399 /* Return\
            \ constant index, or existing register or fallback to dst */\n400 /* At\
            \ exit, If dst is `freereg`, the register is allocated */\n401 static\
            \ int var2reg(bfuncinfo *finfo, bexpdesc *e, int dst)\n402 {\n403    \
            \ if (dst < 0) {  /* if unspecified, allocate a new register if needed\
            \ */\n"
          type: text
        type: call
      - output: ''
        type: text
      - input: code /work/src/be_code.c:398
        output:
          output: "391     if ((i < IsBx_MIN || i > IsBx_MAX) ||\n392         (i >=\
            \ 0 && i <= 3 && be_vector_count(&finfo->kvec) < 256)) {\n393        \
            \ return btrue;\n394     }\n395     return bfalse;\n396 }\n397 \n398 /*\
            \ Compute variable from an expdesc */\n399 /* Return constant index, or\
            \ existing register or fallback to dst */\n400 /* At exit, If dst is `freereg`,\
            \ the register is allocated */\n401 static int var2reg(bfuncinfo *finfo,\
            \ bexpdesc *e, int dst)\n"
          type: text
        type: call
      - output: ''
        type: text
      - input: code /work/src/be_code.c:401
        output:
          output: "394     }\n395     return bfalse;\n396 }\n397 \n398 /* Compute\
            \ variable from an expdesc */\n399 /* Return constant index, or existing\
            \ register or fallback to dst */\n400 /* At exit, If dst is `freereg`,\
            \ the register is allocated */\n401 static int var2reg(bfuncinfo *finfo,\
            \ bexpdesc *e, int dst)\n402 {\n403     if (dst < 0) {  /* if unspecified,\
            \ allocate a new register if needed */\n404         dst = finfo->freereg;\n"
          type: text
        type: call
      - output: ''
        type: text
      - input: code /work/src/be_code.c:405
        output:
          output: |
            398 /* Compute variable from an expdesc */
            399 /* Return constant index, or existing register or fallback to dst */
            400 /* At exit, If dst is `freereg`, the register is allocated */
            401 static int var2reg(bfuncinfo *finfo, bexpdesc *e, int dst)
            402 {
            403     if (dst < 0) {  /* if unspecified, allocate a new register if needed */
            404         dst = finfo->freereg;
            405     }
            406     be_assert(e != NULL);
            407     switch (e->type) {
            408     case ETINT:
          type: text
        type: call
      - output: ''
        type: text
      - input: code /work/src/be_code.c:407
        output:
          output: |
            400 /* At exit, If dst is `freereg`, the register is allocated */
            401 static int var2reg(bfuncinfo *finfo, bexpdesc *e, int dst)
            402 {
            403     if (dst < 0) {  /* if unspecified, allocate a new register if needed */
            404         dst = finfo->freereg;
            405     }
            406     be_assert(e != NULL);
            407     switch (e->type) {
            408     case ETINT:
            409         if (constint(finfo, e->v.i)) {
            410             return exp2const(finfo, e);
          type: text
        type: call
      - output: ''
        type: text
      - input: code /work/src/be_code.c:407
        output:
          output: |
            400 /* At exit, If dst is `freereg`, the register is allocated */
            401 static int var2reg(bfuncinfo *finfo, bexpdesc *e, int dst)
            402 {
            403     if (dst < 0) {  /* if unspecified, allocate a new register if needed */
            404         dst = finfo->freereg;
            405     }
            406     be_assert(e != NULL);
            407     switch (e->type) {
            408     case ETINT:
            409         if (constint(finfo, e->v.i)) {
            410             return exp2const(finfo, e);
          type: text
        type: call
      - output: ''
        type: text
      - input: code /work/src/be_code.c:410
        output:
          output: |
            403     if (dst < 0) {  /* if unspecified, allocate a new register if needed */
            404         dst = finfo->freereg;
            405     }
            406     be_assert(e != NULL);
            407     switch (e->type) {
            408     case ETINT:
            409         if (constint(finfo, e->v.i)) {
            410             return exp2const(finfo, e);
            411         } else {
            412             codeABx(finfo, OP_LDINT, dst, var_toidx(e) + IsBx_MAX);
            413         }
          type: text
        type: call
      - output: ''
        type: text
      - input: code /work/src/be_code.c:412
        output:
          output: |
            405     }
            406     be_assert(e != NULL);
            407     switch (e->type) {
            408     case ETINT:
            409         if (constint(finfo, e->v.i)) {
            410             return exp2const(finfo, e);
            411         } else {
            412             codeABx(finfo, OP_LDINT, dst, var_toidx(e) + IsBx_MAX);
            413         }
            414         break;
            415     case ETBOOL:
          type: text
        type: call
      - output: ''
        type: text
      - input: code /work/src/be_code.c:415
        output:
          output: |
            408     case ETINT:
            409         if (constint(finfo, e->v.i)) {
            410             return exp2const(finfo, e);
            411         } else {
            412             codeABx(finfo, OP_LDINT, dst, var_toidx(e) + IsBx_MAX);
            413         }
            414         break;
            415     case ETBOOL:
            416         code_bool(finfo, dst, e->v.i != 0, 0);
            417         break;
            418     case ETNIL:
          type: text
        type: call
      - output: ''
        type: text
      - input: code /work/src/be_code.c:418
        output:
          output: |
            411         } else {
            412             codeABx(finfo, OP_LDINT, dst, var_toidx(e) + IsBx_MAX);
            413         }
            414         break;
            415     case ETBOOL:
            416         code_bool(finfo, dst, e->v.i != 0, 0);
            417         break;
            418     case ETNIL:
            419         codeABx(finfo, OP_LDNIL, dst, 0);
            420         break;
            421     case ETREAL:
          type: text
        type: call
      - output: ''
        type: text
      - input: code /work/src/be_code.c:421
        output:
          output: |
            414         break;
            415     case ETBOOL:
            416         code_bool(finfo, dst, e->v.i != 0, 0);
            417         break;
            418     case ETNIL:
            419         codeABx(finfo, OP_LDNIL, dst, 0);
            420         break;
            421     case ETREAL:
            422     case ETSTRING:
            423         return exp2const(finfo, e);
            424     case ETPROTO:
          type: text
        type: call
      - output: ''
        type: text
      - input: code /work/src/be_code.c:424
        output:
          output: |
            417         break;
            418     case ETNIL:
            419         codeABx(finfo, OP_LDNIL, dst, 0);
            420         break;
            421     case ETREAL:
            422     case ETSTRING:
            423         return exp2const(finfo, e);
            424     case ETPROTO:
            425         code_closure(finfo, e->v.idx, dst);
            426         break;
            427     case ETGLOBAL:
          type: text
        type: call
      - output: ''
        type: text
      - input: code /work/src/be_code.c:427
        output:
          output: |
            420         break;
            421     case ETREAL:
            422     case ETSTRING:
            423         return exp2const(finfo, e);
            424     case ETPROTO:
            425         code_closure(finfo, e->v.idx, dst);
            426         break;
            427     case ETGLOBAL:
            428         codeABx(finfo, OP_GETGBL, dst, e->v.idx);
            429         break;
            430     case ETNGLOBAL:
          type: text
        type: call
      - output: ''
        type: text
      - input: code /work/src/be_code.c:430
        output:
          output: |
            423         return exp2const(finfo, e);
            424     case ETPROTO:
            425         code_closure(finfo, e->v.idx, dst);
            426         break;
            427     case ETGLOBAL:
            428         codeABx(finfo, OP_GETGBL, dst, e->v.idx);
            429         break;
            430     case ETNGLOBAL:
            431         codeABC(finfo, OP_GETNGBL, dst, e->v.ss.idx, 0);
            432         break;
            433     case ETUPVAL:
          type: text
        type: call
      - output: ''
        type: text
      - input: code /work/src/be_code.c:433
        output:
          output: |
            426         break;
            427     case ETGLOBAL:
            428         codeABx(finfo, OP_GETGBL, dst, e->v.idx);
            429         break;
            430     case ETNGLOBAL:
            431         codeABC(finfo, OP_GETNGBL, dst, e->v.ss.idx, 0);
            432         break;
            433     case ETUPVAL:
            434         codeABx(finfo, OP_GETUPV, dst, e->v.idx);
            435         break;
            436     case ETMEMBER:
          type: text
        type: call
      - output: ''
        type: text
      - input: code /work/src/be_code.c:436
        output:
          output: |
            429         break;
            430     case ETNGLOBAL:
            431         codeABC(finfo, OP_GETNGBL, dst, e->v.ss.idx, 0);
            432         break;
            433     case ETUPVAL:
            434         codeABx(finfo, OP_GETUPV, dst, e->v.idx);
            435         break;
            436     case ETMEMBER:
            437         dst = code_suffix(finfo, OP_GETMBR, e, dst);
            438         break;
            439     case ETINDEX:
          type: text
        type: call
      - output: ''
        type: text
      - input: code /work/src/be_code.c:439
        output:
          output: |
            432         break;
            433     case ETUPVAL:
            434         codeABx(finfo, OP_GETUPV, dst, e->v.idx);
            435         break;
            436     case ETMEMBER:
            437         dst = code_suffix(finfo, OP_GETMBR, e, dst);
            438         break;
            439     case ETINDEX:
            440         dst = code_suffix(finfo, OP_GETIDX, e, dst);
            441         break;
            442     case ETLOCAL: case ETREG: case ETCONST:
          type: text
        type: call
      - output: ''
        type: text
      - input: code /work/src/be_code.c:442
        output:
          output: |
            435         break;
            436     case ETMEMBER:
            437         dst = code_suffix(finfo, OP_GETMBR, e, dst);
            438         break;
            439     case ETINDEX:
            440         dst = code_suffix(finfo, OP_GETIDX, e, dst);
            441         break;
            442     case ETLOCAL: case ETREG: case ETCONST:
            443         return e->v.idx;
            444     default:
            445         return dst; /* error */
          type: text
        type: call
      - output: ''
        type: text
      - input: code /work/src/be_code.c:446
        output:
          output: |
            439     case ETINDEX:
            440         dst = code_suffix(finfo, OP_GETIDX, e, dst);
            441         break;
            442     case ETLOCAL: case ETREG: case ETCONST:
            443         return e->v.idx;
            444     default:
            445         return dst; /* error */
            446     }
            447     if (dst == finfo->freereg) { /* use a new register */
            448         be_code_allocregs(finfo, 1);
            449     }
          type: text
        type: call
      - output: ''
        type: text
      - input: code /work/src/be_code.c:447
        output:
          output: |
            440         dst = code_suffix(finfo, OP_GETIDX, e, dst);
            441         break;
            442     case ETLOCAL: case ETREG: case ETCONST:
            443         return e->v.idx;
            444     default:
            445         return dst; /* error */
            446     }
            447     if (dst == finfo->freereg) { /* use a new register */
            448         be_code_allocregs(finfo, 1);
            449     }
            450     e->type = ETREG;
          type: text
        type: call
      - output: ''
        type: text
      - input: code /work/src/be_code.c:450
        output:
          output: |
            443         return e->v.idx;
            444     default:
            445         return dst; /* error */
            446     }
            447     if (dst == finfo->freereg) { /* use a new register */
            448         be_code_allocregs(finfo, 1);
            449     }
            450     e->type = ETREG;
            451     e->v.idx = dst;
            452     return dst;
            453 }
          type: text
        type: call
      - output: ''
        type: text
      - input: code /work/src/be_code.c:455
        output:
          output: "448         be_code_allocregs(finfo, 1);\n449     }\n450     e->type\
            \ = ETREG;\n451     e->v.idx = dst;\n452     return dst;\n453 }\n454 \n\
            455 static int exp2reg(bfuncinfo *finfo, bexpdesc *e, int dst)\n456 {\n\
            457     int reg = var2reg(finfo, e, dst);\n458     if (hasjump(e)) { /*\
            \ if conditional expression */\n"
          type: text
        type: call
      - output: ''
        type: text
      - input: code /work/src/be_code.c:530
        output:
          output: "523         break;\n524     case OptOr:\n525         be_code_jumpbool(finfo,\
            \ e, btrue);\n526         break;\n527     default:\n528         exp2anyreg(finfo,\
            \ e);\n529         break;\n530     }\n531 }\n532 \n533 /* Apply binary\
            \ operator `op` to e1 and e2, result in e1 */\n"
          type: text
        type: call
      - output: ''
        type: text
      - input: code /work/src/be_code.c:700
        output:
          output: "693     case ETINDEX: /* store to member R(A)[RK(B)] <- RK(C) */\n\
            694         setsfxvar(finfo, OP_SETIDX, e1, src);\n695         break;\n\
            696     default:\n697         return 1;\n698     }\n699     return 0;\n\
            700 }\n701 \n702 /* Get the expdesc as a register */\n703 /* if already\
            \ in a register, use the existing register */\n"
          type: text
        type: call
      - output: ''
        type: text
      - input: code /work/src/be_code.c:650
        output:
          output: "643 static void setsupvar(bfuncinfo *finfo, bopcode op, bexpdesc\
            \ *e1, int src)\n644 {\n645     if (isK(src)) { /* move const to register\
            \ */\n646         code_move(finfo, finfo->freereg, src);\n647        \
            \ src = finfo->freereg;\n648     }\n649     codeABx(finfo, op, src, e1->v.idx);\n\
            650 }\n651 \n652 static void setsfxvar(bfuncinfo *finfo, bopcode op, bexpdesc\
            \ *e1, int src)\n653 {\n"
          type: text
        type: call
      - output: ''
        type: text
      - input: code /work/src/be_code.c:652
        output:
          output: "645     if (isK(src)) { /* move const to register */\n646     \
            \    code_move(finfo, finfo->freereg, src);\n647         src = finfo->freereg;\n\
            648     }\n649     codeABx(finfo, op, src, e1->v.idx);\n650 }\n651 \n\
            652 static void setsfxvar(bfuncinfo *finfo, bopcode op, bexpdesc *e1,\
            \ int src)\n653 {\n654     int obj = e1->v.ss.obj;\n655     free_suffix(finfo,\
            \ e1);\n"
          type: text
        type: call
      - output: ''
        type: text
      - input: code /work/src/be_code.c:654
        output:
          output: "647         src = finfo->freereg;\n648     }\n649     codeABx(finfo,\
            \ op, src, e1->v.idx);\n650 }\n651 \n652 static void setsfxvar(bfuncinfo\
            \ *finfo, bopcode op, bexpdesc *e1, int src)\n653 {\n654     int obj =\
            \ e1->v.ss.obj;\n655     free_suffix(finfo, e1);\n656     if (isK(obj))\
            \ { /* move const to register */\n657         code_move(finfo, finfo->freereg,\
            \ obj);\n"
          type: text
        type: call
      - output: ''
        type: text
      - input: code /work/src/be_code.c:656
        output:
          output: "649     codeABx(finfo, op, src, e1->v.idx);\n650 }\n651 \n652 static\
            \ void setsfxvar(bfuncinfo *finfo, bopcode op, bexpdesc *e1, int src)\n\
            653 {\n654     int obj = e1->v.ss.obj;\n655     free_suffix(finfo, e1);\n\
            656     if (isK(obj)) { /* move const to register */\n657         code_move(finfo,\
            \ finfo->freereg, obj);\n658         obj = finfo->freereg;\n659     }\n"
          type: text
        type: call
      - output: ''
        type: text
      - input: code /work/src/be_code.c:660
        output:
          output: "653 {\n654     int obj = e1->v.ss.obj;\n655     free_suffix(finfo,\
            \ e1);\n656     if (isK(obj)) { /* move const to register */\n657    \
            \     code_move(finfo, finfo->freereg, obj);\n658         obj = finfo->freereg;\n\
            659     }\n660     codeABC(finfo, op, obj, e1->v.ss.idx, src);\n661 }\n\
            662 \n663 /* Assign expr e2 to e1 */\n"
          type: text
        type: call
      - output: ''
        type: text
      - input: code /work/src/be_code.c:663
        output:
          output: "656     if (isK(obj)) { /* move const to register */\n657     \
            \    code_move(finfo, finfo->freereg, obj);\n658         obj = finfo->freereg;\n\
            659     }\n660     codeABC(finfo, op, obj, e1->v.ss.idx, src);\n661 }\n\
            662 \n663 /* Assign expr e2 to e1 */\n664 /* e1 must be in a register\
            \ and have a valid idx */\n665 /* return 1 if assignment was possible,\
            \ 0 if type is not compatible */\n666 int be_code_setvar(bfuncinfo *finfo,\
            \ bexpdesc *e1, bexpdesc *e2)\n"
          type: text
        type: call
      - output: ''
        type: text
      - input: code /work/src/be_code.c:666
        output:
          output: "659     }\n660     codeABC(finfo, op, obj, e1->v.ss.idx, src);\n\
            661 }\n662 \n663 /* Assign expr e2 to e1 */\n664 /* e1 must be in a register\
            \ and have a valid idx */\n665 /* return 1 if assignment was possible,\
            \ 0 if type is not compatible */\n666 int be_code_setvar(bfuncinfo *finfo,\
            \ bexpdesc *e1, bexpdesc *e2)\n667 {\n668     int src = exp2reg(finfo,\
            \ e2,\n669         e1->type == ETLOCAL ? e1->v.idx : -1); /* Convert e2\
            \ to kreg */\n"
          type: text
        type: call
      - output: ''
        type: text
      - input: code /work/src/be_code.c:668
        output:
          output: "661 }\n662 \n663 /* Assign expr e2 to e1 */\n664 /* e1 must be\
            \ in a register and have a valid idx */\n665 /* return 1 if assignment\
            \ was possible, 0 if type is not compatible */\n666 int be_code_setvar(bfuncinfo\
            \ *finfo, bexpdesc *e1, bexpdesc *e2)\n667 {\n668     int src = exp2reg(finfo,\
            \ e2,\n669         e1->type == ETLOCAL ? e1->v.idx : -1); /* Convert e2\
            \ to kreg */\n670         /* If e1 is a local variable, use the register\
            \ */\n"
          type: text
        type: call
      - output: ''
        type: text
      - input: code /work/src/be_code.c:670
        output:
          output: "663 /* Assign expr e2 to e1 */\n664 /* e1 must be in a register\
            \ and have a valid idx */\n665 /* return 1 if assignment was possible,\
            \ 0 if type is not compatible */\n666 int be_code_setvar(bfuncinfo *finfo,\
            \ bexpdesc *e1, bexpdesc *e2)\n667 {\n668     int src = exp2reg(finfo,\
            \ e2,\n669         e1->type == ETLOCAL ? e1->v.idx : -1); /* Convert e2\
            \ to kreg */\n670         /* If e1 is a local variable, use the register\
            \ */\n671 \n672     if (e1->type != ETLOCAL || e1->v.idx != src) {\n673\
            \         free_expreg(finfo, e2); /* free source (checks only ETREG) */\
            \ /* TODO e2 is at top */\n"
          type: text
        type: call
      - output: ''
        type: text
      - input: code /work/src/be_code.c:672
        output:
          output: "665 /* return 1 if assignment was possible, 0 if type is not compatible\
            \ */\n666 int be_code_setvar(bfuncinfo *finfo, bexpdesc *e1, bexpdesc\
            \ *e2)\n667 {\n668     int src = exp2reg(finfo, e2,\n669         e1->type\
            \ == ETLOCAL ? e1->v.idx : -1); /* Convert e2 to kreg */\n670        \
            \ /* If e1 is a local variable, use the register */\n671 \n672     if\
            \ (e1->type != ETLOCAL || e1->v.idx != src) {\n673         free_expreg(finfo,\
            \ e2); /* free source (checks only ETREG) */ /* TODO e2 is at top */\n\
            674     }\n675     switch (e1->type) {\n"
          type: text
        type: call
      - output: ''
        type: text
      - input: code /work/src/be_code.c:675
        output:
          output: "668     int src = exp2reg(finfo, e2,\n669         e1->type == ETLOCAL\
            \ ? e1->v.idx : -1); /* Convert e2 to kreg */\n670         /* If e1 is\
            \ a local variable, use the register */\n671 \n672     if (e1->type !=\
            \ ETLOCAL || e1->v.idx != src) {\n673         free_expreg(finfo, e2);\
            \ /* free source (checks only ETREG) */ /* TODO e2 is at top */\n674 \
            \    }\n675     switch (e1->type) {\n676     case ETLOCAL: /* It can't\
            \ be ETREG. */\n677         if (e1->v.idx != src) {\n678             code_move(finfo,\
            \ e1->v.idx, src); /* do explicit move only if needed */\n"
          type: text
        type: call
      - output: ''
        type: text
      - input: code /work/src/be_code.c:679
        output:
          output: |
            672     if (e1->type != ETLOCAL || e1->v.idx != src) {
            673         free_expreg(finfo, e2); /* free source (checks only ETREG) */ /* TODO e2 is at top */
            674     }
            675     switch (e1->type) {
            676     case ETLOCAL: /* It can't be ETREG. */
            677         if (e1->v.idx != src) {
            678             code_move(finfo, e1->v.idx, src); /* do explicit move only if needed */
            679         }
            680         break;
            681     case ETGLOBAL: /* store to grobal R(A) -> G(Bx) by global index */
            682         setsupvar(finfo, OP_SETGBL, e1, src);
          type: text
        type: call
      - output: ''
        type: text
      - input: code /work/src/be_code.c:681
        output:
          output: |
            674     }
            675     switch (e1->type) {
            676     case ETLOCAL: /* It can't be ETREG. */
            677         if (e1->v.idx != src) {
            678             code_move(finfo, e1->v.idx, src); /* do explicit move only if needed */
            679         }
            680         break;
            681     case ETGLOBAL: /* store to grobal R(A) -> G(Bx) by global index */
            682         setsupvar(finfo, OP_SETGBL, e1, src);
            683         break;
            684     case ETNGLOBAL: /* store to global R(A) -> G(Bx) by name */
          type: text
        type: call
      - output: ''
        type: text
      - input: code /work/src/be_code.c:687
        output:
          output: |
            680         break;
            681     case ETGLOBAL: /* store to grobal R(A) -> G(Bx) by global index */
            682         setsupvar(finfo, OP_SETGBL, e1, src);
            683         break;
            684     case ETNGLOBAL: /* store to global R(A) -> G(Bx) by name */
            685         setbgblvar(finfo, OP_SETNGBL, e1, src);
            686         break;
            687     case ETUPVAL:
            688         setsupvar(finfo, OP_SETUPV, e1, src);
            689         break;
            690     case ETMEMBER: /* store to member R(A).RK(B) <- RK(C) */
          type: text
        type: call
      - output: ''
        type: text
      - input: code /work/src/be_code.c:690
        output:
          output: |
            683         break;
            684     case ETNGLOBAL: /* store to global R(A) -> G(Bx) by name */
            685         setbgblvar(finfo, OP_SETNGBL, e1, src);
            686         break;
            687     case ETUPVAL:
            688         setsupvar(finfo, OP_SETUPV, e1, src);
            689         break;
            690     case ETMEMBER: /* store to member R(A).RK(B) <- RK(C) */
            691         setsfxvar(finfo, OP_SETMBR, e1, src);
            692         break;
            693     case ETINDEX: /* store to member R(A)[RK(B)] <- RK(C) */
          type: text
        type: call
      - output: ''
        type: text
      - input: |
          info functions be_code_freereg
          info functions free_expreg
          info functions freereg
        output:
          output: |
            All functions matching regular expression "be_code_freereg":
            All functions matching regular expression "free_expreg":
            All functions matching regular expression "freereg":
          type: text
        type: call
      - output: ''
        type: text
      - input: shell grep -n "static.*free_expreg\|free_expreg\|free_suffix\|be_code_allocregs\|freeregs"
          /work/src/be_code.c
        output:
          output: ''
          type: text
        type: call
      - output: ''
        type: text
      - input: code /work/src/be_code.c:40
        output:
          output: "34 #if BE_USE_SCRIPT_COMPILER\n35 \n36 static int var2reg(bfuncinfo\
            \ *finfo, bexpdesc *e, int dst);\n37 \n38 #if BE_DEBUG_RUNTIME_INFO\n\
            39 static void codelineinfo(bfuncinfo *finfo)\n40 {\n41     bvector *vec\
            \ = &finfo->linevec;\n42     int line = finfo->lexer->lastline;\n43  \
            \   blineinfo *li = be_vector_end(vec);\n"
          type: text
        type: call
      - output: ''
        type: text
      - input: code /work/src/be_code.c:120
        output:
          output: "113 }\n114 \n115 /* Privat. Allocate `count` new registers on the\
            \ stack and uptade protos max nstack accordingly */\n116 /* Note: deallocate\
            \ is simpler and handled by a macro */\n117 static void allocstack(bfuncinfo\
            \ *finfo, int count)\n118 {\n119     int nstack = finfo->freereg + count;\n\
            120     if (nstack > finfo->proto->nstack) {\n121         if (nstack >=\
            \ 255) {\n122             be_lexerror(finfo->lexer, \"register overflow\
            \ (more than 255)\");\n123         }\n"
          type: text
        type: call
      - output: ''
        type: text
      - input: code /work/src/be_code.c:117
        output:
          output: "110     if (e && e->type == ETREG) {\n111         be_code_freeregs(finfo,\
            \ 1);\n112     }\n113 }\n114 \n115 /* Privat. Allocate `count` new registers\
            \ on the stack and uptade protos max nstack accordingly */\n116 /* Note:\
            \ deallocate is simpler and handled by a macro */\n117 static void allocstack(bfuncinfo\
            \ *finfo, int count)\n118 {\n119     int nstack = finfo->freereg + count;\n\
            120     if (nstack > finfo->proto->nstack) {\n"
          type: text
        type: call
      - output: ''
        type: text
      - input: code /work/src/be_code.c:80
        output:
          output: "73         | ISET_RA(a) | ISET_RKB(b) | ISET_RKC(c));\n74 }\n75\
            \ \n76 static int codeABx(bfuncinfo *finfo, bopcode op, int a, int bx)\n\
            77 {\n78     return codeinst(finfo, ISET_OP(op) | ISET_RA(a) | ISET_Bx(bx));\n\
            79 }\n80 \n81 /* Move value from register b to register a */\n82 /* Check\
            \ the previous instruction to compact both instruction as one if possible\
            \ */\n83 /* If b is a constant, add LDCONST or add MOVE otherwise */\n"
          type: text
        type: call
      - output: ''
        type: text
      - input: code /work/src/be_code.c:100
        output:
          output: |2
             93                 *i = (*i & ~IRA_MASK) | ISET_RA(a);
             94                 return;
             95             }
             96         }
             97     }
             98     if (isK(b)) {
             99         codeABx(finfo, OP_LDCONST, a, b & 0xFF);
            100     } else {
            101         codeABC(finfo, OP_MOVE, a, b, 0);
            102     }
            103 }
          type: text
        type: call
      - output: ''
        type: text
      - input: code /work/src/be_code.c:104
        output:
          output: " 97     }\n 98     if (isK(b)) {\n 99         codeABx(finfo, OP_LDCONST,\
            \ a, b & 0xFF);\n100     } else {\n101         codeABC(finfo, OP_MOVE,\
            \ a, b, 0);\n102     }\n103 }\n104 \n105 /* Free register at top (checks\
            \ that its a register) */\n106 /* Warning: the register must be at top\
            \ of stack */\n107 static void free_expreg(bfuncinfo *finfo, bexpdesc\
            \ *e)\n"
          type: text
        type: call
      - output: ''
        type: text
      - input: code /work/src/be_code.c:105
        output:
          output: " 98     if (isK(b)) {\n 99         codeABx(finfo, OP_LDCONST, a,\
            \ b & 0xFF);\n100     } else {\n101         codeABC(finfo, OP_MOVE, a,\
            \ b, 0);\n102     }\n103 }\n104 \n105 /* Free register at top (checks\
            \ that its a register) */\n106 /* Warning: the register must be at top\
            \ of stack */\n107 static void free_expreg(bfuncinfo *finfo, bexpdesc\
            \ *e)\n108 {\n"
          type: text
        type: call
      - output: ''
        type: text
      - input: code /work/src/be_code.c:107
        output:
          output: "100     } else {\n101         codeABC(finfo, OP_MOVE, a, b, 0);\n\
            102     }\n103 }\n104 \n105 /* Free register at top (checks that its a\
            \ register) */\n106 /* Warning: the register must be at top of stack */\n\
            107 static void free_expreg(bfuncinfo *finfo, bexpdesc *e)\n108 {\n109\
            \     /* release temporary register */\n110     if (e && e->type == ETREG)\
            \ {\n"
          type: text
        type: call
      - output: ''
        type: text
      - input: code /work/src/be_code.c:109
        output:
          output: "102     }\n103 }\n104 \n105 /* Free register at top (checks that\
            \ its a register) */\n106 /* Warning: the register must be at top of stack\
            \ */\n107 static void free_expreg(bfuncinfo *finfo, bexpdesc *e)\n108\
            \ {\n109     /* release temporary register */\n110     if (e && e->type\
            \ == ETREG) {\n111         be_code_freeregs(finfo, 1);\n112     }\n"
          type: text
        type: call
      - output: ''
        type: text
      - input: shell grep -R "#define be_code_freeregs\|be_code_freeregs" -n /work/src
          /work/include
        output:
          output: ''
          type: text
        type: call
      - output: ''
        type: text
      - input: code /work/src/be_code.h:1
        output:
          output: |
            1 /********************************************************************
            2 ** Copyright (c) 2018-2020 Guan Wenliang
            3 ** This file is part of the Berry default interpreter.
            4 ** skiars@qq.com, https://github.com/Skiars/berry
          type: text
        type: call
      - output: ''
        type: text
      - input: shell grep -R "freeregs" -n /work
        output:
          output: ''
          type: text
        type: call
      - output: ''
        type: text
      - input: code /work/src/be_code.h:100
        output:
          output: |2+

          type: text
        type: call
      - output: ''
        type: text
      - input: shell find /work -name 'be_code.h' -o -name '*.h' | xargs grep -n "freeregs\|allocregs"
          | head -50
        output:
          output: ''
          type: text
        type: call
      - output: ''
        type: text
      - input: |
          info functions allocregs
          info functions freereg
          info macros be_code_freeregs
        output:
          output: Function "be_code_freeregs" not defined.
          type: text
        type: call
      - output: ''
        type: text
      - input: shell grep -R "freereg" -n /work/src /work/include 2>/dev/null | head
          -200
        output:
          output: ''
          type: text
        type: call
      - output: ''
        type: text
      - input: code /work/src/be_code.c:760
        output:
          output: "753     } else if (e->type == ETNGLOBAL) { /* store R(A) -> GLOBAL[RK(B)]\
            \ */\n754         codeABC(finfo, OP_SETNGBL, reg, e->v.idx, 0);\n755 \
            \    }\n756 }\n757 \n758 void be_code_close(bfuncinfo *finfo, int isret)\n\
            759 {\n760     bblockinfo *binfo = finfo->binfo;\n761     if (isret) {\
            \ /* in 'return' */\n762         while (binfo && !binfo->hasupval) {\n\
            763             binfo = binfo->prev;\n"
          type: text
        type: call
      - output: ''
        type: text
      - input: code /work/src/be_code.c:810
        output:
          output: "803     } else {\n804         be_code_close(finfo, 1);\n805   \
            \      codeABC(finfo, OP_RET, 0, 0, 0);\n806     }\n807 }\n808 \n809 /*\
            \ Package a suffix object from `c` with key `k` */\n810 /* Both expdesc\
            \ are materialized in kregs */\n811 static void package_suffix(bfuncinfo\
            \ *finfo, bexpdesc *c, bexpdesc *k)\n812 {\n813     int key = exp2anyreg(finfo,\
            \ k);\n"
          type: text
        type: call
      - output: ''
        type: text
      - input: code /work/src/be_code.c:811
        output:
          output: "804         be_code_close(finfo, 1);\n805         codeABC(finfo,\
            \ OP_RET, 0, 0, 0);\n806     }\n807 }\n808 \n809 /* Package a suffix object\
            \ from `c` with key `k` */\n810 /* Both expdesc are materialized in kregs\
            \ */\n811 static void package_suffix(bfuncinfo *finfo, bexpdesc *c, bexpdesc\
            \ *k)\n812 {\n813     int key = exp2anyreg(finfo, k);\n814     c->v.ss.obj\
            \ = exp2anyreg(finfo, c);\n"
          type: text
        type: call
      - output: ''
        type: text
      - input: code /work/src/be_code.c:813
        output:
          output: "806     }\n807 }\n808 \n809 /* Package a suffix object from `c`\
            \ with key `k` */\n810 /* Both expdesc are materialized in kregs */\n\
            811 static void package_suffix(bfuncinfo *finfo, bexpdesc *c, bexpdesc\
            \ *k)\n812 {\n813     int key = exp2anyreg(finfo, k);\n814     c->v.ss.obj\
            \ = exp2anyreg(finfo, c);\n815     c->v.ss.tt = c->type;\n816     c->v.ss.idx\
            \ = key;\n"
          type: text
        type: call
      - output: ''
        type: text
      - input: code /work/src/be_code.c:817
        output:
          output: "810 /* Both expdesc are materialized in kregs */\n811 static void\
            \ package_suffix(bfuncinfo *finfo, bexpdesc *c, bexpdesc *k)\n812 {\n\
            813     int key = exp2anyreg(finfo, k);\n814     c->v.ss.obj = exp2anyreg(finfo,\
            \ c);\n815     c->v.ss.tt = c->type;\n816     c->v.ss.idx = key;\n817\
            \ }\n818 \n819 int be_code_nglobal(bfuncinfo *finfo, bexpdesc *k)\n820\
            \ {\n"
          type: text
        type: call
      - output: ''
        type: text
      - input: code /work/src/be_code.c:830
        output:
          output: "824 /* Package a MEMBER suffix object from `c` with key `k` */\n\
            825 void be_code_member(bfuncinfo *finfo, bexpdesc *c, bexpdesc *k)\n\
            826 {\n827     package_suffix(finfo, c, k);\n828     c->type = ETMEMBER;\n\
            829 }\n830 \n831 /* Package a INDEX suffix object from `c` with key `k`\
            \ */\n832 void be_code_index(bfuncinfo *finfo, bexpdesc *c, bexpdesc *k)\n\
            833 {\n"
          type: text
        type: call
      - output: ''
        type: text
      - input: code /work/src/be_code.c:702
        output:
          output: "695         break;\n696     default:\n697         return 1;\n698\
            \     }\n699     return 0;\n700 }\n701 \n702 /* Get the expdesc as a register\
            \ */\n703 /* if already in a register, use the existing register */\n\
            704 /* if local or const, allocate a new register and copy value */\n\
            705 int be_code_nextreg(bfuncinfo *finfo, bexpdesc *e)\n"
          type: text
        type: call
      - output: ''
        type: text
      - input: code /work/src/be_code.c:702
        output:
          output: "695         break;\n696     default:\n697         return 1;\n698\
            \     }\n699     return 0;\n700 }\n701 \n702 /* Get the expdesc as a register\
            \ */\n703 /* if already in a register, use the existing register */\n\
            704 /* if local or const, allocate a new register and copy value */\n\
            705 int be_code_nextreg(bfuncinfo *finfo, bexpdesc *e)\n"
          type: text
        type: call
      - output: ''
        type: text
      - input: code /work/src/be_code.c:705
        output:
          output: "698     }\n699     return 0;\n700 }\n701 \n702 /* Get the expdesc\
            \ as a register */\n703 /* if already in a register, use the existing\
            \ register */\n704 /* if local or const, allocate a new register and copy\
            \ value */\n705 int be_code_nextreg(bfuncinfo *finfo, bexpdesc *e)\n706\
            \ {\n707     int dst = finfo->freereg;\n708     int src = exp2anyreg(finfo,\
            \ e); /* get variable register index */\n"
          type: text
        type: call
      - output: ''
        type: text
      - input: code /work/src/be_code.c:707
        output:
          output: "700 }\n701 \n702 /* Get the expdesc as a register */\n703 /* if\
            \ already in a register, use the existing register */\n704 /* if local\
            \ or const, allocate a new register and copy value */\n705 int be_code_nextreg(bfuncinfo\
            \ *finfo, bexpdesc *e)\n706 {\n707     int dst = finfo->freereg;\n708\
            \     int src = exp2anyreg(finfo, e); /* get variable register index */\n\
            709     if (e->type != ETREG) { /* move local and const to new register\
            \ */\n710         code_move(finfo, dst, src);\n"
          type: text
        type: call
      - output: ''
        type: text
      - input: code /work/src/be_code.c:709
        output:
          output: |
            702 /* Get the expdesc as a register */
            703 /* if already in a register, use the existing register */
            704 /* if local or const, allocate a new register and copy value */
            705 int be_code_nextreg(bfuncinfo *finfo, bexpdesc *e)
            706 {
            707     int dst = finfo->freereg;
            708     int src = exp2anyreg(finfo, e); /* get variable register index */
            709     if (e->type != ETREG) { /* move local and const to new register */
            710         code_move(finfo, dst, src);
            711         be_code_allocregs(finfo, 1);
            712     } else {
          type: text
        type: call
      - output: ''
        type: text
      - input: code /work/src/be_code.c:713
        output:
          output: |
            706 {
            707     int dst = finfo->freereg;
            708     int src = exp2anyreg(finfo, e); /* get variable register index */
            709     if (e->type != ETREG) { /* move local and const to new register */
            710         code_move(finfo, dst, src);
            711         be_code_allocregs(finfo, 1);
            712     } else {
            713         dst = src;
            714     }
            715     return dst;
            716 }
          type: text
        type: call
      - output: ''
        type: text
      - input: code /work/src/be_code.c:718
        output:
          output: "711         be_code_allocregs(finfo, 1);\n712     } else {\n713\
            \         dst = src;\n714     }\n715     return dst;\n716 }\n717 \n718\
            \ int be_code_getmethod(bfuncinfo *finfo, bexpdesc *e)\n719 {\n720   \
            \  int dst = finfo->freereg;\n721     be_assert(e->type == ETMEMBER);\n"
          type: text
        type: call
      - output: ''
        type: text
      - input: |
          info functions be_code_allocregs
        output:
          output: |
            All functions matching regular expression "be_code_allocregs":

            Non-debugging symbols:
            0x0000555555579230  be_code_allocregs
          type: text
        type: call
      - output: ''
        type: text
      - input: code /work/src/be_code.c:930
        output:
          output: |2+

          type: text
        type: call
      - output: ''
        type: text
      - input: shell grep -n "void be_code_allocregs\|be_code_allocregs" /work/src/be_code.c
          /work/src/*.h /work/include/*.h 2>/dev/null
        output:
          output: ''
          type: text
        type: call
      - output: ''
        type: text
      - input: shell wc -l /work/src/be_code.c && sed -n '850,930p' /work/src/be_code.c
        output:
          output: ''
          type: text
        type: call
      - output: ''
        type: text
      - input: |
          frame 1
          info registers rdi rsi rbx rbp rax
          x/bx $rbx+0xd4
          x/gx $rbx+0x8
          x/bx *(void**)($rbx+0x8)+0xa
        output:
          output: |
            rdi            0x5555555912a0      93824992481952
            rsi            0x55555557f1e3      93824992408035
            rbx            0x7fffffffc720      140737488340768
            rbp            0x100               0x100
            rax            0x8                 8
            0x7fffffffc7f4: 0xff
            0x7fffffffc728: 0x0000555555592fa0
            0x555555592faa: 0x04
          type: text
        type: call
      - output: ''
        type: text
      - input: |
          frame 6
          info registers
          x/64gx $rsp
        output:
          output: |
            rax            0x8                 8
            rbx            0x7fffffffc680      140737488340608
            rcx            0x1c0               448
            rdx            0x555555595540      93824992499008
            rsi            0x55555557f1e3      93824992408035
            rdi            0x5555555912a0      93824992481952
            rbp            0x555555581ba0      0x555555581ba0
            rsp            0x7fffffffc590      0x7fffffffc590
            r8             0x1                 1
            r9             0x7                 7
            r10            0x7fffffffc2d1      140737488339665
            r11            0x6                 6
            r12            0x1                 1
            r13            0x555555594540      93824992494912
            r14            0x7fffffffc5c0      140737488340416
            r15            0x7fffffffc5e0      140737488340448
            rip            0x55555557c383      0x55555557c383 <stmtlist+4371>
            eflags         0x246               [ PF ZF IF ]
            cs             0x33                51
            ss             0x2b                43
            ds             0x0                 0
            es             0x0                 0
            fs             0x0                 0
            gs             0x0                 0
            k0             0x0                 0
            k1             0x0                 0
            k2             0x0                 0
            k3             0x0                 0
            k4             0x0                 0
            k5             0x0                 0
            k6             0x0                 0
            k7             0x0                 0
            fs_base        0x155555151380      23456243848064
            gs_base        0x0                 0
            0x7fffffffc590: 0x0000555555591440      0x0000555555594390
            0x7fffffffc5a0: 0x0000000000000015      0x00005555555912a0
            0x7fffffffc5b0: 0x0000000000000000      0x0000555555571988
            0x7fffffffc5c0: 0x0000000000000000      0xffffffffffffffff
            0x7fffffffc5d0: 0x0000000000000d00      0x0000000000000008
            0x7fffffffc5e0: 0x0000000000000000      0xffffffffffffffff
            0x7fffffffc5f0: 0x0000000000000d00      0x0000555555577989
            0x7fffffffc600: 0x0000000000000001      0xffffffffffffffff
            0x7fffffffc610: 0x0000000000000d00      0x4b41e505579fc400
            0x7fffffffc620: 0x0000555555592fa0      0x00005555555912a0
            0x7fffffffc630: 0x00007fffffffc680      0x0000555555591ea0
            0x7fffffffc640: 0x0000555555592fa0      0x0000555555572610
            0x7fffffffc650: 0x0000555555591d90      0x000055555557d5a1
            0x7fffffffc660: 0x0000000000000000      0x0000155555000000
            0x7fffffffc670: 0x0000155500000000      0x0000555500000001
            0x7fffffffc680: 0x00007fffffffd0b8      0x0000000000000038
            0x7fffffffc690: 0x0000555555593310      0x0000006100000061
            0x7fffffffc6a0: 0x0000155500000000      0x0000555555591ed0
            0x7fffffffc6b0: 0x0000000000000000      0x0000000000000020
            0x7fffffffc6c0: 0x0000555555591e85      0x0000000000000013
            0x7fffffffc6d0: 0x0000555555591d90      0x0000555555572610
            0x7fffffffc6e0: 0x0000555555591f00      0x00005555555912a0
            0x7fffffffc6f0: 0x000000080000000a      0x00005555555912a0
            0x7fffffffc700: 0x00007fffffffc720      0x0000555555591ea0
            0x7fffffffc710: 0x0000000000000000      0x00001555555347a9
            0x7fffffffc720: 0x0000000000000000      0x0000555555592fa0
            0x7fffffffc730: 0x00007fffffffc660      0x00007fffffffc680
            0x7fffffffc740: 0x0000555555593090      0x00005555555930f0
            0x7fffffffc750: 0x0000000400000180      0x000000000000010c
            0x7fffffffc760: 0x0000555555598ae0      0x0000555555598f0c
            0x7fffffffc770: 0x000000100000001c      0x000015550000001b
            0x7fffffffc780: 0x0000555555598910      0x0000555555598ab0
          type: text
        type: call
      - output: ''
        type: text
      - input: |
          set confirm off
          kill
          disable 2 10
          break be_code_setvar
          commands
          silent
          printf "setvar finfo=%p freereg=%d e1type=%d e1idx=%d e2type=%d e2idx=%d line?\n", $rdi, *(unsigned char*)($rdi+0xd4), *(int*)$rsi, *(int*)($rsi+8), *(int*)$rdx, *(int*)($rdx+8)
          continue
          end
          run
        output:
          output: |
            [Inferior 1 (process 2360) killed]
            Breakpoint 11 at 0x555555579950
          type: text
        type: call
      - output: ''
        type: text
      - input: |
          run
        output:
          output: ''
          type: text
        type: call
      - output: ''
        type: text
      - input: |
          info program
          bt
          info breakpoints
        output:
          output: |
            Last stopped for thread 1 (process 4556).
                    Using the running image of child process 4556.
            Program stopped at 0x1555551c8a40.
            It stopped at breakpoint 5.
            #0  0x00001555551c8a40 in exit () from /lib/x86_64-linux-gnu/libc.so.6
            #1  0x00001555551a608a in __libc_start_main () from /lib/x86_64-linux-gnu/libc.so.6
            #2  0x000055555555fe9e in _start ()
            Num     Type           Disp Enb Address            What
            1       catchpoint     keep y                      exec
                    silent
                    continue
            2       breakpoint     keep n   0x00005555555641e0 <be_raise>
            3       breakpoint     keep y   0x00001555551a472e <abort>
            4       breakpoint     keep y   0x00001555551b5f90 <__assert_fail>
            5       breakpoint     keep y   0x00001555551c8a40 <exit>
                    breakpoint already hit 1 time
            6       breakpoint     keep y   0x0000155555265110 <_exit>
            8       breakpoint     keep n   0x000055555556cf50 <be_class_attribute>
            9       breakpoint     keep n   0x000055555556cfb0 <be_member_bind>
            10      breakpoint     keep n   0x00005555555641e0 <be_raise>
            11      breakpoint     keep y   0x0000555555579950 <be_code_setvar>
                    breakpoint already hit 22 times
                    silent
                    printf "setvar finfo=%p freereg=%d e1type=%d e1idx=%d e2type=%d e2idx=%d line?\n", $rdi, *(unsigned char*)($rdi+0xd4), *(int*)$rsi, *(int*)($rsi+8), *(int*)$rdx, *(int*)($rdx+8)
                    continue
          type: text
        type: call
      - output: ''
        type: text
      - input: code /work/src/be_code.c:840
        output:
          output: "833 {\n834     package_suffix(finfo, c, k);\n835     c->type =\
            \ ETINDEX;\n836 }\n837 \n838 void be_code_class(bfuncinfo *finfo, bexpdesc\
            \ *dst, bclass *c)\n839 {\n840     int src;\n841     bvalue var;\n842\
            \     var_setclass(&var, c);  /* new var of CLASS type */\n843     src\
            \ = newconst(finfo, &var);  /* allocate a new constant and return kreg\
            \ */\n"
          type: text
        type: call
      - output: ''
        type: text
      - input: code /work/src/be_code.c:838
        output:
          output: "831 /* Package a INDEX suffix object from `c` with key `k` */\n\
            832 void be_code_index(bfuncinfo *finfo, bexpdesc *c, bexpdesc *k)\n833\
            \ {\n834     package_suffix(finfo, c, k);\n835     c->type = ETINDEX;\n\
            836 }\n837 \n838 void be_code_class(bfuncinfo *finfo, bexpdesc *dst, bclass\
            \ *c)\n839 {\n840     int src;\n841     bvalue var;\n"
          type: text
        type: call
      - output: ''
        type: text
      - input: code /work/src/be_code.c:843
        output:
          output: "836 }\n837 \n838 void be_code_class(bfuncinfo *finfo, bexpdesc\
            \ *dst, bclass *c)\n839 {\n840     int src;\n841     bvalue var;\n842\
            \     var_setclass(&var, c);  /* new var of CLASS type */\n843     src\
            \ = newconst(finfo, &var);  /* allocate a new constant and return kreg\
            \ */\n844     if (dst->type == ETLOCAL) {  /* if target is a local variable,\
            \ just assign */\n845         codeABx(finfo, OP_LDCONST, dst->v.idx, src);\n\
            846     } else if (dst->type == ETGLOBAL) {  /* otherwise set as global\
            \ with same name as class name */\n"
          type: text
        type: call
      - output: ''
        type: text
      - input: code /work/src/be_code.c:843
        output:
          output: "836 }\n837 \n838 void be_code_class(bfuncinfo *finfo, bexpdesc\
            \ *dst, bclass *c)\n839 {\n840     int src;\n841     bvalue var;\n842\
            \     var_setclass(&var, c);  /* new var of CLASS type */\n843     src\
            \ = newconst(finfo, &var);  /* allocate a new constant and return kreg\
            \ */\n844     if (dst->type == ETLOCAL) {  /* if target is a local variable,\
            \ just assign */\n845         codeABx(finfo, OP_LDCONST, dst->v.idx, src);\n\
            846     } else if (dst->type == ETGLOBAL) {  /* otherwise set as global\
            \ with same name as class name */\n"
          type: text
        type: call
      - output: ''
        type: text
      - input: code /work/src/be_code.c:847
        output:
          output: |
            840     int src;
            841     bvalue var;
            842     var_setclass(&var, c);  /* new var of CLASS type */
            843     src = newconst(finfo, &var);  /* allocate a new constant and return kreg */
            844     if (dst->type == ETLOCAL) {  /* if target is a local variable, just assign */
            845         codeABx(finfo, OP_LDCONST, dst->v.idx, src);
            846     } else if (dst->type == ETGLOBAL) {  /* otherwise set as global with same name as class name */
            847         codeABx(finfo, OP_LDCONST, finfo->freereg, src);
            848         codeABx(finfo, OP_SETGBL, finfo->freereg, dst->v.idx);
            849     } else if (dst->type == ETNGLOBAL) {
            850         codeABx(finfo, OP_LDCONST, finfo->freereg, src);
          type: text
        type: call
      - output: ''
        type: text
      - input: code /work/src/be_code.c:849
        output:
          output: |
            842     var_setclass(&var, c);  /* new var of CLASS type */
            843     src = newconst(finfo, &var);  /* allocate a new constant and return kreg */
            844     if (dst->type == ETLOCAL) {  /* if target is a local variable, just assign */
            845         codeABx(finfo, OP_LDCONST, dst->v.idx, src);
            846     } else if (dst->type == ETGLOBAL) {  /* otherwise set as global with same name as class name */
            847         codeABx(finfo, OP_LDCONST, finfo->freereg, src);
            848         codeABx(finfo, OP_SETGBL, finfo->freereg, dst->v.idx);
            849     } else if (dst->type == ETNGLOBAL) {
            850         codeABx(finfo, OP_LDCONST, finfo->freereg, src);
            851         codeABC(finfo, OP_SETNGBL, finfo->freereg, dst->v.idx, 0);
            852     }
          type: text
        type: call
      - output: ''
        type: text
      - input: |
          set confirm off
          kill
          break be_code_class
          commands
          silent
          printf "class finfo=%p freereg=%d dsttype=%d dstidx=%d\n", $rdi, *(unsigned char*)($rdi+0xd4), *(int*)$rsi, *(int*)($rsi+8)
          continue
          end
          break be_code_setsuper
          commands
          silent
          printf "setsuper finfo=%p freereg=%d e_type=%d e_idx=%d super_type=%d super_idx=%d\n", $rdi, *(unsigned char*)($rdi+0xd4), *(int*)$rsi, *(int*)($rsi+8), *(int*)$rdx, *(int*)($rdx+8)
          continue
          end
          break *0x55555557d290
          run
        output:
          output: |
            [Inferior 1 (process 4556) killed]
            Breakpoint 12 at 0x555555579df0
            Breakpoint 13 at 0x555555579f50
            Breakpoint 14 at 0x55555557d290
          type: text
        type: call
      - output: ''
        type: text
      - input: |
          continue
        output:
          output: ''
          type: text
        type: call
      - output: ''
        type: text
      - input: |
          info program
          bt
        output:
          output: No stack.
          type: text
        type: call
      - output: ''
        type: text
      - input: code /work/src/be_code.c:850
        output:
          output: |
            843     src = newconst(finfo, &var);  /* allocate a new constant and return kreg */
            844     if (dst->type == ETLOCAL) {  /* if target is a local variable, just assign */
            845         codeABx(finfo, OP_LDCONST, dst->v.idx, src);
            846     } else if (dst->type == ETGLOBAL) {  /* otherwise set as global with same name as class name */
            847         codeABx(finfo, OP_LDCONST, finfo->freereg, src);
            848         codeABx(finfo, OP_SETGBL, finfo->freereg, dst->v.idx);
            849     } else if (dst->type == ETNGLOBAL) {
            850         codeABx(finfo, OP_LDCONST, finfo->freereg, src);
            851         codeABC(finfo, OP_SETNGBL, finfo->freereg, dst->v.idx, 0);
            852     }
            853     codeABx(finfo, OP_CLASS, 0, src);  /* emit CLASS opcode to register class */
          type: text
        type: call
      - output: |-
          ROOT CAUSE: `/work/src/be_parser.c:1365-1378` (`class_static_assignment_expr`)
          emits the static initializer assignment after parsing the right-hand expression.
          For declarations like `class B:A static a=A ... static c=A end`, the parser
          copies the class expression `e` and later calls
          `be_code_member()`/`be_code_setvar()` to assign `B.a = A`. During RHS parsing
          and member packaging, temporary registers are allocated, but this path does not
          preserve/release the class object expression correctly across repeated static
          initializers in a class body. The observed debugger state shows the compiler
          raising `tests/class_const.be:97: register overflow (more than 255)` from
          `be_code_setvar()` while compiling a static initializer, meaning
          `finfo->freereg` has grown to `0xff`. The bad code generation path leaks
          temporary registers for class static assignments, so valid class constants in
          subclasses are compiled incorrectly and the test oracle fails even though the
          process exits normally.

          LOCAL FIX: Ensure the temporary register(s) used to build the member assignment
          for a class static initializer are released after emitting the assignment.
          Minimal fix in `class_static_assignment_expr`:

          ```diff
           static void class_static_assignment_expr(bparser *parser, bexpdesc *e, bstring *name)
           {
               if (match_skip(parser, OptAssign)) { /* '=' */
                   bexpdesc e1, e2;
          +        int oldreg = parser->finfo->freereg;
                   /* parse the right expression */
                   expr(parser, &e2);

                   e1 = *e;        /* copy the class description */
                   bexpdesc key;   /* build the member key */
                   init_exp(&key, ETSTRING, 0);
                   key.v.s = name;

                   be_code_member(parser->finfo, &e1, &key);   /* compute member accessor */
                   be_code_setvar(parser->finfo, &e1, &e2);    /* set member */
          +        parser->finfo->freereg = oldreg;
               }
           }
          ```

          A more targeted equivalent would be to call the existing register-freeing API
          for the specific suffix temporaries instead of restoring `freereg` blindly, but
          the key local fix is: do not let class static initializer temporaries
          permanently advance `finfo->freereg`.

          GLOBAL FIX: Make expression/codegen register ownership explicit instead of
          relying on ad-hoc manual balancing in parser routines. Introduce a scoped
          temporary-register guard/API, e.g. `reg_scope_begin(finfo)` /
          `reg_scope_end(finfo, mark)`, and require all parser constructs that emit
          temporary expression code, especially suffix/member assignment helpers, to
          restore to the saved mark automatically. Also add compiler regression tests for
          many repeated `static x = expr` declarations and subclass static initializers so
          register leaks are caught before they become bytecode/runtime misbehavior.
        type: text
      type: chat
    prompt: "Source file: `src/be_parser.c`\nExpected behavior: runs to completion\
      \ but the test oracle considers the output incorrect\nDescription: bug_type=other;\
      \ observed=exit_code:0\n\nThe program has this stack trace:\n```\n0: exit()\n\
      1: __libc_start_main()\n2: _start()\n```\n\nThe program encountered the following\
      \ error:\n```\nThe bugscpp test for this bug failed: the program exited with\
      \ code 0 but the test oracle expected a passing run. The program does not crash\
      \ \u2014 the defect causes incorrect behavior that the test catches.\n```\n\
      project=berry; language=c; workspace=/work; bug_type=other; trigger=bash -c\
      \ bash -c ./berry \n\nThis was the command line:\n```\n/work/berry tests/class_const.be\n\
      ```\n\nWhat is the root cause of this crash? Walk through the program state,\
      \ identify the defect, and propose a fix in code. Cover both a minimal local\
      \ fix and a more thorough root-cause fix if they differ."
